mode: set
psychic-homily-backend/internal/api/middleware/jwt.go:33.85,34.46 1 1
psychic-homily-backend/internal/api/middleware/jwt.go:34.46,35.72 1 1
psychic-homily-backend/internal/api/middleware/jwt.go:35.72,48.24 7 1
psychic-homily-backend/internal/api/middleware/jwt.go:48.24,51.58 2 1
psychic-homily-backend/internal/api/middleware/jwt.go:51.58,54.6 2 1
psychic-homily-backend/internal/api/middleware/jwt.go:58.4,58.19 1 1
psychic-homily-backend/internal/api/middleware/jwt.go:58.19,60.41 2 1
psychic-homily-backend/internal/api/middleware/jwt.go:60.41,63.6 2 1
psychic-homily-backend/internal/api/middleware/jwt.go:66.4,66.19 1 1
psychic-homily-backend/internal/api/middleware/jwt.go:66.19,72.5 3 1
psychic-homily-backend/internal/api/middleware/jwt.go:74.4,80.18 3 1
psychic-homily-backend/internal/api/middleware/jwt.go:80.18,85.80 4 1
psychic-homily-backend/internal/api/middleware/jwt.go:85.80,88.6 2 1
psychic-homily-backend/internal/api/middleware/jwt.go:90.5,95.11 3 1
psychic-homily-backend/internal/api/middleware/jwt.go:98.4,104.41 3 0
psychic-homily-backend/internal/api/middleware/jwt.go:114.144,117.28 2 1
psychic-homily-backend/internal/api/middleware/jwt.go:117.28,119.3 1 1
psychic-homily-backend/internal/api/middleware/jwt.go:122.2,124.57 2 1
psychic-homily-backend/internal/api/middleware/jwt.go:124.57,129.77 3 1
psychic-homily-backend/internal/api/middleware/jwt.go:129.77,131.4 1 1
psychic-homily-backend/internal/api/middleware/jwt.go:133.3,142.23 5 1
psychic-homily-backend/internal/api/middleware/jwt.go:142.23,145.57 2 1
psychic-homily-backend/internal/api/middleware/jwt.go:145.57,148.5 2 1
psychic-homily-backend/internal/api/middleware/jwt.go:152.3,152.18 1 1
psychic-homily-backend/internal/api/middleware/jwt.go:152.18,153.52 1 1
psychic-homily-backend/internal/api/middleware/jwt.go:153.52,155.72 2 1
psychic-homily-backend/internal/api/middleware/jwt.go:155.72,158.6 2 1
psychic-homily-backend/internal/api/middleware/jwt.go:162.3,162.18 1 1
psychic-homily-backend/internal/api/middleware/jwt.go:162.18,168.4 3 1
psychic-homily-backend/internal/api/middleware/jwt.go:170.3,177.47 3 1
psychic-homily-backend/internal/api/middleware/jwt.go:177.47,180.18 2 1
psychic-homily-backend/internal/api/middleware/jwt.go:180.18,186.5 3 1
psychic-homily-backend/internal/api/middleware/jwt.go:188.4,191.5 2 0
psychic-homily-backend/internal/api/middleware/jwt.go:192.9,195.18 2 1
psychic-homily-backend/internal/api/middleware/jwt.go:195.18,200.80 4 1
psychic-homily-backend/internal/api/middleware/jwt.go:200.80,203.6 2 1
psychic-homily-backend/internal/api/middleware/jwt.go:205.5,211.11 3 1
psychic-homily-backend/internal/api/middleware/jwt.go:214.4,217.5 2 0
psychic-homily-backend/internal/api/middleware/jwt.go:221.3,223.20 2 0
psychic-homily-backend/internal/api/middleware/jwt.go:230.139,231.57 1 1
psychic-homily-backend/internal/api/middleware/jwt.go:231.57,235.77 3 1
psychic-homily-backend/internal/api/middleware/jwt.go:235.77,237.4 1 0
psychic-homily-backend/internal/api/middleware/jwt.go:239.3,248.23 5 1
psychic-homily-backend/internal/api/middleware/jwt.go:248.23,250.57 2 1
psychic-homily-backend/internal/api/middleware/jwt.go:250.57,253.5 2 1
psychic-homily-backend/internal/api/middleware/jwt.go:257.3,257.18 1 1
psychic-homily-backend/internal/api/middleware/jwt.go:257.18,258.52 1 1
psychic-homily-backend/internal/api/middleware/jwt.go:258.52,260.72 2 1
psychic-homily-backend/internal/api/middleware/jwt.go:260.72,263.6 2 1
psychic-homily-backend/internal/api/middleware/jwt.go:267.3,267.18 1 1
psychic-homily-backend/internal/api/middleware/jwt.go:267.18,273.4 3 1
psychic-homily-backend/internal/api/middleware/jwt.go:275.3,281.17 3 1
psychic-homily-backend/internal/api/middleware/jwt.go:281.17,286.79 4 1
psychic-homily-backend/internal/api/middleware/jwt.go:286.79,289.5 2 1
psychic-homily-backend/internal/api/middleware/jwt.go:291.4,296.10 3 1
psychic-homily-backend/internal/api/middleware/jwt.go:299.3,304.20 3 0
psychic-homily-backend/internal/api/middleware/jwt.go:311.113,314.57 2 1
psychic-homily-backend/internal/api/middleware/jwt.go:314.57,319.23 3 1
psychic-homily-backend/internal/api/middleware/jwt.go:319.23,321.57 2 1
psychic-homily-backend/internal/api/middleware/jwt.go:321.57,323.5 1 1
psychic-homily-backend/internal/api/middleware/jwt.go:327.3,327.18 1 1
psychic-homily-backend/internal/api/middleware/jwt.go:327.18,328.52 1 1
psychic-homily-backend/internal/api/middleware/jwt.go:328.52,330.72 2 1
psychic-homily-backend/internal/api/middleware/jwt.go:330.72,332.6 1 1
psychic-homily-backend/internal/api/middleware/jwt.go:337.3,337.18 1 1
psychic-homily-backend/internal/api/middleware/jwt.go:337.18,340.4 2 1
psychic-homily-backend/internal/api/middleware/jwt.go:342.3,344.47 2 1
psychic-homily-backend/internal/api/middleware/jwt.go:344.47,346.18 2 1
psychic-homily-backend/internal/api/middleware/jwt.go:346.18,352.5 3 1
psychic-homily-backend/internal/api/middleware/jwt.go:353.4,353.18 1 0
psychic-homily-backend/internal/api/middleware/jwt.go:354.9,356.18 2 1
psychic-homily-backend/internal/api/middleware/jwt.go:356.18,362.5 3 1
psychic-homily-backend/internal/api/middleware/jwt.go:363.4,363.18 1 0
psychic-homily-backend/internal/api/middleware/jwt.go:366.3,367.20 2 0
psychic-homily-backend/internal/api/middleware/jwt.go:372.59,373.62 1 1
psychic-homily-backend/internal/api/middleware/jwt.go:373.62,375.3 1 1
psychic-homily-backend/internal/api/middleware/jwt.go:376.2,376.12 1 1
psychic-homily-backend/internal/api/middleware/jwt.go:380.97,389.2 3 1
psychic-homily-backend/internal/api/middleware/jwt.go:392.114,396.23 2 1
psychic-homily-backend/internal/api/middleware/jwt.go:396.23,399.3 2 1
psychic-homily-backend/internal/api/middleware/jwt.go:401.2,408.30 3 1
psychic-homily-backend/internal/api/middleware/ratelimit.go:45.63,52.2 1 1
psychic-homily-backend/internal/api/middleware/ratelimit.go:56.66,63.2 1 1
psychic-homily-backend/internal/api/middleware/ratelimit.go:67.62,74.2 1 1
psychic-homily-backend/internal/api/middleware/ratelimit.go:77.71,80.16 2 1
psychic-homily-backend/internal/api/middleware/ratelimit.go:80.16,82.3 1 0
psychic-homily-backend/internal/api/middleware/ratelimit.go:83.2,93.131 5 1
psychic-homily-backend/internal/api/middleware/request_id.go:20.58,21.71 1 1
psychic-homily-backend/internal/api/middleware/request_id.go:21.71,23.22 2 1
psychic-homily-backend/internal/api/middleware/request_id.go:23.22,25.4 1 1
psychic-homily-backend/internal/api/middleware/request_id.go:28.3,37.40 5 1
psychic-homily-backend/internal/api/middleware/request_id.go:42.73,44.21 2 1
psychic-homily-backend/internal/api/middleware/request_id.go:44.21,46.3 1 1
psychic-homily-backend/internal/api/middleware/request_id.go:49.2,58.21 5 1
psychic-homily-backend/internal/api/middleware/request_id.go:63.55,64.76 1 1
psychic-homily-backend/internal/api/middleware/request_id.go:64.76,66.3 1 1
psychic-homily-backend/internal/api/middleware/request_id.go:67.2,67.11 1 1
psychic-homily-backend/internal/api/middleware/security.go:15.54,16.71 1 1
psychic-homily-backend/internal/api/middleware/security.go:16.71,40.21 6 1
psychic-homily-backend/internal/api/middleware/security.go:40.21,42.4 1 1
psychic-homily-backend/internal/api/middleware/security.go:47.3,52.23 3 1
psychic-homily-backend/internal/api/middleware/security.go:58.24,68.2 1 1
psychic-homily-backend/internal/api/middleware/security.go:71.26,74.2 2 1
psychic-homily-backend/internal/api/middleware/security.go:93.52,102.2 1 1
psychic-homily-backend/internal/api/middleware/security.go:105.91,106.46 1 1
psychic-homily-backend/internal/api/middleware/security.go:106.46,107.72 1 1
psychic-homily-backend/internal/api/middleware/security.go:107.72,111.26 3 1
psychic-homily-backend/internal/api/middleware/security.go:111.26,113.5 1 1
psychic-homily-backend/internal/api/middleware/security.go:114.4,121.40 5 1
psychic-homily-backend/internal/api/middleware/security.go:121.40,123.28 2 1
psychic-homily-backend/internal/api/middleware/security.go:123.28,125.6 1 1
psychic-homily-backend/internal/api/middleware/security.go:126.5,126.34 1 1
psychic-homily-backend/internal/api/middleware/security.go:126.34,128.6 1 1
psychic-homily-backend/internal/api/middleware/security.go:129.5,129.24 1 1
psychic-homily-backend/internal/api/middleware/security.go:129.24,131.6 1 1
psychic-homily-backend/internal/api/middleware/security.go:132.5,132.59 1 1
psychic-homily-backend/internal/api/middleware/security.go:136.4,137.17 2 1
psychic-homily-backend/internal/api/middleware/security.go:137.17,139.5 1 1
psychic-homily-backend/internal/api/middleware/security.go:140.4,144.24 3 1
