mode: set
psychic-homily-backend/internal/services/admin_stats.go:18.65,19.21 1 0
psychic-homily-backend/internal/services/admin_stats.go:19.21,21.3 1 0
psychic-homily-backend/internal/services/admin_stats.go:22.2,24.3 1 0
psychic-homily-backend/internal/services/admin_stats.go:49.79,54.130 3 0
psychic-homily-backend/internal/services/admin_stats.go:54.130,56.3 1 0
psychic-homily-backend/internal/services/admin_stats.go:57.2,57.132 1 0
psychic-homily-backend/internal/services/admin_stats.go:57.132,59.3 1 0
psychic-homily-backend/internal/services/admin_stats.go:60.2,60.144 1 0
psychic-homily-backend/internal/services/admin_stats.go:60.144,62.3 1 0
psychic-homily-backend/internal/services/admin_stats.go:63.2,63.118 1 0
psychic-homily-backend/internal/services/admin_stats.go:63.118,65.3 1 0
psychic-homily-backend/internal/services/admin_stats.go:68.2,68.129 1 0
psychic-homily-backend/internal/services/admin_stats.go:68.129,70.3 1 0
psychic-homily-backend/internal/services/admin_stats.go:71.2,71.112 1 0
psychic-homily-backend/internal/services/admin_stats.go:71.112,73.3 1 0
psychic-homily-backend/internal/services/admin_stats.go:74.2,74.86 1 0
psychic-homily-backend/internal/services/admin_stats.go:74.86,76.3 1 0
psychic-homily-backend/internal/services/admin_stats.go:79.2,79.82 1 0
psychic-homily-backend/internal/services/admin_stats.go:79.82,81.3 1 0
psychic-homily-backend/internal/services/admin_stats.go:84.2,84.133 1 0
psychic-homily-backend/internal/services/admin_stats.go:84.133,86.3 1 0
psychic-homily-backend/internal/services/admin_stats.go:87.2,87.134 1 0
psychic-homily-backend/internal/services/admin_stats.go:87.134,89.3 1 0
psychic-homily-backend/internal/services/admin_stats.go:91.2,91.19 1 0
psychic-homily-backend/internal/services/api_token.go:31.61,32.21 1 1
psychic-homily-backend/internal/services/api_token.go:32.21,34.3 1 1
psychic-homily-backend/internal/services/api_token.go:35.2,37.3 1 1
psychic-homily-backend/internal/services/api_token.go:62.38,64.44 2 1
psychic-homily-backend/internal/services/api_token.go:64.44,66.3 1 0
psychic-homily-backend/internal/services/api_token.go:67.2,67.53 1 1
psychic-homily-backend/internal/services/api_token.go:71.37,74.2 2 1
psychic-homily-backend/internal/services/api_token.go:77.126,78.17 1 1
psychic-homily-backend/internal/services/api_token.go:78.17,80.3 1 1
psychic-homily-backend/internal/services/api_token.go:82.2,82.25 1 1
psychic-homily-backend/internal/services/api_token.go:82.25,84.3 1 1
psychic-homily-backend/internal/services/api_token.go:87.2,88.16 2 1
psychic-homily-backend/internal/services/api_token.go:88.16,90.3 1 0
psychic-homily-backend/internal/services/api_token.go:93.2,104.49 3 1
psychic-homily-backend/internal/services/api_token.go:104.49,106.3 1 0
psychic-homily-backend/internal/services/api_token.go:108.2,115.8 1 1
psychic-homily-backend/internal/services/api_token.go:119.100,120.17 1 1
psychic-homily-backend/internal/services/api_token.go:120.17,122.3 1 1
psychic-homily-backend/internal/services/api_token.go:125.2,130.16 4 1
psychic-homily-backend/internal/services/api_token.go:130.16,131.36 1 1
psychic-homily-backend/internal/services/api_token.go:131.36,133.4 1 1
psychic-homily-backend/internal/services/api_token.go:134.3,134.67 1 0
psychic-homily-backend/internal/services/api_token.go:138.2,138.22 1 1
psychic-homily-backend/internal/services/api_token.go:138.22,139.24 1 1
psychic-homily-backend/internal/services/api_token.go:139.24,141.4 1 1
psychic-homily-backend/internal/services/api_token.go:142.3,142.24 1 1
psychic-homily-backend/internal/services/api_token.go:142.24,144.4 1 1
psychic-homily-backend/internal/services/api_token.go:145.3,145.47 1 0
psychic-homily-backend/internal/services/api_token.go:149.2,149.26 1 1
psychic-homily-backend/internal/services/api_token.go:149.26,151.3 1 1
psychic-homily-backend/internal/services/api_token.go:153.2,153.51 1 1
psychic-homily-backend/internal/services/api_token.go:153.51,155.3 1 1
psychic-homily-backend/internal/services/api_token.go:158.2,158.12 1 1
psychic-homily-backend/internal/services/api_token.go:158.12,160.3 1 1
psychic-homily-backend/internal/services/api_token.go:162.2,162.33 1 1
psychic-homily-backend/internal/services/api_token.go:166.79,167.17 1 1
psychic-homily-backend/internal/services/api_token.go:167.17,169.3 1 1
psychic-homily-backend/internal/services/api_token.go:171.2,175.16 3 1
psychic-homily-backend/internal/services/api_token.go:175.16,177.3 1 0
psychic-homily-backend/internal/services/api_token.go:179.2,180.31 2 1
psychic-homily-backend/internal/services/api_token.go:180.31,190.3 1 1
psychic-homily-backend/internal/services/api_token.go:192.2,192.23 1 1
psychic-homily-backend/internal/services/api_token.go:196.72,197.17 1 1
psychic-homily-backend/internal/services/api_token.go:197.17,199.3 1 1
psychic-homily-backend/internal/services/api_token.go:201.2,206.25 3 1
psychic-homily-backend/internal/services/api_token.go:206.25,208.3 1 0
psychic-homily-backend/internal/services/api_token.go:210.2,210.30 1 1
psychic-homily-backend/internal/services/api_token.go:210.30,212.3 1 1
psychic-homily-backend/internal/services/api_token.go:214.2,214.12 1 1
psychic-homily-backend/internal/services/api_token.go:218.90,219.17 1 1
psychic-homily-backend/internal/services/api_token.go:219.17,221.3 1 1
psychic-homily-backend/internal/services/api_token.go:223.2,225.16 3 1
psychic-homily-backend/internal/services/api_token.go:225.16,226.36 1 1
psychic-homily-backend/internal/services/api_token.go:226.36,228.4 1 1
psychic-homily-backend/internal/services/api_token.go:229.3,229.57 1 0
psychic-homily-backend/internal/services/api_token.go:232.2,240.8 1 1
psychic-homily-backend/internal/services/api_token.go:245.65,246.17 1 1
psychic-homily-backend/internal/services/api_token.go:246.17,248.3 1 1
psychic-homily-backend/internal/services/api_token.go:250.2,257.25 3 1
psychic-homily-backend/internal/services/api_token.go:257.25,259.3 1 0
psychic-homily-backend/internal/services/api_token.go:261.2,261.33 1 1
psychic-homily-backend/internal/services/apple_auth.go:43.83,44.21 1 1
psychic-homily-backend/internal/services/apple_auth.go:44.21,46.3 1 1
psychic-homily-backend/internal/services/apple_auth.go:47.2,53.3 1 1
psychic-homily-backend/internal/services/apple_auth.go:64.59,65.37 1 1
psychic-homily-backend/internal/services/apple_auth.go:66.12,67.11 1 1
psychic-homily-backend/internal/services/apple_auth.go:68.14,69.21 1 1
psychic-homily-backend/internal/services/apple_auth.go:70.10,71.15 1 1
psychic-homily-backend/internal/services/apple_auth.go:90.107,94.16 3 1
psychic-homily-backend/internal/services/apple_auth.go:94.16,96.3 1 1
psychic-homily-backend/internal/services/apple_auth.go:98.2,99.9 2 1
psychic-homily-backend/internal/services/apple_auth.go:99.9,101.3 1 0
psychic-homily-backend/internal/services/apple_auth.go:104.2,105.16 2 1
psychic-homily-backend/internal/services/apple_auth.go:105.16,107.3 1 1
psychic-homily-backend/internal/services/apple_auth.go:110.2,111.99 2 1
psychic-homily-backend/internal/services/apple_auth.go:111.99,112.53 1 1
psychic-homily-backend/internal/services/apple_auth.go:112.53,114.4 1 0
psychic-homily-backend/internal/services/apple_auth.go:115.3,115.24 1 1
psychic-homily-backend/internal/services/apple_auth.go:121.2,121.16 1 1
psychic-homily-backend/internal/services/apple_auth.go:121.16,123.3 1 1
psychic-homily-backend/internal/services/apple_auth.go:125.2,125.18 1 1
psychic-homily-backend/internal/services/apple_auth.go:125.18,127.3 1 0
psychic-homily-backend/internal/services/apple_auth.go:129.2,129.20 1 1
psychic-homily-backend/internal/services/apple_auth.go:133.134,142.25 4 0
psychic-homily-backend/internal/services/apple_auth.go:142.25,145.118 2 0
psychic-homily-backend/internal/services/apple_auth.go:145.118,147.4 1 0
psychic-homily-backend/internal/services/apple_auth.go:148.3,148.20 1 0
psychic-homily-backend/internal/services/apple_auth.go:151.2,151.44 1 0
psychic-homily-backend/internal/services/apple_auth.go:151.44,153.3 1 0
psychic-homily-backend/internal/services/apple_auth.go:156.2,156.24 1 0
psychic-homily-backend/internal/services/apple_auth.go:156.24,158.90 2 0
psychic-homily-backend/internal/services/apple_auth.go:158.90,161.4 1 0
psychic-homily-backend/internal/services/apple_auth.go:165.2,165.74 1 0
psychic-homily-backend/internal/services/apple_auth.go:169.77,171.2 1 1
psychic-homily-backend/internal/services/apple_auth.go:174.113,182.56 2 0
psychic-homily-backend/internal/services/apple_auth.go:182.56,184.3 1 0
psychic-homily-backend/internal/services/apple_auth.go:187.2,188.112 2 0
psychic-homily-backend/internal/services/apple_auth.go:188.112,190.3 1 0
psychic-homily-backend/internal/services/apple_auth.go:192.2,192.26 1 0
psychic-homily-backend/internal/services/apple_auth.go:196.114,198.15 2 0
psychic-homily-backend/internal/services/apple_auth.go:198.15,199.31 1 0
psychic-homily-backend/internal/services/apple_auth.go:199.31,201.4 1 0
psychic-homily-backend/internal/services/apple_auth.go:204.2,210.17 2 0
psychic-homily-backend/internal/services/apple_auth.go:210.17,212.3 1 0
psychic-homily-backend/internal/services/apple_auth.go:214.2,214.46 1 0
psychic-homily-backend/internal/services/apple_auth.go:214.46,217.3 2 0
psychic-homily-backend/internal/services/apple_auth.go:219.2,224.17 2 0
psychic-homily-backend/internal/services/apple_auth.go:224.17,226.3 1 0
psychic-homily-backend/internal/services/apple_auth.go:228.2,228.54 1 0
psychic-homily-backend/internal/services/apple_auth.go:228.54,231.3 2 0
psychic-homily-backend/internal/services/apple_auth.go:233.2,236.53 2 0
psychic-homily-backend/internal/services/apple_auth.go:236.53,239.3 2 0
psychic-homily-backend/internal/services/apple_auth.go:241.2,241.42 1 0
psychic-homily-backend/internal/services/apple_auth.go:241.42,243.3 1 0
psychic-homily-backend/internal/services/apple_auth.go:246.2,247.112 2 0
psychic-homily-backend/internal/services/apple_auth.go:247.112,249.3 1 0
psychic-homily-backend/internal/services/apple_auth.go:251.2,251.26 1 0
psychic-homily-backend/internal/services/apple_auth.go:255.82,258.36 2 1
psychic-homily-backend/internal/services/apple_auth.go:258.36,259.33 1 1
psychic-homily-backend/internal/services/apple_auth.go:259.33,262.4 2 1
psychic-homily-backend/internal/services/apple_auth.go:264.2,267.43 2 1
psychic-homily-backend/internal/services/apple_auth.go:267.43,269.3 1 1
psychic-homily-backend/internal/services/apple_auth.go:271.2,275.9 4 1
psychic-homily-backend/internal/services/apple_auth.go:275.9,277.3 1 1
psychic-homily-backend/internal/services/apple_auth.go:279.2,279.17 1 1
psychic-homily-backend/internal/services/apple_auth.go:283.51,285.35 2 1
psychic-homily-backend/internal/services/apple_auth.go:285.35,287.3 1 1
psychic-homily-backend/internal/services/apple_auth.go:288.2,289.16 2 1
psychic-homily-backend/internal/services/apple_auth.go:289.16,291.3 1 0
psychic-homily-backend/internal/services/apple_auth.go:292.2,294.38 2 1
psychic-homily-backend/internal/services/apple_auth.go:294.38,296.3 1 1
psychic-homily-backend/internal/services/apple_auth.go:298.2,299.67 2 1
psychic-homily-backend/internal/services/apple_auth.go:299.67,301.3 1 0
psychic-homily-backend/internal/services/apple_auth.go:303.2,304.34 2 1
psychic-homily-backend/internal/services/apple_auth.go:304.34,305.23 1 1
psychic-homily-backend/internal/services/apple_auth.go:305.23,306.12 1 0
psychic-homily-backend/internal/services/apple_auth.go:309.3,310.17 2 1
psychic-homily-backend/internal/services/apple_auth.go:310.17,312.4 1 0
psychic-homily-backend/internal/services/apple_auth.go:314.3,315.17 2 1
psychic-homily-backend/internal/services/apple_auth.go:315.17,317.4 1 0
psychic-homily-backend/internal/services/apple_auth.go:319.3,325.4 3 1
psychic-homily-backend/internal/services/apple_auth.go:328.2,333.12 5 1
psychic-homily-backend/internal/services/artist.go:21.57,22.21 1 1
psychic-homily-backend/internal/services/artist.go:22.21,24.3 1 1
psychic-homily-backend/internal/services/artist.go:25.2,27.3 1 1
psychic-homily-backend/internal/services/artist.go:71.95,72.17 1 1
psychic-homily-backend/internal/services/artist.go:72.17,74.3 1 1
psychic-homily-backend/internal/services/artist.go:77.2,79.16 3 1
psychic-homily-backend/internal/services/artist.go:79.16,81.3 1 1
psychic-homily-backend/internal/services/artist.go:81.8,81.42 1 1
psychic-homily-backend/internal/services/artist.go:81.42,83.3 1 0
psychic-homily-backend/internal/services/artist.go:86.2,87.73 2 1
psychic-homily-backend/internal/services/artist.go:87.73,91.3 3 1
psychic-homily-backend/internal/services/artist.go:94.2,111.50 2 1
psychic-homily-backend/internal/services/artist.go:111.50,113.3 1 0
psychic-homily-backend/internal/services/artist.go:115.2,115.43 1 1
psychic-homily-backend/internal/services/artist.go:119.81,120.17 1 1
psychic-homily-backend/internal/services/artist.go:120.17,122.3 1 1
psychic-homily-backend/internal/services/artist.go:124.2,126.16 3 1
psychic-homily-backend/internal/services/artist.go:126.16,127.36 1 1
psychic-homily-backend/internal/services/artist.go:127.36,129.4 1 1
psychic-homily-backend/internal/services/artist.go:130.3,130.58 1 0
psychic-homily-backend/internal/services/artist.go:133.2,133.44 1 1
psychic-homily-backend/internal/services/artist.go:137.85,138.17 1 1
psychic-homily-backend/internal/services/artist.go:138.17,140.3 1 1
psychic-homily-backend/internal/services/artist.go:142.2,144.16 3 1
psychic-homily-backend/internal/services/artist.go:144.16,145.36 1 1
psychic-homily-backend/internal/services/artist.go:145.36,147.4 1 1
psychic-homily-backend/internal/services/artist.go:148.3,148.58 1 0
psychic-homily-backend/internal/services/artist.go:151.2,151.44 1 1
psychic-homily-backend/internal/services/artist.go:155.85,156.17 1 1
psychic-homily-backend/internal/services/artist.go:156.17,158.3 1 1
psychic-homily-backend/internal/services/artist.go:160.2,162.16 3 1
psychic-homily-backend/internal/services/artist.go:162.16,163.36 1 1
psychic-homily-backend/internal/services/artist.go:163.36,165.4 1 1
psychic-homily-backend/internal/services/artist.go:166.3,166.58 1 0
psychic-homily-backend/internal/services/artist.go:169.2,169.44 1 1
psychic-homily-backend/internal/services/artist.go:173.101,174.17 1 1
psychic-homily-backend/internal/services/artist.go:174.17,176.3 1 1
psychic-homily-backend/internal/services/artist.go:178.2,181.63 2 1
psychic-homily-backend/internal/services/artist.go:181.63,183.3 1 1
psychic-homily-backend/internal/services/artist.go:184.2,184.60 1 1
psychic-homily-backend/internal/services/artist.go:184.60,186.3 1 1
psychic-homily-backend/internal/services/artist.go:187.2,187.60 1 1
psychic-homily-backend/internal/services/artist.go:187.60,189.3 1 1
psychic-homily-backend/internal/services/artist.go:192.2,196.16 4 1
psychic-homily-backend/internal/services/artist.go:196.16,198.3 1 0
psychic-homily-backend/internal/services/artist.go:201.2,202.33 2 1
psychic-homily-backend/internal/services/artist.go:202.33,204.3 1 1
psychic-homily-backend/internal/services/artist.go:206.2,206.23 1 1
psychic-homily-backend/internal/services/artist.go:210.116,211.17 1 1
psychic-homily-backend/internal/services/artist.go:211.17,213.3 1 1
psychic-homily-backend/internal/services/artist.go:216.2,216.46 1 1
psychic-homily-backend/internal/services/artist.go:216.46,219.17 3 1
psychic-homily-backend/internal/services/artist.go:219.17,221.4 1 1
psychic-homily-backend/internal/services/artist.go:221.9,221.43 1 1
psychic-homily-backend/internal/services/artist.go:221.43,223.4 1 0
psychic-homily-backend/internal/services/artist.go:226.3,227.74 2 1
psychic-homily-backend/internal/services/artist.go:227.74,231.4 3 1
psychic-homily-backend/internal/services/artist.go:232.3,232.25 1 1
psychic-homily-backend/internal/services/artist.go:235.2,236.16 2 1
psychic-homily-backend/internal/services/artist.go:236.16,238.3 1 0
psychic-homily-backend/internal/services/artist.go:240.2,240.30 1 1
psychic-homily-backend/internal/services/artist.go:244.59,245.17 1 1
psychic-homily-backend/internal/services/artist.go:245.17,247.3 1 1
psychic-homily-backend/internal/services/artist.go:250.2,252.16 3 1
psychic-homily-backend/internal/services/artist.go:252.16,253.36 1 1
psychic-homily-backend/internal/services/artist.go:253.36,255.4 1 1
psychic-homily-backend/internal/services/artist.go:256.3,256.53 1 0
psychic-homily-backend/internal/services/artist.go:260.2,262.16 3 1
psychic-homily-backend/internal/services/artist.go:262.16,264.3 1 0
psychic-homily-backend/internal/services/artist.go:266.2,266.15 1 1
psychic-homily-backend/internal/services/artist.go:266.15,268.3 1 1
psychic-homily-backend/internal/services/artist.go:271.2,272.16 2 1
psychic-homily-backend/internal/services/artist.go:272.16,274.3 1 0
psychic-homily-backend/internal/services/artist.go:276.2,276.12 1 1
psychic-homily-backend/internal/services/artist.go:283.86,284.17 1 1
psychic-homily-backend/internal/services/artist.go:284.17,286.3 1 1
psychic-homily-backend/internal/services/artist.go:289.2,289.17 1 1
psychic-homily-backend/internal/services/artist.go:289.17,291.3 1 1
psychic-homily-backend/internal/services/artist.go:293.2,297.21 3 1
psychic-homily-backend/internal/services/artist.go:297.21,306.3 1 1
psychic-homily-backend/internal/services/artist.go:306.8,317.3 1 1
psychic-homily-backend/internal/services/artist.go:319.2,319.16 1 1
psychic-homily-backend/internal/services/artist.go:319.16,321.3 1 0
psychic-homily-backend/internal/services/artist.go:324.2,325.33 2 1
psychic-homily-backend/internal/services/artist.go:325.33,327.3 1 1
psychic-homily-backend/internal/services/artist.go:329.2,329.23 1 1
psychic-homily-backend/internal/services/artist.go:333.90,335.24 2 1
psychic-homily-backend/internal/services/artist.go:335.24,337.3 1 1
psychic-homily-backend/internal/services/artist.go:338.2,357.3 1 1
psychic-homily-backend/internal/services/artist.go:390.143,391.17 1 1
psychic-homily-backend/internal/services/artist.go:391.17,393.3 1 1
psychic-homily-backend/internal/services/artist.go:396.2,397.60 2 1
psychic-homily-backend/internal/services/artist.go:397.60,398.36 1 1
psychic-homily-backend/internal/services/artist.go:398.36,400.4 1 1
psychic-homily-backend/internal/services/artist.go:401.3,401.61 1 0
psychic-homily-backend/internal/services/artist.go:405.2,406.16 2 1
psychic-homily-backend/internal/services/artist.go:406.16,408.3 1 0
psychic-homily-backend/internal/services/artist.go:411.2,423.20 7 1
psychic-homily-backend/internal/services/artist.go:424.14,427.43 3 1
psychic-homily-backend/internal/services/artist.go:428.13,430.42 2 1
psychic-homily-backend/internal/services/artist.go:431.10,434.42 3 1
psychic-homily-backend/internal/services/artist.go:438.2,442.25 3 1
psychic-homily-backend/internal/services/artist.go:442.25,444.3 1 1
psychic-homily-backend/internal/services/artist.go:445.2,445.55 1 1
psychic-homily-backend/internal/services/artist.go:445.55,447.3 1 0
psychic-homily-backend/internal/services/artist.go:450.2,455.25 3 1
psychic-homily-backend/internal/services/artist.go:455.25,457.3 1 1
psychic-homily-backend/internal/services/artist.go:458.2,458.115 1 1
psychic-homily-backend/internal/services/artist.go:458.115,460.3 1 0
psychic-homily-backend/internal/services/artist.go:463.2,464.22 2 1
psychic-homily-backend/internal/services/artist.go:464.22,465.116 1 1
psychic-homily-backend/internal/services/artist.go:465.116,467.4 1 0
psychic-homily-backend/internal/services/artist.go:471.2,472.29 2 1
psychic-homily-backend/internal/services/artist.go:472.29,474.3 1 1
psychic-homily-backend/internal/services/artist.go:476.2,482.35 5 1
psychic-homily-backend/internal/services/artist.go:482.35,485.3 2 1
psychic-homily-backend/internal/services/artist.go:486.2,487.23 2 1
psychic-homily-backend/internal/services/artist.go:487.23,490.25 3 1
psychic-homily-backend/internal/services/artist.go:490.25,492.4 1 1
psychic-homily-backend/internal/services/artist.go:496.2,500.36 5 1
psychic-homily-backend/internal/services/artist.go:500.36,503.3 2 1
psychic-homily-backend/internal/services/artist.go:504.2,505.27 2 1
psychic-homily-backend/internal/services/artist.go:505.27,508.26 3 1
psychic-homily-backend/internal/services/artist.go:508.26,510.4 1 1
psychic-homily-backend/internal/services/artist.go:514.2,515.29 2 1
psychic-homily-backend/internal/services/artist.go:515.29,518.47 2 1
psychic-homily-backend/internal/services/artist.go:518.47,519.47 1 1
psychic-homily-backend/internal/services/artist.go:519.47,521.31 2 1
psychic-homily-backend/internal/services/artist.go:521.31,523.6 1 0
psychic-homily-backend/internal/services/artist.go:524.5,530.6 1 1
psychic-homily-backend/internal/services/artist.go:535.3,536.46 2 1
psychic-homily-backend/internal/services/artist.go:536.46,537.53 1 1
psychic-homily-backend/internal/services/artist.go:537.53,539.32 2 1
psychic-homily-backend/internal/services/artist.go:539.32,541.6 1 0
psychic-homily-backend/internal/services/artist.go:542.5,546.7 1 1
psychic-homily-backend/internal/services/artist.go:550.3,558.4 1 1
psychic-homily-backend/internal/services/artist.go:561.2,561.30 1 1
psychic-homily-backend/internal/services/audit_log.go:21.61,22.21 1 1
psychic-homily-backend/internal/services/audit_log.go:22.21,24.3 1 1
psychic-homily-backend/internal/services/audit_log.go:25.2,27.3 1 1
psychic-homily-backend/internal/services/audit_log.go:51.133,52.17 1 1
psychic-homily-backend/internal/services/audit_log.go:52.17,55.3 2 1
psychic-homily-backend/internal/services/audit_log.go:57.2,65.21 2 1
psychic-homily-backend/internal/services/audit_log.go:65.21,67.17 2 1
psychic-homily-backend/internal/services/audit_log.go:67.17,74.4 1 0
psychic-homily-backend/internal/services/audit_log.go:74.9,77.4 2 1
psychic-homily-backend/internal/services/audit_log.go:80.2,80.48 1 1
psychic-homily-backend/internal/services/audit_log.go:80.48,88.3 1 0
psychic-homily-backend/internal/services/audit_log.go:92.120,93.17 1 1
psychic-homily-backend/internal/services/audit_log.go:93.17,95.3 1 1
psychic-homily-backend/internal/services/audit_log.go:97.2,99.30 2 1
psychic-homily-backend/internal/services/audit_log.go:99.30,101.3 1 1
psychic-homily-backend/internal/services/audit_log.go:102.2,102.26 1 1
psychic-homily-backend/internal/services/audit_log.go:102.26,104.3 1 1
psychic-homily-backend/internal/services/audit_log.go:105.2,105.28 1 1
psychic-homily-backend/internal/services/audit_log.go:105.28,107.3 1 1
psychic-homily-backend/internal/services/audit_log.go:110.2,111.50 2 1
psychic-homily-backend/internal/services/audit_log.go:111.50,113.3 1 0
psychic-homily-backend/internal/services/audit_log.go:116.2,122.16 3 1
psychic-homily-backend/internal/services/audit_log.go:122.16,124.3 1 0
psychic-homily-backend/internal/services/audit_log.go:127.2,128.27 2 1
psychic-homily-backend/internal/services/audit_log.go:128.27,130.3 1 1
psychic-homily-backend/internal/services/audit_log.go:132.2,132.30 1 1
psychic-homily-backend/internal/services/audit_log.go:135.81,145.48 2 1
psychic-homily-backend/internal/services/audit_log.go:145.48,147.3 1 1
psychic-homily-backend/internal/services/audit_log.go:149.2,149.25 1 1
psychic-homily-backend/internal/services/audit_log.go:149.25,151.66 2 1
psychic-homily-backend/internal/services/audit_log.go:151.66,153.4 1 1
psychic-homily-backend/internal/services/audit_log.go:156.2,156.13 1 1
psychic-homily-backend/internal/services/auth.go:25.108,27.2 1 1
psychic-homily-backend/internal/services/auth.go:38.73,39.21 1 1
psychic-homily-backend/internal/services/auth.go:39.21,41.3 1 1
psychic-homily-backend/internal/services/auth.go:42.2,47.3 1 1
psychic-homily-backend/internal/services/auth.go:51.97,53.14 1 1
psychic-homily-backend/internal/services/auth.go:53.14,55.3 1 1
psychic-homily-backend/internal/services/auth.go:58.2,64.12 5 1
psychic-homily-backend/internal/services/auth.go:68.124,70.17 1 1
psychic-homily-backend/internal/services/auth.go:70.17,72.6 1 1
psychic-homily-backend/internal/services/auth.go:74.5,80.19 5 1
psychic-homily-backend/internal/services/auth.go:80.19,82.6 1 1
psychic-homily-backend/internal/services/auth.go:84.5,88.19 3 1
psychic-homily-backend/internal/services/auth.go:88.19,90.6 1 1
psychic-homily-backend/internal/services/auth.go:93.5,94.19 2 0
psychic-homily-backend/internal/services/auth.go:94.19,96.6 1 0
psychic-homily-backend/internal/services/auth.go:98.5,98.28 1 0
psychic-homily-backend/internal/services/auth.go:103.73,105.2 1 1
psychic-homily-backend/internal/services/auth.go:108.75,110.2 1 1
psychic-homily-backend/internal/services/auth.go:113.76,117.2 1 1
psychic-homily-backend/internal/services/auth.go:120.67,122.2 1 1
psychic-homily-backend/internal/services/cleanup.go:30.59,31.21 1 1
psychic-homily-backend/internal/services/cleanup.go:31.21,33.3 1 1
psychic-homily-backend/internal/services/cleanup.go:35.2,38.75 2 1
psychic-homily-backend/internal/services/cleanup.go:38.75,39.71 1 1
psychic-homily-backend/internal/services/cleanup.go:39.71,41.4 1 1
psychic-homily-backend/internal/services/cleanup.go:44.2,50.3 1 1
psychic-homily-backend/internal/services/cleanup.go:54.53,60.2 3 1
psychic-homily-backend/internal/services/cleanup.go:63.33,67.2 3 1
psychic-homily-backend/internal/services/cleanup.go:70.51,79.6 5 1
psychic-homily-backend/internal/services/cleanup.go:79.6,80.10 1 1
psychic-homily-backend/internal/services/cleanup.go:81.21,83.10 2 1
psychic-homily-backend/internal/services/cleanup.go:84.19,86.10 2 1
psychic-homily-backend/internal/services/cleanup.go:87.19,88.23 1 0
psychic-homily-backend/internal/services/cleanup.go:94.44,98.16 3 1
psychic-homily-backend/internal/services/cleanup.go:98.16,103.3 2 1
psychic-homily-backend/internal/services/cleanup.go:105.2,105.31 1 0
psychic-homily-backend/internal/services/cleanup.go:105.31,108.3 2 0
psychic-homily-backend/internal/services/cleanup.go:110.2,115.42 3 0
psychic-homily-backend/internal/services/cleanup.go:115.42,118.27 2 0
psychic-homily-backend/internal/services/cleanup.go:118.27,120.4 1 0
psychic-homily-backend/internal/services/cleanup.go:121.3,122.31 2 0
psychic-homily-backend/internal/services/cleanup.go:122.31,124.4 1 0
psychic-homily-backend/internal/services/cleanup.go:126.3,132.73 2 0
psychic-homily-backend/internal/services/cleanup.go:132.73,137.12 2 0
psychic-homily-backend/internal/services/cleanup.go:140.3,143.4 2 0
psychic-homily-backend/internal/services/cleanup.go:146.2,150.3 1 0
psychic-homily-backend/internal/services/cleanup.go:154.42,156.2 1 1
psychic-homily-backend/internal/services/container.go:47.83,50.16 2 0
psychic-homily-backend/internal/services/container.go:50.16,52.3 1 0
psychic-homily-backend/internal/services/container.go:54.2,84.3 1 0
psychic-homily-backend/internal/services/data_sync.go:22.61,23.21 1 0
psychic-homily-backend/internal/services/data_sync.go:23.21,25.3 1 0
psychic-homily-backend/internal/services/data_sync.go:26.2,29.3 1 0
psychic-homily-backend/internal/services/data_sync.go:107.93,108.17 1 0
psychic-homily-backend/internal/services/data_sync.go:108.17,110.3 1 0
psychic-homily-backend/internal/services/data_sync.go:113.2,113.23 1 0
psychic-homily-backend/internal/services/data_sync.go:113.23,115.3 1 0
psychic-homily-backend/internal/services/data_sync.go:116.2,116.24 1 0
psychic-homily-backend/internal/services/data_sync.go:116.24,118.3 1 0
psychic-homily-backend/internal/services/data_sync.go:121.2,126.23 2 0
psychic-homily-backend/internal/services/data_sync.go:127.18,128.63 1 0
psychic-homily-backend/internal/services/data_sync.go:129.17,130.62 1 0
psychic-homily-backend/internal/services/data_sync.go:131.18,132.63 1 0
psychic-homily-backend/internal/services/data_sync.go:133.17,133.17 0 0
psychic-homily-backend/internal/services/data_sync.go:135.10,136.51 1 0
psychic-homily-backend/internal/services/data_sync.go:140.2,140.28 1 0
psychic-homily-backend/internal/services/data_sync.go:140.28,142.3 1 0
psychic-homily-backend/internal/services/data_sync.go:145.2,145.23 1 0
psychic-homily-backend/internal/services/data_sync.go:145.23,147.3 1 0
psychic-homily-backend/internal/services/data_sync.go:148.2,148.24 1 0
psychic-homily-backend/internal/services/data_sync.go:148.24,150.3 1 0
psychic-homily-backend/internal/services/data_sync.go:153.2,154.50 2 0
psychic-homily-backend/internal/services/data_sync.go:154.50,156.3 1 0
psychic-homily-backend/internal/services/data_sync.go:159.2,163.34 2 0
psychic-homily-backend/internal/services/data_sync.go:163.34,165.3 1 0
psychic-homily-backend/internal/services/data_sync.go:168.2,169.29 2 0
psychic-homily-backend/internal/services/data_sync.go:169.29,171.3 1 0
psychic-homily-backend/internal/services/data_sync.go:173.2,174.22 2 0
psychic-homily-backend/internal/services/data_sync.go:174.22,175.86 1 0
psychic-homily-backend/internal/services/data_sync.go:175.86,177.4 1 0
psychic-homily-backend/internal/services/data_sync.go:181.2,182.33 2 0
psychic-homily-backend/internal/services/data_sync.go:182.33,184.3 1 0
psychic-homily-backend/internal/services/data_sync.go:187.2,188.29 2 0
psychic-homily-backend/internal/services/data_sync.go:188.29,205.37 2 0
psychic-homily-backend/internal/services/data_sync.go:205.37,222.4 1 0
psychic-homily-backend/internal/services/data_sync.go:225.3,225.39 1 0
psychic-homily-backend/internal/services/data_sync.go:225.39,229.46 3 0
psychic-homily-backend/internal/services/data_sync.go:229.46,230.33 1 0
psychic-homily-backend/internal/services/data_sync.go:230.33,233.11 3 0
psychic-homily-backend/internal/services/data_sync.go:237.4,241.6 1 0
psychic-homily-backend/internal/services/data_sync.go:245.2,248.8 1 0
psychic-homily-backend/internal/services/data_sync.go:265.99,266.17 1 0
psychic-homily-backend/internal/services/data_sync.go:266.17,268.3 1 0
psychic-homily-backend/internal/services/data_sync.go:271.2,271.23 1 0
psychic-homily-backend/internal/services/data_sync.go:271.23,273.3 1 0
psychic-homily-backend/internal/services/data_sync.go:274.2,274.24 1 0
psychic-homily-backend/internal/services/data_sync.go:274.24,276.3 1 0
psychic-homily-backend/internal/services/data_sync.go:278.2,280.25 2 0
psychic-homily-backend/internal/services/data_sync.go:280.25,282.3 1 0
psychic-homily-backend/internal/services/data_sync.go:284.2,285.50 2 0
psychic-homily-backend/internal/services/data_sync.go:285.50,287.3 1 0
psychic-homily-backend/internal/services/data_sync.go:289.2,293.36 2 0
psychic-homily-backend/internal/services/data_sync.go:293.36,295.3 1 0
psychic-homily-backend/internal/services/data_sync.go:297.2,298.33 2 0
psychic-homily-backend/internal/services/data_sync.go:298.33,313.3 1 0
psychic-homily-backend/internal/services/data_sync.go:315.2,318.8 1 0
psychic-homily-backend/internal/services/data_sync.go:338.96,339.17 1 0
psychic-homily-backend/internal/services/data_sync.go:339.17,341.3 1 0
psychic-homily-backend/internal/services/data_sync.go:344.2,344.23 1 0
psychic-homily-backend/internal/services/data_sync.go:344.23,346.3 1 0
psychic-homily-backend/internal/services/data_sync.go:347.2,347.24 1 0
psychic-homily-backend/internal/services/data_sync.go:347.24,349.3 1 0
psychic-homily-backend/internal/services/data_sync.go:351.2,353.25 2 0
psychic-homily-backend/internal/services/data_sync.go:353.25,355.3 1 0
psychic-homily-backend/internal/services/data_sync.go:356.2,356.28 1 0
psychic-homily-backend/internal/services/data_sync.go:356.28,358.3 1 0
psychic-homily-backend/internal/services/data_sync.go:359.2,359.23 1 0
psychic-homily-backend/internal/services/data_sync.go:359.23,361.3 1 0
psychic-homily-backend/internal/services/data_sync.go:362.2,362.24 1 0
psychic-homily-backend/internal/services/data_sync.go:362.24,364.3 1 0
psychic-homily-backend/internal/services/data_sync.go:366.2,367.50 2 0
psychic-homily-backend/internal/services/data_sync.go:367.50,369.3 1 0
psychic-homily-backend/internal/services/data_sync.go:371.2,375.35 2 0
psychic-homily-backend/internal/services/data_sync.go:375.35,377.3 1 0
psychic-homily-backend/internal/services/data_sync.go:379.2,380.31 2 0
psychic-homily-backend/internal/services/data_sync.go:380.31,397.3 1 0
psychic-homily-backend/internal/services/data_sync.go:399.2,402.8 1 0
psychic-homily-backend/internal/services/data_sync.go:441.88,442.17 1 0
psychic-homily-backend/internal/services/data_sync.go:442.17,444.3 1 0
psychic-homily-backend/internal/services/data_sync.go:446.2,453.37 6 0
psychic-homily-backend/internal/services/data_sync.go:453.37,456.17 3 0
psychic-homily-backend/internal/services/data_sync.go:457.19,458.29 1 0
psychic-homily-backend/internal/services/data_sync.go:459.20,460.31 1 0
psychic-homily-backend/internal/services/data_sync.go:461.18,462.28 1 0
psychic-homily-backend/internal/services/data_sync.go:463.16,464.27 1 0
psychic-homily-backend/internal/services/data_sync.go:469.2,470.35 2 0
psychic-homily-backend/internal/services/data_sync.go:470.35,473.17 3 0
psychic-homily-backend/internal/services/data_sync.go:474.19,475.28 1 0
psychic-homily-backend/internal/services/data_sync.go:476.20,477.30 1 0
psychic-homily-backend/internal/services/data_sync.go:478.18,479.27 1 0
psychic-homily-backend/internal/services/data_sync.go:480.16,481.26 1 0
psychic-homily-backend/internal/services/data_sync.go:486.2,487.33 2 0
psychic-homily-backend/internal/services/data_sync.go:487.33,490.17 3 0
psychic-homily-backend/internal/services/data_sync.go:491.19,492.27 1 0
psychic-homily-backend/internal/services/data_sync.go:493.20,494.29 1 0
psychic-homily-backend/internal/services/data_sync.go:495.16,496.25 1 0
psychic-homily-backend/internal/services/data_sync.go:500.2,500.20 1 0
psychic-homily-backend/internal/services/data_sync.go:504.94,505.23 1 0
psychic-homily-backend/internal/services/data_sync.go:505.23,507.3 1 0
psychic-homily-backend/internal/services/data_sync.go:510.2,512.16 3 0
psychic-homily-backend/internal/services/data_sync.go:512.16,514.38 1 0
psychic-homily-backend/internal/services/data_sync.go:514.38,516.75 2 0
psychic-homily-backend/internal/services/data_sync.go:516.75,520.5 3 0
psychic-homily-backend/internal/services/data_sync.go:521.4,521.46 1 0
psychic-homily-backend/internal/services/data_sync.go:523.3,523.110 1 0
psychic-homily-backend/internal/services/data_sync.go:524.8,524.42 1 0
psychic-homily-backend/internal/services/data_sync.go:524.42,526.3 1 0
psychic-homily-backend/internal/services/data_sync.go:528.2,528.12 1 0
psychic-homily-backend/internal/services/data_sync.go:528.12,530.3 1 0
psychic-homily-backend/internal/services/data_sync.go:533.2,534.73 2 0
psychic-homily-backend/internal/services/data_sync.go:534.73,538.3 3 0
psychic-homily-backend/internal/services/data_sync.go:540.2,558.54 2 0
psychic-homily-backend/internal/services/data_sync.go:558.54,560.3 1 0
psychic-homily-backend/internal/services/data_sync.go:562.2,562.93 1 0
psychic-homily-backend/internal/services/data_sync.go:566.91,567.63 1 0
psychic-homily-backend/internal/services/data_sync.go:567.63,569.3 1 0
psychic-homily-backend/internal/services/data_sync.go:572.2,574.16 3 0
psychic-homily-backend/internal/services/data_sync.go:574.16,576.38 1 0
psychic-homily-backend/internal/services/data_sync.go:576.38,578.75 2 0
psychic-homily-backend/internal/services/data_sync.go:578.75,582.5 3 0
psychic-homily-backend/internal/services/data_sync.go:583.4,583.46 1 0
psychic-homily-backend/internal/services/data_sync.go:585.3,585.126 1 0
psychic-homily-backend/internal/services/data_sync.go:586.8,586.42 1 0
psychic-homily-backend/internal/services/data_sync.go:586.42,588.3 1 0
psychic-homily-backend/internal/services/data_sync.go:590.2,590.12 1 0
psychic-homily-backend/internal/services/data_sync.go:590.12,592.3 1 0
psychic-homily-backend/internal/services/data_sync.go:595.2,596.73 2 0
psychic-homily-backend/internal/services/data_sync.go:596.73,600.3 3 0
psychic-homily-backend/internal/services/data_sync.go:602.2,622.53 2 0
psychic-homily-backend/internal/services/data_sync.go:622.53,624.3 1 0
psychic-homily-backend/internal/services/data_sync.go:626.2,626.108 1 0
psychic-homily-backend/internal/services/data_sync.go:630.88,631.46 1 0
psychic-homily-backend/internal/services/data_sync.go:631.46,633.3 1 0
psychic-homily-backend/internal/services/data_sync.go:636.2,637.16 2 0
psychic-homily-backend/internal/services/data_sync.go:637.16,639.3 1 0
psychic-homily-backend/internal/services/data_sync.go:642.2,643.26 2 0
psychic-homily-backend/internal/services/data_sync.go:643.26,645.3 1 0
psychic-homily-backend/internal/services/data_sync.go:648.2,648.21 1 0
psychic-homily-backend/internal/services/data_sync.go:648.21,658.17 5 0
psychic-homily-backend/internal/services/data_sync.go:658.17,660.15 1 0
psychic-homily-backend/internal/services/data_sync.go:660.15,662.5 1 0
psychic-homily-backend/internal/services/data_sync.go:663.4,664.89 1 0
psychic-homily-backend/internal/services/data_sync.go:665.9,665.43 1 0
psychic-homily-backend/internal/services/data_sync.go:665.43,667.4 1 0
psychic-homily-backend/internal/services/data_sync.go:670.2,670.12 1 0
psychic-homily-backend/internal/services/data_sync.go:670.12,672.3 1 0
psychic-homily-backend/internal/services/data_sync.go:675.2,675.49 1 0
psychic-homily-backend/internal/services/data_sync.go:675.49,678.39 2 0
psychic-homily-backend/internal/services/data_sync.go:679.18,680.37 1 0
psychic-homily-backend/internal/services/data_sync.go:681.19,682.38 1 0
psychic-homily-backend/internal/services/data_sync.go:683.18,684.37 1 0
psychic-homily-backend/internal/services/data_sync.go:688.3,689.34 2 0
psychic-homily-backend/internal/services/data_sync.go:689.34,690.46 1 0
psychic-homily-backend/internal/services/data_sync.go:690.46,692.5 1 0
psychic-homily-backend/internal/services/data_sync.go:696.3,697.82 2 0
psychic-homily-backend/internal/services/data_sync.go:697.82,701.4 3 0
psychic-homily-backend/internal/services/data_sync.go:704.3,719.51 2 0
psychic-homily-backend/internal/services/data_sync.go:719.51,721.4 1 0
psychic-homily-backend/internal/services/data_sync.go:724.3,724.45 1 0
psychic-homily-backend/internal/services/data_sync.go:724.45,728.37 3 0
psychic-homily-backend/internal/services/data_sync.go:728.37,731.86 2 0
psychic-homily-backend/internal/services/data_sync.go:731.86,735.6 3 0
psychic-homily-backend/internal/services/data_sync.go:736.5,745.51 2 0
psychic-homily-backend/internal/services/data_sync.go:745.51,747.6 1 0
psychic-homily-backend/internal/services/data_sync.go:748.10,748.25 1 0
psychic-homily-backend/internal/services/data_sync.go:748.25,750.5 1 0
psychic-homily-backend/internal/services/data_sync.go:750.10,750.32 1 0
psychic-homily-backend/internal/services/data_sync.go:750.32,753.86 2 0
psychic-homily-backend/internal/services/data_sync.go:753.86,757.6 3 0
psychic-homily-backend/internal/services/data_sync.go:758.5,758.47 1 0
psychic-homily-backend/internal/services/data_sync.go:762.4,766.54 2 0
psychic-homily-backend/internal/services/data_sync.go:766.54,768.5 1 0
psychic-homily-backend/internal/services/data_sync.go:772.3,772.47 1 0
psychic-homily-backend/internal/services/data_sync.go:772.47,775.37 3 0
psychic-homily-backend/internal/services/data_sync.go:775.37,778.88 2 0
psychic-homily-backend/internal/services/data_sync.go:778.88,782.6 3 0
psychic-homily-backend/internal/services/data_sync.go:783.5,787.52 2 0
psychic-homily-backend/internal/services/data_sync.go:787.52,789.6 1 0
psychic-homily-backend/internal/services/data_sync.go:790.10,790.25 1 0
psychic-homily-backend/internal/services/data_sync.go:790.25,792.5 1 0
psychic-homily-backend/internal/services/data_sync.go:792.10,792.33 1 0
psychic-homily-backend/internal/services/data_sync.go:792.33,795.88 2 0
psychic-homily-backend/internal/services/data_sync.go:795.88,799.6 3 0
psychic-homily-backend/internal/services/data_sync.go:800.5,800.49 1 0
psychic-homily-backend/internal/services/data_sync.go:804.4,810.55 2 0
psychic-homily-backend/internal/services/data_sync.go:810.55,812.5 1 0
psychic-homily-backend/internal/services/data_sync.go:815.3,815.13 1 0
psychic-homily-backend/internal/services/data_sync.go:818.2,818.16 1 0
psychic-homily-backend/internal/services/data_sync.go:818.16,820.3 1 0
psychic-homily-backend/internal/services/data_sync.go:822.2,822.122 1 0
psychic-homily-backend/internal/services/data_sync.go:826.131,828.30 1 0
psychic-homily-backend/internal/services/data_sync.go:828.30,830.34 2 0
psychic-homily-backend/internal/services/data_sync.go:830.34,831.46 1 0
psychic-homily-backend/internal/services/data_sync.go:831.46,833.5 1 0
psychic-homily-backend/internal/services/data_sync.go:835.3,836.74 2 0
psychic-homily-backend/internal/services/data_sync.go:836.74,840.4 3 0
psychic-homily-backend/internal/services/data_sync.go:841.3,841.48 1 0
psychic-homily-backend/internal/services/data_sync.go:845.2,845.46 1 0
psychic-homily-backend/internal/services/data_sync.go:845.46,847.104 2 0
psychic-homily-backend/internal/services/data_sync.go:847.104,848.12 1 0
psychic-homily-backend/internal/services/data_sync.go:850.3,850.25 1 0
psychic-homily-backend/internal/services/data_sync.go:850.25,852.75 2 0
psychic-homily-backend/internal/services/data_sync.go:852.75,856.5 3 0
psychic-homily-backend/internal/services/data_sync.go:857.4,857.44 1 0
psychic-homily-backend/internal/services/data_sync.go:862.2,862.44 1 0
psychic-homily-backend/internal/services/data_sync.go:862.44,864.149 2 0
psychic-homily-backend/internal/services/data_sync.go:864.149,865.12 1 0
psychic-homily-backend/internal/services/data_sync.go:867.3,867.24 1 0
psychic-homily-backend/internal/services/data_sync.go:867.24,869.75 2 0
psychic-homily-backend/internal/services/data_sync.go:869.75,873.5 3 0
psychic-homily-backend/internal/services/data_sync.go:874.4,874.43 1 0
psychic-homily-backend/internal/services/discord.go:56.60,65.2 1 0
psychic-homily-backend/internal/services/discord.go:68.46,70.2 1 0
psychic-homily-backend/internal/services/discord.go:73.59,74.38 1 0
psychic-homily-backend/internal/services/discord.go:74.38,76.3 1 0
psychic-homily-backend/internal/services/discord.go:78.2,79.23 2 0
psychic-homily-backend/internal/services/discord.go:79.23,81.3 1 0
psychic-homily-backend/internal/services/discord.go:83.2,96.25 3 0
psychic-homily-backend/internal/services/discord.go:100.83,101.38 1 0
psychic-homily-backend/internal/services/discord.go:101.38,103.3 1 0
psychic-homily-backend/internal/services/discord.go:105.2,117.30 4 0
psychic-homily-backend/internal/services/discord.go:117.30,120.3 2 0
psychic-homily-backend/internal/services/discord.go:122.2,130.25 2 0
psychic-homily-backend/internal/services/discord.go:134.121,135.23 1 0
psychic-homily-backend/internal/services/discord.go:135.23,137.3 1 0
psychic-homily-backend/internal/services/discord.go:139.2,145.28 2 0
psychic-homily-backend/internal/services/discord.go:145.28,148.3 2 0
psychic-homily-backend/internal/services/discord.go:150.2,158.25 2 0
psychic-homily-backend/internal/services/discord.go:162.65,163.38 1 0
psychic-homily-backend/internal/services/discord.go:163.38,165.3 1 0
psychic-homily-backend/internal/services/discord.go:167.2,182.25 4 0
psychic-homily-backend/internal/services/discord.go:186.80,187.38 1 0
psychic-homily-backend/internal/services/discord.go:187.38,189.3 1 0
psychic-homily-backend/internal/services/discord.go:191.2,207.25 4 0
psychic-homily-backend/internal/services/discord.go:211.92,212.40 1 0
psychic-homily-backend/internal/services/discord.go:212.40,214.3 1 0
psychic-homily-backend/internal/services/discord.go:217.2,218.27 2 0
psychic-homily-backend/internal/services/discord.go:219.38,220.34 1 0
psychic-homily-backend/internal/services/discord.go:221.36,222.33 1 0
psychic-homily-backend/internal/services/discord.go:223.39,224.40 1 0
psychic-homily-backend/internal/services/discord.go:227.2,229.25 3 0
psychic-homily-backend/internal/services/discord.go:229.25,232.3 2 0
psychic-homily-backend/internal/services/discord.go:234.2,242.52 2 0
psychic-homily-backend/internal/services/discord.go:242.52,244.25 2 0
psychic-homily-backend/internal/services/discord.go:244.25,246.4 1 0
psychic-homily-backend/internal/services/discord.go:247.3,247.93 1 0
psychic-homily-backend/internal/services/discord.go:251.2,261.25 4 0
psychic-homily-backend/internal/services/discord.go:265.126,266.23 1 0
psychic-homily-backend/internal/services/discord.go:266.23,268.3 1 0
psychic-homily-backend/internal/services/discord.go:270.2,271.17 2 0
psychic-homily-backend/internal/services/discord.go:271.17,273.3 1 0
psychic-homily-backend/internal/services/discord.go:275.2,281.38 2 0
psychic-homily-backend/internal/services/discord.go:281.38,283.3 1 0
psychic-homily-backend/internal/services/discord.go:286.2,297.25 4 0
psychic-homily-backend/internal/services/discord.go:301.105,302.23 1 0
psychic-homily-backend/internal/services/discord.go:302.23,304.3 1 0
psychic-homily-backend/internal/services/discord.go:306.2,324.25 5 0
psychic-homily-backend/internal/services/discord.go:328.58,334.16 3 0
psychic-homily-backend/internal/services/discord.go:334.16,337.3 2 0
psychic-homily-backend/internal/services/discord.go:339.2,340.16 2 0
psychic-homily-backend/internal/services/discord.go:340.16,341.46 1 0
psychic-homily-backend/internal/services/discord.go:341.46,345.4 3 0
psychic-homily-backend/internal/services/discord.go:346.3,346.9 1 0
psychic-homily-backend/internal/services/discord.go:348.2,350.53 2 0
psychic-homily-backend/internal/services/discord.go:350.53,351.46 1 0
psychic-homily-backend/internal/services/discord.go:351.46,356.4 4 0
psychic-homily-backend/internal/services/discord.go:361.37,362.17 1 0
psychic-homily-backend/internal/services/discord.go:362.17,364.3 1 0
psychic-homily-backend/internal/services/discord.go:366.2,367.21 2 0
psychic-homily-backend/internal/services/discord.go:367.21,369.3 1 0
psychic-homily-backend/internal/services/discord.go:371.2,374.21 3 0
psychic-homily-backend/internal/services/discord.go:374.21,376.3 1 0
psychic-homily-backend/internal/services/discord.go:378.2,378.36 1 0
psychic-homily-backend/internal/services/discord.go:382.46,383.17 1 0
psychic-homily-backend/internal/services/discord.go:383.17,385.3 1 0
psychic-homily-backend/internal/services/discord.go:387.2,388.52 2 0
psychic-homily-backend/internal/services/discord.go:388.52,390.3 1 0
psychic-homily-backend/internal/services/discord.go:391.2,391.50 1 0
psychic-homily-backend/internal/services/discord.go:391.50,393.3 1 0
psychic-homily-backend/internal/services/discord.go:395.2,395.21 1 0
psychic-homily-backend/internal/services/discord.go:395.21,397.3 1 0
psychic-homily-backend/internal/services/discord.go:399.2,399.33 1 0
psychic-homily-backend/internal/services/discord.go:403.52,404.22 1 0
psychic-homily-backend/internal/services/discord.go:404.22,406.3 1 0
psychic-homily-backend/internal/services/discord.go:408.2,409.27 2 0
psychic-homily-backend/internal/services/discord.go:409.27,411.3 1 0
psychic-homily-backend/internal/services/discord.go:413.2,413.34 1 0
psychic-homily-backend/internal/services/discord.go:417.55,418.23 1 0
psychic-homily-backend/internal/services/discord.go:418.23,420.3 1 0
psychic-homily-backend/internal/services/discord.go:422.2,423.28 2 0
psychic-homily-backend/internal/services/discord.go:423.28,425.45 2 0
psychic-homily-backend/internal/services/discord.go:425.45,427.4 1 0
psychic-homily-backend/internal/services/discord.go:428.3,428.18 1 0
psychic-homily-backend/internal/services/discord.go:431.2,431.34 1 0
psychic-homily-backend/internal/services/discovery.go:24.63,25.21 1 1
psychic-homily-backend/internal/services/discovery.go:25.21,27.3 1 1
psychic-homily-backend/internal/services/discovery.go:28.2,31.3 1 1
psychic-homily-backend/internal/services/discovery.go:114.96,115.17 1 0
psychic-homily-backend/internal/services/discovery.go:115.17,117.3 1 0
psychic-homily-backend/internal/services/discovery.go:120.2,121.16 2 0
psychic-homily-backend/internal/services/discovery.go:121.16,123.3 1 0
psychic-homily-backend/internal/services/discovery.go:126.2,129.54 2 0
psychic-homily-backend/internal/services/discovery.go:129.54,132.60 2 0
psychic-homily-backend/internal/services/discovery.go:132.60,134.4 1 0
psychic-homily-backend/internal/services/discovery.go:136.3,136.34 1 0
psychic-homily-backend/internal/services/discovery.go:136.34,138.4 1 0
psychic-homily-backend/internal/services/discovery.go:141.2,146.31 2 0
psychic-homily-backend/internal/services/discovery.go:146.31,150.17 3 0
psychic-homily-backend/internal/services/discovery.go:151.19,152.21 1 0
psychic-homily-backend/internal/services/discovery.go:153.20,154.23 1 0
psychic-homily-backend/internal/services/discovery.go:155.19,156.21 1 0
psychic-homily-backend/internal/services/discovery.go:157.25,158.26 1 0
psychic-homily-backend/internal/services/discovery.go:159.16,160.19 1 0
psychic-homily-backend/internal/services/discovery.go:164.2,164.20 1 0
psychic-homily-backend/internal/services/discovery.go:169.119,184.16 5 1
psychic-homily-backend/internal/services/discovery.go:184.16,186.3 1 1
psychic-homily-backend/internal/services/discovery.go:187.2,187.22 1 1
psychic-homily-backend/internal/services/discovery.go:192.94,194.45 1 1
psychic-homily-backend/internal/services/discovery.go:194.45,196.3 1 0
psychic-homily-backend/internal/services/discovery.go:199.2,201.16 3 1
psychic-homily-backend/internal/services/discovery.go:201.16,203.3 1 1
psychic-homily-backend/internal/services/discovery.go:203.8,203.42 1 1
psychic-homily-backend/internal/services/discovery.go:203.42,205.3 1 0
psychic-homily-backend/internal/services/discovery.go:208.2,209.16 2 1
psychic-homily-backend/internal/services/discovery.go:209.16,211.3 1 0
psychic-homily-backend/internal/services/discovery.go:214.2,215.9 2 1
psychic-homily-backend/internal/services/discovery.go:215.9,217.3 1 1
psychic-homily-backend/internal/services/discovery.go:221.2,230.16 5 1
psychic-homily-backend/internal/services/discovery.go:230.16,233.3 1 1
psychic-homily-backend/internal/services/discovery.go:236.2,237.28 2 1
psychic-homily-backend/internal/services/discovery.go:237.28,238.106 1 1
psychic-homily-backend/internal/services/discovery.go:238.106,240.14 2 1
psychic-homily-backend/internal/services/discovery.go:240.14,243.5 1 0
psychic-homily-backend/internal/services/discovery.go:247.2,247.12 1 1
psychic-homily-backend/internal/services/discovery.go:247.12,249.3 1 1
psychic-homily-backend/internal/services/discovery.go:252.2,253.16 2 1
psychic-homily-backend/internal/services/discovery.go:253.16,255.3 1 0
psychic-homily-backend/internal/services/discovery.go:257.2,257.30 1 1
psychic-homily-backend/internal/services/discovery.go:257.30,259.3 1 1
psychic-homily-backend/internal/services/discovery.go:261.2,261.129 1 1
psychic-homily-backend/internal/services/discovery.go:270.35,271.50 1 1
psychic-homily-backend/internal/services/discovery.go:271.50,274.17 2 1
psychic-homily-backend/internal/services/discovery.go:274.17,276.4 1 0
psychic-homily-backend/internal/services/discovery.go:279.3,280.55 2 1
psychic-homily-backend/internal/services/discovery.go:280.55,282.4 1 0
psychic-homily-backend/internal/services/discovery.go:283.3,283.53 1 1
psychic-homily-backend/internal/services/discovery.go:283.53,285.4 1 0
psychic-homily-backend/internal/services/discovery.go:286.3,286.55 1 1
psychic-homily-backend/internal/services/discovery.go:286.55,288.4 1 0
psychic-homily-backend/internal/services/discovery.go:289.3,290.25 2 1
psychic-homily-backend/internal/services/discovery.go:290.25,293.4 2 0
psychic-homily-backend/internal/services/discovery.go:296.3,297.31 2 1
psychic-homily-backend/internal/services/discovery.go:297.31,299.4 1 1
psychic-homily-backend/internal/services/discovery.go:301.3,315.47 2 1
psychic-homily-backend/internal/services/discovery.go:315.47,317.4 1 0
psychic-homily-backend/internal/services/discovery.go:320.3,330.17 3 1
psychic-homily-backend/internal/services/discovery.go:330.17,332.4 1 0
psychic-homily-backend/internal/services/discovery.go:335.3,339.53 2 1
psychic-homily-backend/internal/services/discovery.go:339.53,341.4 1 0
psychic-homily-backend/internal/services/discovery.go:344.3,345.29 2 1
psychic-homily-backend/internal/services/discovery.go:345.29,347.4 1 1
psychic-homily-backend/internal/services/discovery.go:347.9,350.4 1 0
psychic-homily-backend/internal/services/discovery.go:352.3,352.49 1 1
psychic-homily-backend/internal/services/discovery.go:352.49,354.24 2 1
psychic-homily-backend/internal/services/discovery.go:354.24,355.13 1 0
psychic-homily-backend/internal/services/discovery.go:359.4,361.37 3 1
psychic-homily-backend/internal/services/discovery.go:361.37,363.52 2 1
psychic-homily-backend/internal/services/discovery.go:363.52,365.6 1 0
psychic-homily-backend/internal/services/discovery.go:367.5,368.82 2 1
psychic-homily-backend/internal/services/discovery.go:368.82,372.6 3 1
psychic-homily-backend/internal/services/discovery.go:373.5,373.49 1 1
psychic-homily-backend/internal/services/discovery.go:374.10,374.25 1 1
psychic-homily-backend/internal/services/discovery.go:374.25,376.5 1 0
psychic-homily-backend/internal/services/discovery.go:379.4,380.21 2 1
psychic-homily-backend/internal/services/discovery.go:380.21,382.5 1 1
psychic-homily-backend/internal/services/discovery.go:385.4,391.55 2 1
psychic-homily-backend/internal/services/discovery.go:391.55,393.5 1 0
psychic-homily-backend/internal/services/discovery.go:397.3,398.27 2 1
psychic-homily-backend/internal/services/discovery.go:398.27,400.4 1 1
psychic-homily-backend/internal/services/discovery.go:401.3,402.82 2 1
psychic-homily-backend/internal/services/discovery.go:402.82,406.4 3 1
psychic-homily-backend/internal/services/discovery.go:407.3,409.13 2 1
psychic-homily-backend/internal/services/discovery.go:414.74,417.16 2 1
psychic-homily-backend/internal/services/discovery.go:417.16,420.17 2 1
psychic-homily-backend/internal/services/discovery.go:420.17,422.18 2 1
psychic-homily-backend/internal/services/discovery.go:422.18,424.5 1 1
psychic-homily-backend/internal/services/discovery.go:429.2,429.40 1 1
psychic-homily-backend/internal/services/discovery.go:429.40,438.17 6 1
psychic-homily-backend/internal/services/discovery.go:438.17,439.53 1 1
psychic-homily-backend/internal/services/discovery.go:439.53,441.5 1 1
psychic-homily-backend/internal/services/discovery.go:441.10,441.60 1 1
psychic-homily-backend/internal/services/discovery.go:441.60,443.5 1 1
psychic-homily-backend/internal/services/discovery.go:444.4,444.89 1 1
psychic-homily-backend/internal/services/discovery.go:448.2,448.24 1 1
psychic-homily-backend/internal/services/discovery.go:452.51,455.34 1 1
psychic-homily-backend/internal/services/discovery.go:455.34,457.3 1 1
psychic-homily-backend/internal/services/discovery.go:460.2,460.69 1 1
psychic-homily-backend/internal/services/discovery.go:460.69,466.3 5 1
psychic-homily-backend/internal/services/discovery.go:469.2,469.52 1 1
psychic-homily-backend/internal/services/discovery.go:469.52,470.35 1 1
psychic-homily-backend/internal/services/discovery.go:470.35,472.4 1 1
psychic-homily-backend/internal/services/discovery.go:476.2,476.36 1 1
psychic-homily-backend/internal/services/discovery.go:476.36,479.66 2 1
psychic-homily-backend/internal/services/discovery.go:479.66,481.4 1 1
psychic-homily-backend/internal/services/discovery.go:485.2,485.43 1 1
psychic-homily-backend/internal/services/discovery.go:489.43,492.29 3 1
psychic-homily-backend/internal/services/discovery.go:492.29,494.20 2 1
psychic-homily-backend/internal/services/discovery.go:494.20,496.4 1 1
psychic-homily-backend/internal/services/discovery.go:498.2,498.15 1 1
psychic-homily-backend/internal/services/discovery.go:503.121,504.21 1 0
psychic-homily-backend/internal/services/discovery.go:504.21,506.3 1 0
psychic-homily-backend/internal/services/discovery.go:509.2,511.15 3 0
psychic-homily-backend/internal/services/discovery.go:511.15,513.3 1 0
psychic-homily-backend/internal/services/discovery.go:515.2,515.43 1 0
psychic-homily-backend/internal/services/discovery.go:537.94,538.17 1 1
psychic-homily-backend/internal/services/discovery.go:538.17,540.3 1 1
psychic-homily-backend/internal/services/discovery.go:542.2,546.22 2 1
psychic-homily-backend/internal/services/discovery.go:546.22,548.3 1 1
psychic-homily-backend/internal/services/discovery.go:552.2,553.27 2 1
psychic-homily-backend/internal/services/discovery.go:553.27,554.38 1 1
psychic-homily-backend/internal/services/discovery.go:554.38,556.4 1 1
psychic-homily-backend/internal/services/discovery.go:559.2,559.21 1 1
psychic-homily-backend/internal/services/discovery.go:559.21,561.3 1 0
psychic-homily-backend/internal/services/discovery.go:563.2,567.16 3 1
psychic-homily-backend/internal/services/discovery.go:567.16,569.3 1 0
psychic-homily-backend/internal/services/discovery.go:571.2,571.29 1 1
psychic-homily-backend/internal/services/discovery.go:571.29,572.32 1 1
psychic-homily-backend/internal/services/discovery.go:572.32,578.4 1 1
psychic-homily-backend/internal/services/discovery.go:581.2,581.20 1 1
psychic-homily-backend/internal/services/discovery.go:586.103,587.17 1 1
psychic-homily-backend/internal/services/discovery.go:587.17,589.3 1 1
psychic-homily-backend/internal/services/discovery.go:591.2,596.31 2 1
psychic-homily-backend/internal/services/discovery.go:596.31,600.17 3 1
psychic-homily-backend/internal/services/discovery.go:601.19,602.21 1 1
psychic-homily-backend/internal/services/discovery.go:603.20,604.23 1 1
psychic-homily-backend/internal/services/discovery.go:605.19,606.21 1 1
psychic-homily-backend/internal/services/discovery.go:607.25,608.26 1 1
psychic-homily-backend/internal/services/discovery.go:609.16,610.19 1 1
psychic-homily-backend/internal/services/discovery.go:614.2,614.20 1 1
psychic-homily-backend/internal/services/email.go:21.56,23.34 2 0
psychic-homily-backend/internal/services/email.go:23.34,25.3 1 0
psychic-homily-backend/internal/services/email.go:27.2,31.3 1 0
psychic-homily-backend/internal/services/email.go:35.44,37.2 1 0
psychic-homily-backend/internal/services/email.go:40.75,41.23 1 0
psychic-homily-backend/internal/services/email.go:41.23,43.3 1 0
psychic-homily-backend/internal/services/email.go:45.2,85.16 5 0
psychic-homily-backend/internal/services/email.go:85.16,86.46 1 0
psychic-homily-backend/internal/services/email.go:86.46,90.4 3 0
psychic-homily-backend/internal/services/email.go:91.3,91.66 1 0
psychic-homily-backend/internal/services/email.go:94.2,94.12 1 0
psychic-homily-backend/internal/services/email.go:98.72,99.23 1 0
psychic-homily-backend/internal/services/email.go:99.23,101.3 1 0
psychic-homily-backend/internal/services/email.go:103.2,143.16 5 0
psychic-homily-backend/internal/services/email.go:143.16,144.46 1 0
psychic-homily-backend/internal/services/email.go:144.46,148.4 3 0
psychic-homily-backend/internal/services/email.go:149.3,149.64 1 0
psychic-homily-backend/internal/services/email.go:152.2,152.12 1 0
psychic-homily-backend/internal/services/email.go:156.97,157.23 1 0
psychic-homily-backend/internal/services/email.go:157.23,159.3 1 0
psychic-homily-backend/internal/services/email.go:161.2,201.16 5 0
psychic-homily-backend/internal/services/email.go:201.16,202.46 1 0
psychic-homily-backend/internal/services/email.go:202.46,206.4 3 0
psychic-homily-backend/internal/services/email.go:207.3,207.70 1 0
psychic-homily-backend/internal/services/email.go:210.2,210.12 1 0
psychic-homily-backend/internal/services/extraction.go:48.85,54.2 1 1
psychic-homily-backend/internal/services/extraction.go:121.96,122.37 1 1
psychic-homily-backend/internal/services/extraction.go:122.37,127.3 1 1
psychic-homily-backend/internal/services/extraction.go:130.2,137.18 2 1
psychic-homily-backend/internal/services/extraction.go:138.14,139.40 1 1
psychic-homily-backend/internal/services/extraction.go:139.40,141.4 1 1
psychic-homily-backend/internal/services/extraction.go:142.3,142.28 1 1
psychic-homily-backend/internal/services/extraction.go:142.28,144.4 1 1
psychic-homily-backend/internal/services/extraction.go:145.23,146.26 1 1
psychic-homily-backend/internal/services/extraction.go:146.26,148.4 1 1
psychic-homily-backend/internal/services/extraction.go:149.3,149.26 1 1
psychic-homily-backend/internal/services/extraction.go:149.26,151.4 1 1
psychic-homily-backend/internal/services/extraction.go:152.3,152.38 1 1
psychic-homily-backend/internal/services/extraction.go:152.38,154.4 1 1
psychic-homily-backend/internal/services/extraction.go:155.3,155.50 1 1
psychic-homily-backend/internal/services/extraction.go:155.50,157.4 1 1
psychic-homily-backend/internal/services/extraction.go:158.10,159.120 1 1
psychic-homily-backend/internal/services/extraction.go:163.2,167.16 3 1
psychic-homily-backend/internal/services/extraction.go:167.16,168.124 1 1
psychic-homily-backend/internal/services/extraction.go:168.124,170.4 1 0
psychic-homily-backend/internal/services/extraction.go:171.3,171.97 1 1
psychic-homily-backend/internal/services/extraction.go:175.2,176.19 2 0
psychic-homily-backend/internal/services/extraction.go:176.19,182.3 1 0
psychic-homily-backend/internal/services/extraction.go:184.2,188.26 3 0
psychic-homily-backend/internal/services/extraction.go:188.26,190.3 1 0
psychic-homily-backend/internal/services/extraction.go:191.2,196.35 4 0
psychic-homily-backend/internal/services/extraction.go:196.35,197.25 1 0
psychic-homily-backend/internal/services/extraction.go:197.25,199.4 1 0
psychic-homily-backend/internal/services/extraction.go:199.9,199.36 1 0
psychic-homily-backend/internal/services/extraction.go:199.36,201.4 1 0
psychic-homily-backend/internal/services/extraction.go:203.2,204.40 2 0
psychic-homily-backend/internal/services/extraction.go:204.40,206.23 2 0
psychic-homily-backend/internal/services/extraction.go:206.23,208.4 1 0
psychic-homily-backend/internal/services/extraction.go:209.3,209.25 1 0
psychic-homily-backend/internal/services/extraction.go:209.25,211.4 1 0
psychic-homily-backend/internal/services/extraction.go:212.3,212.19 1 0
psychic-homily-backend/internal/services/extraction.go:212.19,214.4 1 0
psychic-homily-backend/internal/services/extraction.go:215.3,215.85 1 0
psychic-homily-backend/internal/services/extraction.go:219.2,220.58 2 0
psychic-homily-backend/internal/services/extraction.go:220.58,221.40 1 0
psychic-homily-backend/internal/services/extraction.go:221.40,223.4 1 0
psychic-homily-backend/internal/services/extraction.go:223.9,225.4 1 0
psychic-homily-backend/internal/services/extraction.go:229.2,233.48 2 0
psychic-homily-backend/internal/services/extraction.go:233.48,235.3 1 0
psychic-homily-backend/internal/services/extraction.go:236.2,236.48 1 0
psychic-homily-backend/internal/services/extraction.go:236.48,238.3 1 0
psychic-homily-backend/internal/services/extraction.go:239.2,239.48 1 0
psychic-homily-backend/internal/services/extraction.go:239.48,241.3 1 0
psychic-homily-backend/internal/services/extraction.go:242.2,242.48 1 0
psychic-homily-backend/internal/services/extraction.go:242.48,244.3 1 0
psychic-homily-backend/internal/services/extraction.go:245.2,245.55 1 0
psychic-homily-backend/internal/services/extraction.go:245.55,247.3 1 0
psychic-homily-backend/internal/services/extraction.go:249.2,253.23 2 0
psychic-homily-backend/internal/services/extraction.go:253.23,255.3 1 0
psychic-homily-backend/internal/services/extraction.go:257.2,257.18 1 0
psychic-homily-backend/internal/services/extraction.go:261.85,262.18 1 1
psychic-homily-backend/internal/services/extraction.go:263.14,269.4 1 1
psychic-homily-backend/internal/services/extraction.go:270.15,284.4 1 1
psychic-homily-backend/internal/services/extraction.go:285.10,287.40 2 1
psychic-homily-backend/internal/services/extraction.go:287.40,289.4 1 1
psychic-homily-backend/internal/services/extraction.go:290.3,303.4 1 1
psychic-homily-backend/internal/services/extraction.go:332.86,346.16 3 1
psychic-homily-backend/internal/services/extraction.go:346.16,348.3 1 0
psychic-homily-backend/internal/services/extraction.go:350.2,351.16 2 1
psychic-homily-backend/internal/services/extraction.go:351.16,353.3 1 0
psychic-homily-backend/internal/services/extraction.go:355.2,361.16 6 1
psychic-homily-backend/internal/services/extraction.go:361.16,363.3 1 0
psychic-homily-backend/internal/services/extraction.go:364.2,367.16 3 1
psychic-homily-backend/internal/services/extraction.go:367.16,369.3 1 0
psychic-homily-backend/internal/services/extraction.go:371.2,371.38 1 1
psychic-homily-backend/internal/services/extraction.go:371.38,373.3 1 1
psychic-homily-backend/internal/services/extraction.go:375.2,376.55 2 0
psychic-homily-backend/internal/services/extraction.go:376.55,378.3 1 0
psychic-homily-backend/internal/services/extraction.go:380.2,380.26 1 0
psychic-homily-backend/internal/services/extraction.go:380.26,382.3 1 0
psychic-homily-backend/internal/services/extraction.go:385.2,386.40 2 0
psychic-homily-backend/internal/services/extraction.go:386.40,387.27 1 0
psychic-homily-backend/internal/services/extraction.go:387.27,389.4 1 0
psychic-homily-backend/internal/services/extraction.go:392.2,392.26 1 0
psychic-homily-backend/internal/services/extraction.go:396.66,399.62 2 1
psychic-homily-backend/internal/services/extraction.go:399.62,401.3 1 1
psychic-homily-backend/internal/services/extraction.go:404.2,405.71 2 1
psychic-homily-backend/internal/services/extraction.go:405.71,406.88 1 1
psychic-homily-backend/internal/services/extraction.go:406.88,408.4 1 1
psychic-homily-backend/internal/services/extraction.go:412.2,413.53 2 1
psychic-homily-backend/internal/services/extraction.go:413.53,414.64 1 1
psychic-homily-backend/internal/services/extraction.go:414.64,416.4 1 1
psychic-homily-backend/internal/services/extraction.go:419.2,419.12 1 1
psychic-homily-backend/internal/services/extraction.go:429.67,431.9 2 1
psychic-homily-backend/internal/services/extraction.go:431.9,433.3 1 1
psychic-homily-backend/internal/services/extraction.go:435.2,436.9 2 1
psychic-homily-backend/internal/services/extraction.go:436.9,438.3 1 1
psychic-homily-backend/internal/services/extraction.go:440.2,441.36 2 1
psychic-homily-backend/internal/services/extraction.go:441.36,443.10 2 1
psychic-homily-backend/internal/services/extraction.go:443.10,444.12 1 0
psychic-homily-backend/internal/services/extraction.go:446.3,448.17 3 1
psychic-homily-backend/internal/services/extraction.go:448.17,450.4 1 1
psychic-homily-backend/internal/services/extraction.go:453.2,453.16 1 1
psychic-homily-backend/internal/services/extraction.go:457.84,460.33 2 0
psychic-homily-backend/internal/services/extraction.go:460.33,468.43 3 0
psychic-homily-backend/internal/services/extraction.go:468.43,471.36 2 0
psychic-homily-backend/internal/services/extraction.go:471.36,472.44 1 0
psychic-homily-backend/internal/services/extraction.go:472.44,474.11 2 0
psychic-homily-backend/internal/services/extraction.go:478.4,478.25 1 0
psychic-homily-backend/internal/services/extraction.go:478.25,482.5 3 0
psychic-homily-backend/internal/services/extraction.go:482.10,485.35 2 0
psychic-homily-backend/internal/services/extraction.go:485.35,487.6 1 0
psychic-homily-backend/internal/services/extraction.go:488.5,489.32 2 0
psychic-homily-backend/internal/services/extraction.go:489.32,495.6 1 0
psychic-homily-backend/internal/services/extraction.go:496.5,496.37 1 0
psychic-homily-backend/internal/services/extraction.go:500.3,500.36 1 0
psychic-homily-backend/internal/services/extraction.go:503.2,503.16 1 0
psychic-homily-backend/internal/services/extraction.go:507.87,509.9 2 0
psychic-homily-backend/internal/services/extraction.go:509.9,511.3 1 0
psychic-homily-backend/internal/services/extraction.go:513.2,514.9 2 0
psychic-homily-backend/internal/services/extraction.go:514.9,516.3 1 0
psychic-homily-backend/internal/services/extraction.go:518.2,519.16 2 0
psychic-homily-backend/internal/services/extraction.go:519.16,521.3 1 0
psychic-homily-backend/internal/services/extraction.go:523.2,534.42 5 0
psychic-homily-backend/internal/services/extraction.go:534.42,537.35 2 0
psychic-homily-backend/internal/services/extraction.go:537.35,538.39 1 0
psychic-homily-backend/internal/services/extraction.go:538.39,540.10 2 0
psychic-homily-backend/internal/services/extraction.go:544.3,544.24 1 0
psychic-homily-backend/internal/services/extraction.go:544.24,550.4 5 0
psychic-homily-backend/internal/services/extraction.go:550.9,553.34 2 0
psychic-homily-backend/internal/services/extraction.go:553.34,555.5 1 0
psychic-homily-backend/internal/services/extraction.go:556.4,557.31 2 0
psychic-homily-backend/internal/services/extraction.go:557.31,565.5 1 0
psychic-homily-backend/internal/services/extraction.go:566.4,566.36 1 0
psychic-homily-backend/internal/services/extraction.go:570.2,570.15 1 0
psychic-homily-backend/internal/services/favorite_venue.go:20.71,21.21 1 1
psychic-homily-backend/internal/services/favorite_venue.go:21.21,23.3 1 1
psychic-homily-backend/internal/services/favorite_venue.go:24.2,26.3 1 1
psychic-homily-backend/internal/services/favorite_venue.go:59.74,60.17 1 1
psychic-homily-backend/internal/services/favorite_venue.go:60.17,62.3 1 1
psychic-homily-backend/internal/services/favorite_venue.go:65.2,66.58 2 1
psychic-homily-backend/internal/services/favorite_venue.go:66.58,67.36 1 1
psychic-homily-backend/internal/services/favorite_venue.go:67.36,69.4 1 1
psychic-homily-backend/internal/services/favorite_venue.go:70.3,70.55 1 0
psychic-homily-backend/internal/services/favorite_venue.go:74.2,85.16 3 1
psychic-homily-backend/internal/services/favorite_venue.go:85.16,87.3 1 0
psychic-homily-backend/internal/services/favorite_venue.go:89.2,89.12 1 1
psychic-homily-backend/internal/services/favorite_venue.go:93.76,94.17 1 1
psychic-homily-backend/internal/services/favorite_venue.go:94.17,96.3 1 1
psychic-homily-backend/internal/services/favorite_venue.go:98.2,101.25 2 1
psychic-homily-backend/internal/services/favorite_venue.go:101.25,103.3 1 0
psychic-homily-backend/internal/services/favorite_venue.go:105.2,105.30 1 1
psychic-homily-backend/internal/services/favorite_venue.go:105.30,107.3 1 1
psychic-homily-backend/internal/services/favorite_venue.go:109.2,109.12 1 1
psychic-homily-backend/internal/services/favorite_venue.go:114.127,115.17 1 1
psychic-homily-backend/internal/services/favorite_venue.go:115.17,117.3 1 1
psychic-homily-backend/internal/services/favorite_venue.go:120.2,123.35 2 1
psychic-homily-backend/internal/services/favorite_venue.go:123.35,125.3 1 0
psychic-homily-backend/internal/services/favorite_venue.go:128.2,135.16 3 1
psychic-homily-backend/internal/services/favorite_venue.go:135.16,137.3 1 0
psychic-homily-backend/internal/services/favorite_venue.go:140.2,142.36 3 1
psychic-homily-backend/internal/services/favorite_venue.go:142.36,145.3 2 1
psychic-homily-backend/internal/services/favorite_venue.go:147.2,147.24 1 1
psychic-homily-backend/internal/services/favorite_venue.go:147.24,149.3 1 1
psychic-homily-backend/internal/services/favorite_venue.go:152.2,154.16 3 1
psychic-homily-backend/internal/services/favorite_venue.go:154.16,156.3 1 0
psychic-homily-backend/internal/services/favorite_venue.go:159.2,160.24 2 1
psychic-homily-backend/internal/services/favorite_venue.go:160.24,162.3 1 1
psychic-homily-backend/internal/services/favorite_venue.go:165.2,180.16 5 1
psychic-homily-backend/internal/services/favorite_venue.go:180.16,182.3 1 0
psychic-homily-backend/internal/services/favorite_venue.go:184.2,185.32 2 1
psychic-homily-backend/internal/services/favorite_venue.go:185.32,187.3 1 1
psychic-homily-backend/internal/services/favorite_venue.go:190.2,191.36 2 1
psychic-homily-backend/internal/services/favorite_venue.go:191.36,192.44 1 1
psychic-homily-backend/internal/services/favorite_venue.go:192.44,194.25 2 1
psychic-homily-backend/internal/services/favorite_venue.go:194.25,196.5 1 0
psychic-homily-backend/internal/services/favorite_venue.go:197.4,207.6 1 1
psychic-homily-backend/internal/services/favorite_venue.go:211.2,211.30 1 1
psychic-homily-backend/internal/services/favorite_venue.go:215.85,216.17 1 1
psychic-homily-backend/internal/services/favorite_venue.go:216.17,218.3 1 1
psychic-homily-backend/internal/services/favorite_venue.go:220.2,225.16 3 1
psychic-homily-backend/internal/services/favorite_venue.go:225.16,227.3 1 0
psychic-homily-backend/internal/services/favorite_venue.go:229.2,229.23 1 1
psychic-homily-backend/internal/services/favorite_venue.go:234.156,235.17 1 1
psychic-homily-backend/internal/services/favorite_venue.go:235.17,237.3 1 1
psychic-homily-backend/internal/services/favorite_venue.go:240.2,242.16 3 1
psychic-homily-backend/internal/services/favorite_venue.go:242.16,244.3 1 0
psychic-homily-backend/internal/services/favorite_venue.go:246.2,246.30 1 1
psychic-homily-backend/internal/services/favorite_venue.go:246.30,248.3 1 1
psychic-homily-backend/internal/services/favorite_venue.go:250.2,251.36 2 1
psychic-homily-backend/internal/services/favorite_venue.go:251.36,253.3 1 1
psychic-homily-backend/internal/services/favorite_venue.go:256.2,269.16 5 1
psychic-homily-backend/internal/services/favorite_venue.go:269.16,271.3 1 0
psychic-homily-backend/internal/services/favorite_venue.go:274.2,284.16 3 1
psychic-homily-backend/internal/services/favorite_venue.go:284.16,286.3 1 0
psychic-homily-backend/internal/services/favorite_venue.go:288.2,288.21 1 1
psychic-homily-backend/internal/services/favorite_venue.go:288.21,290.3 1 0
psychic-homily-backend/internal/services/favorite_venue.go:293.2,294.29 2 1
psychic-homily-backend/internal/services/favorite_venue.go:294.29,296.3 1 1
psychic-homily-backend/internal/services/favorite_venue.go:299.2,310.16 4 1
psychic-homily-backend/internal/services/favorite_venue.go:310.16,312.3 1 0
psychic-homily-backend/internal/services/favorite_venue.go:315.2,316.41 2 1
psychic-homily-backend/internal/services/favorite_venue.go:316.41,318.3 1 1
psychic-homily-backend/internal/services/favorite_venue.go:319.2,320.29 2 1
psychic-homily-backend/internal/services/favorite_venue.go:320.29,322.3 1 1
psychic-homily-backend/internal/services/favorite_venue.go:325.2,326.29 2 1
psychic-homily-backend/internal/services/favorite_venue.go:326.29,328.17 2 1
psychic-homily-backend/internal/services/favorite_venue.go:328.17,330.4 1 0
psychic-homily-backend/internal/services/favorite_venue.go:334.2,335.24 2 1
psychic-homily-backend/internal/services/favorite_venue.go:335.24,337.3 1 1
psychic-homily-backend/internal/services/favorite_venue.go:340.2,341.41 2 1
psychic-homily-backend/internal/services/favorite_venue.go:341.41,342.47 1 1
psychic-homily-backend/internal/services/favorite_venue.go:342.47,344.4 1 1
psychic-homily-backend/internal/services/favorite_venue.go:348.2,352.29 3 1
psychic-homily-backend/internal/services/favorite_venue.go:352.29,356.44 3 1
psychic-homily-backend/internal/services/favorite_venue.go:356.44,359.25 3 1
psychic-homily-backend/internal/services/favorite_venue.go:359.25,361.5 1 0
psychic-homily-backend/internal/services/favorite_venue.go:364.3,367.23 3 1
psychic-homily-backend/internal/services/favorite_venue.go:367.23,369.4 1 0
psychic-homily-backend/internal/services/favorite_venue.go:371.3,384.5 1 1
psychic-homily-backend/internal/services/favorite_venue.go:387.2,387.30 1 1
psychic-homily-backend/internal/services/favorite_venue.go:391.100,393.23 2 1
psychic-homily-backend/internal/services/favorite_venue.go:393.23,395.3 1 0
psychic-homily-backend/internal/services/favorite_venue.go:398.2,403.33 4 1
psychic-homily-backend/internal/services/favorite_venue.go:403.33,405.3 1 1
psychic-homily-backend/internal/services/favorite_venue.go:408.2,409.27 2 1
psychic-homily-backend/internal/services/favorite_venue.go:409.27,412.29 3 1
psychic-homily-backend/internal/services/favorite_venue.go:412.29,414.4 1 1
psychic-homily-backend/internal/services/favorite_venue.go:418.2,418.33 1 1
psychic-homily-backend/internal/services/favorite_venue.go:418.33,420.10 2 1
psychic-homily-backend/internal/services/favorite_venue.go:420.10,421.12 1 0
psychic-homily-backend/internal/services/favorite_venue.go:423.3,438.25 5 1
psychic-homily-backend/internal/services/favorite_venue.go:438.25,440.4 1 0
psychic-homily-backend/internal/services/favorite_venue.go:442.3,452.5 1 1
psychic-homily-backend/internal/services/favorite_venue.go:455.2,455.15 1 1
psychic-homily-backend/internal/services/favorite_venue.go:460.105,461.17 1 1
psychic-homily-backend/internal/services/favorite_venue.go:461.17,463.3 1 1
psychic-homily-backend/internal/services/favorite_venue.go:465.2,467.24 2 1
psychic-homily-backend/internal/services/favorite_venue.go:467.24,469.3 1 1
psychic-homily-backend/internal/services/favorite_venue.go:471.2,475.16 3 1
psychic-homily-backend/internal/services/favorite_venue.go:475.16,477.3 1 0
psychic-homily-backend/internal/services/favorite_venue.go:479.2,479.36 1 1
psychic-homily-backend/internal/services/favorite_venue.go:479.36,481.3 1 1
psychic-homily-backend/internal/services/favorite_venue.go:483.2,483.20 1 1
psychic-homily-backend/internal/services/jwt.go:22.71,27.2 1 1
psychic-homily-backend/internal/services/jwt.go:30.69,42.2 3 1
psychic-homily-backend/internal/services/jwt.go:46.78,47.83 1 1
psychic-homily-backend/internal/services/jwt.go:47.83,48.58 1 1
psychic-homily-backend/internal/services/jwt.go:48.58,50.4 1 0
psychic-homily-backend/internal/services/jwt.go:51.3,51.45 1 1
psychic-homily-backend/internal/services/jwt.go:54.2,54.16 1 1
psychic-homily-backend/internal/services/jwt.go:54.16,55.42 1 1
psychic-homily-backend/internal/services/jwt.go:55.42,57.4 1 1
psychic-homily-backend/internal/services/jwt.go:58.3,58.45 1 1
psychic-homily-backend/internal/services/jwt.go:61.2,61.67 1 1
psychic-homily-backend/internal/services/jwt.go:61.67,67.17 3 1
psychic-homily-backend/internal/services/jwt.go:67.17,69.4 1 1
psychic-homily-backend/internal/services/jwt.go:71.3,71.19 1 0
psychic-homily-backend/internal/services/jwt.go:74.2,74.44 1 0
psychic-homily-backend/internal/services/jwt.go:78.71,80.16 2 1
psychic-homily-backend/internal/services/jwt.go:80.16,82.3 1 1
psychic-homily-backend/internal/services/jwt.go:84.2,84.28 1 0
psychic-homily-backend/internal/services/jwt.go:90.112,93.16 2 1
psychic-homily-backend/internal/services/jwt.go:93.16,95.3 1 0
psychic-homily-backend/internal/services/jwt.go:98.2,99.91 2 1
psychic-homily-backend/internal/services/jwt.go:99.91,100.58 1 1
psychic-homily-backend/internal/services/jwt.go:100.58,102.4 1 0
psychic-homily-backend/internal/services/jwt.go:103.3,103.45 1 1
psychic-homily-backend/internal/services/jwt.go:106.2,106.21 1 1
psychic-homily-backend/internal/services/jwt.go:106.21,108.3 1 1
psychic-homily-backend/internal/services/jwt.go:110.2,111.9 2 1
psychic-homily-backend/internal/services/jwt.go:111.9,113.3 1 0
psychic-homily-backend/internal/services/jwt.go:116.2,117.9 2 1
psychic-homily-backend/internal/services/jwt.go:117.9,119.3 1 1
psychic-homily-backend/internal/services/jwt.go:121.2,122.39 2 1
psychic-homily-backend/internal/services/jwt.go:122.39,124.3 1 1
psychic-homily-backend/internal/services/jwt.go:127.2,129.70 3 1
psychic-homily-backend/internal/services/jwt.go:129.70,131.3 1 1
psychic-homily-backend/internal/services/jwt.go:134.2,136.20 3 1
psychic-homily-backend/internal/services/jwt.go:136.20,138.3 1 1
psychic-homily-backend/internal/services/jwt.go:140.2,140.18 1 0
psychic-homily-backend/internal/services/jwt.go:152.89,166.2 3 1
psychic-homily-backend/internal/services/jwt.go:169.102,170.121 1 1
psychic-homily-backend/internal/services/jwt.go:170.121,171.58 1 1
psychic-homily-backend/internal/services/jwt.go:171.58,173.4 1 0
psychic-homily-backend/internal/services/jwt.go:174.3,174.45 1 1
psychic-homily-backend/internal/services/jwt.go:177.2,177.16 1 1
[...]
psychic-homily-backend/internal/services/venue.go:648.25,650.3 1 1
psychic-homily-backend/internal/services/venue.go:651.2,651.114 1 1
psychic-homily-backend/internal/services/venue.go:651.114,653.3 1 0
psychic-homily-backend/internal/services/venue.go:656.2,657.22 2 1
psychic-homily-backend/internal/services/venue.go:657.22,658.97 1 1
psychic-homily-backend/internal/services/venue.go:658.97,660.4 1 0
psychic-homily-backend/internal/services/venue.go:664.2,666.20 3 1
psychic-homily-backend/internal/services/venue.go:666.20,669.30 3 1
psychic-homily-backend/internal/services/venue.go:669.30,671.4 1 1
psychic-homily-backend/internal/services/venue.go:672.3,673.40 2 1
psychic-homily-backend/internal/services/venue.go:673.40,676.4 2 0
psychic-homily-backend/internal/services/venue.go:680.2,681.27 2 1
psychic-homily-backend/internal/services/venue.go:681.27,684.29 3 0
psychic-homily-backend/internal/services/venue.go:684.29,686.4 1 0
psychic-homily-backend/internal/services/venue.go:690.2,691.29 2 1
psychic-homily-backend/internal/services/venue.go:691.29,693.46 2 1
psychic-homily-backend/internal/services/venue.go:693.46,695.11 2 0
psychic-homily-backend/internal/services/venue.go:695.11,696.13 1 0
psychic-homily-backend/internal/services/venue.go:698.4,711.26 5 0
psychic-homily-backend/internal/services/venue.go:711.26,713.5 1 0
psychic-homily-backend/internal/services/venue.go:714.4,723.6 1 0
psychic-homily-backend/internal/services/venue.go:726.3,735.4 1 1
psychic-homily-backend/internal/services/venue.go:738.2,738.30 1 1
psychic-homily-backend/internal/services/venue.go:750.71,751.17 1 1
psychic-homily-backend/internal/services/venue.go:751.17,753.3 1 1
psychic-homily-backend/internal/services/venue.go:755.2,768.16 4 1
psychic-homily-backend/internal/services/venue.go:768.16,770.3 1 0
psychic-homily-backend/internal/services/venue.go:772.2,773.28 2 1
psychic-homily-backend/internal/services/venue.go:773.28,779.3 1 1
psychic-homily-backend/internal/services/venue.go:781.2,781.23 1 1
psychic-homily-backend/internal/services/venue.go:842.130,868.40 2 1
psychic-homily-backend/internal/services/venue.go:868.40,870.3 1 1
psychic-homily-backend/internal/services/venue.go:872.2,872.34 1 1
psychic-homily-backend/internal/services/venue.go:872.34,875.3 2 1
psychic-homily-backend/internal/services/venue.go:877.2,877.63 1 1
psychic-homily-backend/internal/services/venue.go:877.63,880.3 2 1
psychic-homily-backend/internal/services/venue.go:882.2,882.13 1 1
psychic-homily-backend/internal/services/venue.go:886.53,887.51 1 1
psychic-homily-backend/internal/services/venue.go:887.51,889.3 1 1
psychic-homily-backend/internal/services/venue.go:890.2,890.27 1 0
psychic-homily-backend/internal/services/venue.go:890.27,892.3 1 0
psychic-homily-backend/internal/services/venue.go:893.2,893.26 1 0
psychic-homily-backend/internal/services/venue.go:893.26,895.3 1 0
psychic-homily-backend/internal/services/venue.go:896.2,896.23 1 0
psychic-homily-backend/internal/services/venue.go:896.23,898.3 1 0
psychic-homily-backend/internal/services/venue.go:899.2,899.23 1 0
psychic-homily-backend/internal/services/venue.go:903.132,904.17 1 1
psychic-homily-backend/internal/services/venue.go:904.17,906.3 1 1
psychic-homily-backend/internal/services/venue.go:909.2,910.58 2 1
psychic-homily-backend/internal/services/venue.go:910.58,911.36 1 1
psychic-homily-backend/internal/services/venue.go:911.36,913.4 1 1
psychic-homily-backend/internal/services/venue.go:914.3,914.57 1 0
psychic-homily-backend/internal/services/venue.go:918.2,920.16 3 1
psychic-homily-backend/internal/services/venue.go:920.16,922.3 1 1
psychic-homily-backend/internal/services/venue.go:922.8,922.42 1 1
psychic-homily-backend/internal/services/venue.go:922.42,924.3 1 0
psychic-homily-backend/internal/services/venue.go:927.2,946.55 2 1
psychic-homily-backend/internal/services/venue.go:946.55,948.3 1 0
psychic-homily-backend/internal/services/venue.go:951.2,951.114 1 1
psychic-homily-backend/internal/services/venue.go:951.114,953.3 1 0
psychic-homily-backend/internal/services/venue.go:955.2,955.64 1 1
psychic-homily-backend/internal/services/venue.go:959.109,960.17 1 1
psychic-homily-backend/internal/services/venue.go:960.17,962.3 1 1
psychic-homily-backend/internal/services/venue.go:964.2,968.16 3 1
psychic-homily-backend/internal/services/venue.go:968.16,969.36 1 1
psychic-homily-backend/internal/services/venue.go:969.36,971.4 1 1
psychic-homily-backend/internal/services/venue.go:972.3,972.64 1 0
psychic-homily-backend/internal/services/venue.go:975.2,975.58 1 1
psychic-homily-backend/internal/services/venue.go:979.108,980.17 1 1
psychic-homily-backend/internal/services/venue.go:980.17,982.3 1 1
psychic-homily-backend/internal/services/venue.go:984.2,985.134 2 1
psychic-homily-backend/internal/services/venue.go:985.134,987.3 1 0
psychic-homily-backend/internal/services/venue.go:989.2,995.16 3 1
psychic-homily-backend/internal/services/venue.go:995.16,997.3 1 0
psychic-homily-backend/internal/services/venue.go:999.2,1000.29 2 1
psychic-homily-backend/internal/services/venue.go:1000.29,1002.3 1 1
psychic-homily-backend/internal/services/venue.go:1004.2,1004.30 1 1
psychic-homily-backend/internal/services/venue.go:1008.92,1009.17 1 1
psychic-homily-backend/internal/services/venue.go:1009.17,1011.3 1 1
psychic-homily-backend/internal/services/venue.go:1013.2,1016.16 3 1
psychic-homily-backend/internal/services/venue.go:1016.16,1017.36 1 0
psychic-homily-backend/internal/services/venue.go:1017.36,1019.4 1 0
psychic-homily-backend/internal/services/venue.go:1020.3,1020.64 1 0
psychic-homily-backend/internal/services/venue.go:1023.2,1023.58 1 1
psychic-homily-backend/internal/services/venue.go:1027.101,1028.17 1 1
psychic-homily-backend/internal/services/venue.go:1028.17,1030.3 1 1
psychic-homily-backend/internal/services/venue.go:1033.2,1034.56 2 1
psychic-homily-backend/internal/services/venue.go:1034.56,1035.36 1 0
psychic-homily-backend/internal/services/venue.go:1035.36,1037.4 1 0
psychic-homily-backend/internal/services/venue.go:1038.3,1038.64 1 0
psychic-homily-backend/internal/services/venue.go:1041.2,1041.50 1 1
psychic-homily-backend/internal/services/venue.go:1041.50,1043.3 1 1
psychic-homily-backend/internal/services/venue.go:1046.2,1047.63 2 1
psychic-homily-backend/internal/services/venue.go:1047.63,1049.3 1 0
psychic-homily-backend/internal/services/venue.go:1052.2,1053.15 2 1
psychic-homily-backend/internal/services/venue.go:1053.15,1054.31 1 1
psychic-homily-backend/internal/services/venue.go:1054.31,1056.4 1 0
psychic-homily-backend/internal/services/venue.go:1060.2,1061.22 2 1
psychic-homily-backend/internal/services/venue.go:1061.22,1063.3 1 1
psychic-homily-backend/internal/services/venue.go:1064.2,1064.25 1 1
psychic-homily-backend/internal/services/venue.go:1064.25,1066.3 1 1
psychic-homily-backend/internal/services/venue.go:1067.2,1067.22 1 1
psychic-homily-backend/internal/services/venue.go:1067.22,1069.3 1 0
psychic-homily-backend/internal/services/venue.go:1070.2,1070.23 1 1
psychic-homily-backend/internal/services/venue.go:1070.23,1072.3 1 0
psychic-homily-backend/internal/services/venue.go:1073.2,1073.25 1 1
psychic-homily-backend/internal/services/venue.go:1073.25,1075.3 1 0
psychic-homily-backend/internal/services/venue.go:1076.2,1076.27 1 1
psychic-homily-backend/internal/services/venue.go:1076.27,1078.3 1 0
psychic-homily-backend/internal/services/venue.go:1079.2,1079.26 1 1
psychic-homily-backend/internal/services/venue.go:1079.26,1081.3 1 0
psychic-homily-backend/internal/services/venue.go:1082.2,1082.25 1 1
psychic-homily-backend/internal/services/venue.go:1082.25,1084.3 1 0
psychic-homily-backend/internal/services/venue.go:1085.2,1085.25 1 1
psychic-homily-backend/internal/services/venue.go:1085.25,1087.3 1 0
psychic-homily-backend/internal/services/venue.go:1088.2,1088.25 1 1
psychic-homily-backend/internal/services/venue.go:1088.25,1090.3 1 0
psychic-homily-backend/internal/services/venue.go:1091.2,1091.28 1 1
psychic-homily-backend/internal/services/venue.go:1091.28,1093.3 1 0
psychic-homily-backend/internal/services/venue.go:1094.2,1094.26 1 1
psychic-homily-backend/internal/services/venue.go:1094.26,1096.3 1 0
psychic-homily-backend/internal/services/venue.go:1097.2,1097.25 1 1
psychic-homily-backend/internal/services/venue.go:1097.25,1099.3 1 0
psychic-homily-backend/internal/services/venue.go:1101.2,1101.22 1 1
psychic-homily-backend/internal/services/venue.go:1101.22,1102.65 1 1
psychic-homily-backend/internal/services/venue.go:1102.65,1105.4 2 0
psychic-homily-backend/internal/services/venue.go:1109.2,1114.23 2 1
psychic-homily-backend/internal/services/venue.go:1114.23,1117.3 2 0
psychic-homily-backend/internal/services/venue.go:1119.2,1119.42 1 1
psychic-homily-backend/internal/services/venue.go:1119.42,1121.3 1 0
psychic-homily-backend/internal/services/venue.go:1124.2,1124.63 1 1
psychic-homily-backend/internal/services/venue.go:1124.63,1126.3 1 0
psychic-homily-backend/internal/services/venue.go:1128.2,1128.42 1 1
psychic-homily-backend/internal/services/venue.go:1132.120,1133.17 1 1
psychic-homily-backend/internal/services/venue.go:1133.17,1135.3 1 1
psychic-homily-backend/internal/services/venue.go:1138.2,1139.56 2 1
psychic-homily-backend/internal/services/venue.go:1139.56,1140.36 1 0
psychic-homily-backend/internal/services/venue.go:1140.36,1142.4 1 0
psychic-homily-backend/internal/services/venue.go:1143.3,1143.64 1 0
psychic-homily-backend/internal/services/venue.go:1146.2,1146.50 1 1
psychic-homily-backend/internal/services/venue.go:1146.50,1148.3 1 1
psychic-homily-backend/internal/services/venue.go:1151.2,1157.23 2 1
psychic-homily-backend/internal/services/venue.go:1157.23,1159.3 1 0
psychic-homily-backend/internal/services/venue.go:1162.2,1162.126 1 1
psychic-homily-backend/internal/services/venue.go:1162.126,1164.3 1 0
psychic-homily-backend/internal/services/venue.go:1166.2,1166.58 1 1
psychic-homily-backend/internal/services/venue.go:1170.79,1171.17 1 1
psychic-homily-backend/internal/services/venue.go:1171.17,1173.3 1 1
psychic-homily-backend/internal/services/venue.go:1176.2,1177.56 2 1
psychic-homily-backend/internal/services/venue.go:1177.56,1178.36 1 0
psychic-homily-backend/internal/services/venue.go:1178.36,1180.4 1 0
psychic-homily-backend/internal/services/venue.go:1181.3,1181.59 1 0
psychic-homily-backend/internal/services/venue.go:1185.2,1185.32 1 1
psychic-homily-backend/internal/services/venue.go:1185.32,1187.3 1 1
psychic-homily-backend/internal/services/venue.go:1189.2,1189.50 1 1
psychic-homily-backend/internal/services/venue.go:1189.50,1191.3 1 0
psychic-homily-backend/internal/services/venue.go:1194.2,1194.49 1 1
psychic-homily-backend/internal/services/venue.go:1194.49,1196.3 1 0
psychic-homily-backend/internal/services/venue.go:1198.2,1198.12 1 1
psychic-homily-backend/internal/services/venue.go:1202.75,1203.17 1 1
psychic-homily-backend/internal/services/venue.go:1203.17,1205.3 1 1
psychic-homily-backend/internal/services/venue.go:1207.2,1208.58 2 1
psychic-homily-backend/internal/services/venue.go:1208.58,1209.36 1 1
psychic-homily-backend/internal/services/venue.go:1209.36,1211.4 1 1
psychic-homily-backend/internal/services/venue.go:1212.3,1212.57 1 0
psychic-homily-backend/internal/services/venue.go:1215.2,1215.20 1 1
psychic-homily-backend/internal/services/venue.go:1234.106,1235.17 1 1
psychic-homily-backend/internal/services/venue.go:1235.17,1237.3 1 1
psychic-homily-backend/internal/services/venue.go:1240.2,1241.101 2 1
psychic-homily-backend/internal/services/venue.go:1241.101,1243.3 1 0
psychic-homily-backend/internal/services/venue.go:1246.2,1264.16 4 1
psychic-homily-backend/internal/services/venue.go:1264.16,1266.3 1 0
psychic-homily-backend/internal/services/venue.go:1269.2,1270.28 2 1
psychic-homily-backend/internal/services/venue.go:1270.28,1272.20 2 1
psychic-homily-backend/internal/services/venue.go:1272.20,1274.4 1 0
psychic-homily-backend/internal/services/venue.go:1275.3,1286.4 1 1
psychic-homily-backend/internal/services/venue.go:1289.2,1289.30 1 1
psychic-homily-backend/internal/services/webauthn.go:26.90,27.21 1 0
psychic-homily-backend/internal/services/webauthn.go:27.21,29.3 1 0
psychic-homily-backend/internal/services/webauthn.go:32.2,33.16 2 0
psychic-homily-backend/internal/services/webauthn.go:33.16,35.3 1 0
psychic-homily-backend/internal/services/webauthn.go:37.2,38.25 2 0
psychic-homily-backend/internal/services/webauthn.go:38.25,40.3 1 0
psychic-homily-backend/internal/services/webauthn.go:42.2,57.16 3 0
psychic-homily-backend/internal/services/webauthn.go:57.16,59.3 1 0
psychic-homily-backend/internal/services/webauthn.go:61.2,65.8 1 0
psychic-homily-backend/internal/services/webauthn.go:69.125,72.86 2 0
psychic-homily-backend/internal/services/webauthn.go:72.86,74.3 1 0
psychic-homily-backend/internal/services/webauthn.go:77.2,78.37 2 0
psychic-homily-backend/internal/services/webauthn.go:78.37,84.3 1 0
psychic-homily-backend/internal/services/webauthn.go:87.2,92.16 2 0
psychic-homily-backend/internal/services/webauthn.go:92.16,94.3 1 0
psychic-homily-backend/internal/services/webauthn.go:96.2,96.30 1 0
psychic-homily-backend/internal/services/webauthn.go:100.201,103.16 2 0
psychic-homily-backend/internal/services/webauthn.go:103.16,105.3 1 0
psychic-homily-backend/internal/services/webauthn.go:108.2,111.56 2 0
psychic-homily-backend/internal/services/webauthn.go:111.56,113.3 1 0
psychic-homily-backend/internal/services/webauthn.go:115.2,115.26 1 0
psychic-homily-backend/internal/services/webauthn.go:119.119,121.86 1 0
psychic-homily-backend/internal/services/webauthn.go:121.86,123.3 1 0
psychic-homily-backend/internal/services/webauthn.go:125.2,125.39 1 0
psychic-homily-backend/internal/services/webauthn.go:125.39,127.3 1 0
psychic-homily-backend/internal/services/webauthn.go:130.2,131.16 2 0
psychic-homily-backend/internal/services/webauthn.go:131.16,133.3 1 0
psychic-homily-backend/internal/services/webauthn.go:135.2,135.30 1 0
psychic-homily-backend/internal/services/webauthn.go:139.114,141.16 2 0
psychic-homily-backend/internal/services/webauthn.go:141.16,143.3 1 0
psychic-homily-backend/internal/services/webauthn.go:145.2,145.30 1 0
psychic-homily-backend/internal/services/webauthn.go:149.175,152.16 2 0
psychic-homily-backend/internal/services/webauthn.go:152.16,154.3 1 0
psychic-homily-backend/internal/services/webauthn.go:157.2,158.123 2 0
psychic-homily-backend/internal/services/webauthn.go:158.123,160.3 1 0
psychic-homily-backend/internal/services/webauthn.go:163.2,168.55 5 0
psychic-homily-backend/internal/services/webauthn.go:168.55,170.3 1 0
psychic-homily-backend/internal/services/webauthn.go:172.2,172.27 1 0
psychic-homily-backend/internal/services/webauthn.go:176.182,179.115 2 0
psychic-homily-backend/internal/services/webauthn.go:179.115,181.3 1 0
psychic-homily-backend/internal/services/webauthn.go:184.2,185.99 2 0
psychic-homily-backend/internal/services/webauthn.go:185.99,187.3 1 0
psychic-homily-backend/internal/services/webauthn.go:190.2,191.57 1 0
psychic-homily-backend/internal/services/webauthn.go:191.57,193.4 1 0
psychic-homily-backend/internal/services/webauthn.go:197.2,197.16 1 0
psychic-homily-backend/internal/services/webauthn.go:197.16,199.3 1 0
psychic-homily-backend/internal/services/webauthn.go:202.2,207.55 5 0
psychic-homily-backend/internal/services/webauthn.go:207.55,209.3 1 0
psychic-homily-backend/internal/services/webauthn.go:211.2,211.34 1 0
psychic-homily-backend/internal/services/webauthn.go:215.96,217.108 2 0
psychic-homily-backend/internal/services/webauthn.go:217.108,219.3 1 0
psychic-homily-backend/internal/services/webauthn.go:220.2,220.25 1 0
psychic-homily-backend/internal/services/webauthn.go:224.82,226.25 2 0
psychic-homily-backend/internal/services/webauthn.go:226.25,228.3 1 0
psychic-homily-backend/internal/services/webauthn.go:229.2,229.30 1 0
psychic-homily-backend/internal/services/webauthn.go:229.30,231.3 1 0
psychic-homily-backend/internal/services/webauthn.go:232.2,232.12 1 0
psychic-homily-backend/internal/services/webauthn.go:236.106,240.25 2 0
psychic-homily-backend/internal/services/webauthn.go:240.25,242.3 1 0
psychic-homily-backend/internal/services/webauthn.go:243.2,243.30 1 0
psychic-homily-backend/internal/services/webauthn.go:243.30,245.3 1 0
psychic-homily-backend/internal/services/webauthn.go:246.2,246.12 1 0
psychic-homily-backend/internal/services/webauthn.go:252.120,254.16 2 0
psychic-homily-backend/internal/services/webauthn.go:254.16,256.3 1 0
psychic-homily-backend/internal/services/webauthn.go:258.2,267.54 2 0
psychic-homily-backend/internal/services/webauthn.go:267.54,269.3 1 0
psychic-homily-backend/internal/services/webauthn.go:271.2,271.26 1 0
psychic-homily-backend/internal/services/webauthn.go:275.115,277.111 2 0
psychic-homily-backend/internal/services/webauthn.go:277.111,279.3 1 0
psychic-homily-backend/internal/services/webauthn.go:282.2,282.27 1 0
psychic-homily-backend/internal/services/webauthn.go:282.27,285.3 2 0
psychic-homily-backend/internal/services/webauthn.go:288.2,289.72 2 0
psychic-homily-backend/internal/services/webauthn.go:289.72,291.3 1 0
psychic-homily-backend/internal/services/webauthn.go:293.2,293.40 1 0
psychic-homily-backend/internal/services/webauthn.go:297.69,299.2 1 0
psychic-homily-backend/internal/services/webauthn.go:302.60,304.2 1 0
psychic-homily-backend/internal/services/webauthn.go:313.42,316.2 1 0
psychic-homily-backend/internal/services/webauthn.go:318.44,320.2 1 0
psychic-homily-backend/internal/services/webauthn.go:322.51,324.2 1 0
psychic-homily-backend/internal/services/webauthn.go:326.66,328.2 1 0
psychic-homily-backend/internal/services/webauthn.go:330.44,332.2 1 0
psychic-homily-backend/internal/services/webauthn.go:341.128,349.16 3 0
psychic-homily-backend/internal/services/webauthn.go:349.16,351.3 1 0
psychic-homily-backend/internal/services/webauthn.go:353.2,353.30 1 0
psychic-homily-backend/internal/services/webauthn.go:357.130,365.16 3 0
psychic-homily-backend/internal/services/webauthn.go:365.16,367.3 1 0
psychic-homily-backend/internal/services/webauthn.go:369.2,378.54 2 0
psychic-homily-backend/internal/services/webauthn.go:378.54,380.3 1 0
psychic-homily-backend/internal/services/webauthn.go:382.2,382.26 1 0
psychic-homily-backend/internal/services/webauthn.go:386.126,388.111 2 0
psychic-homily-backend/internal/services/webauthn.go:388.111,390.3 1 0
psychic-homily-backend/internal/services/webauthn.go:393.2,393.27 1 0
psychic-homily-backend/internal/services/webauthn.go:393.27,396.3 2 0
psychic-homily-backend/internal/services/webauthn.go:399.2,400.72 2 0
psychic-homily-backend/internal/services/webauthn.go:400.72,402.3 1 0
psychic-homily-backend/internal/services/webauthn.go:404.2,404.44 1 0
psychic-homily-backend/internal/services/webauthn.go:408.188,414.16 3 0
psychic-homily-backend/internal/services/webauthn.go:414.16,416.3 1 0
psychic-homily-backend/internal/services/webauthn.go:419.2,420.15 2 0
psychic-homily-backend/internal/services/webauthn.go:420.15,421.31 1 0
psychic-homily-backend/internal/services/webauthn.go:421.31,423.4 1 0
psychic-homily-backend/internal/services/webauthn.go:427.2,433.46 2 0
psychic-homily-backend/internal/services/webauthn.go:433.46,436.3 2 0
psychic-homily-backend/internal/services/webauthn.go:439.2,443.53 2 0
psychic-homily-backend/internal/services/webauthn.go:443.53,446.3 2 0
psychic-homily-backend/internal/services/webauthn.go:449.2,451.54 2 0
psychic-homily-backend/internal/services/webauthn.go:451.54,454.3 2 0
psychic-homily-backend/internal/services/webauthn.go:456.2,456.42 1 0
psychic-homily-backend/internal/services/webauthn.go:456.42,458.3 1 0
psychic-homily-backend/internal/services/webauthn.go:461.2,461.79 1 0
psychic-homily-backend/internal/services/webauthn.go:461.79,463.3 1 0
psychic-homily-backend/internal/services/webauthn.go:465.2,465.18 1 0
