mode: set
psychic-homily-backend/internal/models/api_token.go:25.36,27.2 1 0
psychic-homily-backend/internal/models/api_token.go:30.35,31.24 1 0
psychic-homily-backend/internal/models/api_token.go:31.24,33.3 1 0
psychic-homily-backend/internal/models/api_token.go:34.2,34.39 1 0
psychic-homily-backend/internal/models/api_token.go:38.37,40.2 1 0
psychic-homily-backend/internal/models/api_token.go:43.37,45.2 1 0
psychic-homily-backend/internal/models/artist.go:20.34,22.2 1 0
psychic-homily-backend/internal/models/audit_log.go:22.36,24.2 1 0
psychic-homily-backend/internal/models/favorite_venue.go:13.45,15.2 1 0
psychic-homily-backend/internal/models/saved_show.go:13.41,15.2 1 0
psychic-homily-backend/internal/models/show.go:62.32,64.2 1 0
psychic-homily-backend/internal/models/show.go:75.38,77.2 1 0
psychic-homily-backend/internal/models/show.go:86.37,88.2 1 0
psychic-homily-backend/internal/models/show_report.go:44.38,46.2 1 0
psychic-homily-backend/internal/models/user.go:34.32,36.2 1 0
psychic-homily-backend/internal/models/user.go:58.40,60.2 1 0
psychic-homily-backend/internal/models/user.go:79.43,81.2 1 0
psychic-homily-backend/internal/models/user_webauthn.go:12.36,16.2 3 1
psychic-homily-backend/internal/models/user_webauthn.go:20.38,21.38 1 1
psychic-homily-backend/internal/models/user_webauthn.go:21.38,23.3 1 1
psychic-homily-backend/internal/models/user_webauthn.go:24.2,24.44 1 1
psychic-homily-backend/internal/models/user_webauthn.go:24.44,26.3 1 1
psychic-homily-backend/internal/models/user_webauthn.go:27.2,27.11 1 1
psychic-homily-backend/internal/models/user_webauthn.go:32.45,33.46 1 1
psychic-homily-backend/internal/models/user_webauthn.go:33.46,35.45 2 1
psychic-homily-backend/internal/models/user_webauthn.go:35.45,37.4 1 1
psychic-homily-backend/internal/models/user_webauthn.go:38.3,38.14 1 1
psychic-homily-backend/internal/models/user_webauthn.go:40.2,40.25 1 1
psychic-homily-backend/internal/models/user_webauthn.go:45.60,47.44 2 1
psychic-homily-backend/internal/models/user_webauthn.go:47.44,62.3 1 1
psychic-homily-backend/internal/models/user_webauthn.go:63.2,63.20 1 1
psychic-homily-backend/internal/models/user_webauthn.go:68.38,69.24 1 1
psychic-homily-backend/internal/models/user_webauthn.go:69.24,71.3 1 1
psychic-homily-backend/internal/models/user_webauthn.go:72.2,72.11 1 1
psychic-homily-backend/internal/models/user_webauthn.go:76.107,78.29 2 1
psychic-homily-backend/internal/models/user_webauthn.go:78.29,81.36 2 1
psychic-homily-backend/internal/models/user_webauthn.go:81.36,82.13 1 1
psychic-homily-backend/internal/models/user_webauthn.go:82.13,84.5 1 1
psychic-homily-backend/internal/models/user_webauthn.go:85.4,85.41 1 1
psychic-homily-backend/internal/models/user_webauthn.go:87.3,87.20 1 1
psychic-homily-backend/internal/models/user_webauthn.go:90.2,102.3 1 1
psychic-homily-backend/internal/models/user_webauthn.go:106.80,108.48 1 1
psychic-homily-backend/internal/models/user_webauthn.go:108.48,110.3 1 1
psychic-homily-backend/internal/models/user_webauthn.go:113.2,116.35 2 1
psychic-homily-backend/internal/models/user_webauthn.go:116.35,118.3 1 1
psychic-homily-backend/internal/models/user_webauthn.go:119.2,119.35 1 1
psychic-homily-backend/internal/models/user_webauthn.go:119.35,121.3 1 1
psychic-homily-backend/internal/models/user_webauthn.go:122.2,122.35 1 1
psychic-homily-backend/internal/models/user_webauthn.go:122.35,124.3 1 1
psychic-homily-backend/internal/models/user_webauthn.go:125.2,125.40 1 1
psychic-homily-backend/internal/models/user_webauthn.go:125.40,127.3 1 1
psychic-homily-backend/internal/models/user_webauthn.go:128.2,128.38 1 1
psychic-homily-backend/internal/models/user_webauthn.go:128.38,130.3 1 1
psychic-homily-backend/internal/models/user_webauthn.go:132.2,132.19 1 1
psychic-homily-backend/internal/models/user_webauthn.go:135.38,137.2 1 1
psychic-homily-backend/internal/models/user_webauthn.go:139.47,140.43 1 1
psychic-homily-backend/internal/models/user_webauthn.go:140.43,141.35 1 1
psychic-homily-backend/internal/models/user_webauthn.go:141.35,143.4 1 1
psychic-homily-backend/internal/models/user_webauthn.go:145.2,145.14 1 1
psychic-homily-backend/internal/models/venue.go:27.33,29.2 1 0
psychic-homily-backend/internal/models/venue.go:77.44,79.2 1 0
psychic-homily-backend/internal/models/webauthn_credential.go:38.46,40.2 1 0
psychic-homily-backend/internal/models/webauthn_credential.go:55.45,57.2 1 0
psychic-homily-backend/internal/models/webauthn_credential.go:60.46,62.2 1 0
