mode: set
psychic-homily-backend/internal/api/handlers/admin.go:44.17,57.2 1 1
psychic-homily-backend/internal/api/handlers/admin.go:139.131,144.34 3 1
psychic-homily-backend/internal/api/handlers/admin.go:144.34,150.3 2 1
psychic-homily-backend/internal/api/handlers/admin.go:153.2,154.15 2 0
psychic-homily-backend/internal/api/handlers/admin.go:154.15,156.3 1 0
psychic-homily-backend/internal/api/handlers/admin.go:157.2,157.17 1 0
psychic-homily-backend/internal/api/handlers/admin.go:157.17,159.3 1 0
psychic-homily-backend/internal/api/handlers/admin.go:161.2,162.16 2 0
psychic-homily-backend/internal/api/handlers/admin.go:162.16,164.3 1 0
psychic-homily-backend/internal/api/handlers/admin.go:166.2,173.16 3 0
psychic-homily-backend/internal/api/handlers/admin.go:173.16,181.3 2 0
psychic-homily-backend/internal/api/handlers/admin.go:183.2,196.8 2 0
psychic-homily-backend/internal/api/handlers/admin.go:200.134,205.34 3 1
psychic-homily-backend/internal/api/handlers/admin.go:205.34,211.3 2 1
psychic-homily-backend/internal/api/handlers/admin.go:214.2,215.15 2 0
psychic-homily-backend/internal/api/handlers/admin.go:215.15,217.3 1 0
psychic-homily-backend/internal/api/handlers/admin.go:218.2,218.17 1 0
psychic-homily-backend/internal/api/handlers/admin.go:218.17,220.3 1 0
psychic-homily-backend/internal/api/handlers/admin.go:222.2,223.16 2 0
psychic-homily-backend/internal/api/handlers/admin.go:223.16,225.3 1 0
psychic-homily-backend/internal/api/handlers/admin.go:227.2,235.16 3 0
psychic-homily-backend/internal/api/handlers/admin.go:235.16,243.3 2 0
psychic-homily-backend/internal/api/handlers/admin.go:245.2,258.8 2 0
psychic-homily-backend/internal/api/handlers/admin.go:262.119,267.34 3 1
psychic-homily-backend/internal/api/handlers/admin.go:267.34,273.3 2 1
psychic-homily-backend/internal/api/handlers/admin.go:276.2,277.16 2 1
psychic-homily-backend/internal/api/handlers/admin.go:277.16,279.3 1 1
psychic-homily-backend/internal/api/handlers/admin.go:281.2,289.16 3 0
psychic-homily-backend/internal/api/handlers/admin.go:289.16,298.3 2 0
psychic-homily-backend/internal/api/handlers/admin.go:300.2,315.47 4 0
psychic-homily-backend/internal/api/handlers/admin.go:319.116,324.34 3 1
psychic-homily-backend/internal/api/handlers/admin.go:324.34,330.3 2 1
psychic-homily-backend/internal/api/handlers/admin.go:333.2,334.16 2 1
psychic-homily-backend/internal/api/handlers/admin.go:334.16,336.3 1 1
psychic-homily-backend/internal/api/handlers/admin.go:339.2,339.27 1 1
psychic-homily-backend/internal/api/handlers/admin.go:339.27,341.3 1 1
psychic-homily-backend/internal/api/handlers/admin.go:343.2,350.16 3 0
psychic-homily-backend/internal/api/handlers/admin.go:350.16,359.3 2 0
psychic-homily-backend/internal/api/handlers/admin.go:361.2,375.46 4 0
psychic-homily-backend/internal/api/handlers/admin.go:379.119,384.34 3 1
psychic-homily-backend/internal/api/handlers/admin.go:384.34,390.3 2 1
psychic-homily-backend/internal/api/handlers/admin.go:393.2,394.16 2 1
psychic-homily-backend/internal/api/handlers/admin.go:394.16,396.3 1 1
psychic-homily-backend/internal/api/handlers/admin.go:398.2,405.16 3 0
psychic-homily-backend/internal/api/handlers/admin.go:405.16,414.3 2 0
psychic-homily-backend/internal/api/handlers/admin.go:416.2,425.48 3 0
psychic-homily-backend/internal/api/handlers/admin.go:430.143,435.34 3 1
psychic-homily-backend/internal/api/handlers/admin.go:435.34,441.3 2 1
psychic-homily-backend/internal/api/handlers/admin.go:444.2,445.15 2 0
psychic-homily-backend/internal/api/handlers/admin.go:445.15,447.3 1 0
psychic-homily-backend/internal/api/handlers/admin.go:448.2,448.17 1 0
psychic-homily-backend/internal/api/handlers/admin.go:448.17,450.3 1 0
psychic-homily-backend/internal/api/handlers/admin.go:452.2,453.16 2 0
psychic-homily-backend/internal/api/handlers/admin.go:453.16,455.3 1 0
psychic-homily-backend/internal/api/handlers/admin.go:457.2,464.16 3 0
psychic-homily-backend/internal/api/handlers/admin.go:464.16,472.3 2 0
psychic-homily-backend/internal/api/handlers/admin.go:474.2,482.18 5 0
psychic-homily-backend/internal/api/handlers/admin.go:486.40,487.17 1 1
psychic-homily-backend/internal/api/handlers/admin.go:487.17,489.3 1 1
psychic-homily-backend/internal/api/handlers/admin.go:490.2,490.16 1 1
psychic-homily-backend/internal/api/handlers/admin.go:512.146,517.34 3 1
psychic-homily-backend/internal/api/handlers/admin.go:517.34,523.3 2 1
psychic-homily-backend/internal/api/handlers/admin.go:526.2,527.15 2 0
psychic-homily-backend/internal/api/handlers/admin.go:527.15,529.3 1 0
psychic-homily-backend/internal/api/handlers/admin.go:530.2,530.17 1 0
psychic-homily-backend/internal/api/handlers/admin.go:530.17,532.3 1 0
psychic-homily-backend/internal/api/handlers/admin.go:534.2,535.16 2 0
psychic-homily-backend/internal/api/handlers/admin.go:535.16,537.3 1 0
psychic-homily-backend/internal/api/handlers/admin.go:539.2,546.16 3 0
psychic-homily-backend/internal/api/handlers/admin.go:546.16,554.3 2 0
psychic-homily-backend/internal/api/handlers/admin.go:556.2,569.8 2 0
psychic-homily-backend/internal/api/handlers/admin.go:583.134,588.34 3 1
psychic-homily-backend/internal/api/handlers/admin.go:588.34,594.3 2 1
psychic-homily-backend/internal/api/handlers/admin.go:597.2,598.16 2 1
psychic-homily-backend/internal/api/handlers/admin.go:598.16,600.3 1 1
psychic-homily-backend/internal/api/handlers/admin.go:602.2,609.16 3 0
psychic-homily-backend/internal/api/handlers/admin.go:609.16,618.3 2 0
psychic-homily-backend/internal/api/handlers/admin.go:620.2,632.53 3 0
psychic-homily-backend/internal/api/handlers/admin.go:649.131,654.34 3 1
psychic-homily-backend/internal/api/handlers/admin.go:654.34,660.3 2 1
psychic-homily-backend/internal/api/handlers/admin.go:663.2,664.16 2 1
psychic-homily-backend/internal/api/handlers/admin.go:664.16,666.3 1 1
psychic-homily-backend/internal/api/handlers/admin.go:669.2,669.27 1 1
psychic-homily-backend/internal/api/handlers/admin.go:669.27,671.3 1 1
psychic-homily-backend/internal/api/handlers/admin.go:673.2,680.16 3 0
psychic-homily-backend/internal/api/handlers/admin.go:680.16,689.3 2 0
psychic-homily-backend/internal/api/handlers/admin.go:691.2,702.51 3 0
psychic-homily-backend/internal/api/handlers/admin.go:723.137,728.34 3 1
psychic-homily-backend/internal/api/handlers/admin.go:728.34,734.3 2 1
psychic-homily-backend/internal/api/handlers/admin.go:737.2,738.16 2 1
psychic-homily-backend/internal/api/handlers/admin.go:738.16,744.3 2 1
psychic-homily-backend/internal/api/handlers/admin.go:746.2,753.16 3 0
psychic-homily-backend/internal/api/handlers/admin.go:753.16,761.3 2 0
psychic-homily-backend/internal/api/handlers/admin.go:763.2,770.56 2 0
psychic-homily-backend/internal/api/handlers/admin.go:787.137,792.34 3 1
psychic-homily-backend/internal/api/handlers/admin.go:792.34,798.3 2 1
psychic-homily-backend/internal/api/handlers/admin.go:801.2,802.16 2 1
psychic-homily-backend/internal/api/handlers/admin.go:802.16,808.3 2 1
psychic-homily-backend/internal/api/handlers/admin.go:810.2,817.16 3 0
psychic-homily-backend/internal/api/handlers/admin.go:817.16,825.3 2 0
psychic-homily-backend/internal/api/handlers/admin.go:827.2,838.38 3 0
psychic-homily-backend/internal/api/handlers/admin.go:838.38,839.55 1 0
psychic-homily-backend/internal/api/handlers/admin.go:839.55,841.4 1 0
psychic-homily-backend/internal/api/handlers/admin.go:844.2,844.53 1 0
psychic-homily-backend/internal/api/handlers/admin.go:871.125,876.34 3 1
psychic-homily-backend/internal/api/handlers/admin.go:876.34,882.3 2 1
psychic-homily-backend/internal/api/handlers/admin.go:885.2,886.15 2 0
psychic-homily-backend/internal/api/handlers/admin.go:886.15,888.3 1 0
psychic-homily-backend/internal/api/handlers/admin.go:889.2,889.17 1 0
psychic-homily-backend/internal/api/handlers/admin.go:889.17,891.3 1 0
psychic-homily-backend/internal/api/handlers/admin.go:893.2,894.16 2 0
psychic-homily-backend/internal/api/handlers/admin.go:894.16,896.3 1 0
psychic-homily-backend/internal/api/handlers/admin.go:898.2,917.16 4 0
psychic-homily-backend/internal/api/handlers/admin.go:917.16,925.3 2 0
psychic-homily-backend/internal/api/handlers/admin.go:927.2,940.8 2 0
psychic-homily-backend/internal/api/handlers/admin.go:959.131,964.34 3 1
psychic-homily-backend/internal/api/handlers/admin.go:964.34,970.3 2 1
psychic-homily-backend/internal/api/handlers/admin.go:972.2,972.32 1 1
psychic-homily-backend/internal/api/handlers/admin.go:972.32,974.3 1 1
psychic-homily-backend/internal/api/handlers/admin.go:976.2,976.32 1 1
psychic-homily-backend/internal/api/handlers/admin.go:976.32,978.3 1 1
psychic-homily-backend/internal/api/handlers/admin.go:980.2,987.42 3 0
psychic-homily-backend/internal/api/handlers/admin.go:987.42,989.17 2 0
psychic-homily-backend/internal/api/handlers/admin.go:989.17,998.4 2 0
psychic-homily-backend/internal/api/handlers/admin.go:999.3,999.72 1 0
psychic-homily-backend/internal/api/handlers/admin.go:1002.2,1014.8 2 0
psychic-homily-backend/internal/api/handlers/admin.go:1045.137,1050.34 3 1
psychic-homily-backend/internal/api/handlers/admin.go:1050.34,1056.3 2 1
psychic-homily-backend/internal/api/handlers/admin.go:1058.2,1058.30 1 1
psychic-homily-backend/internal/api/handlers/admin.go:1058.30,1060.3 1 1
psychic-homily-backend/internal/api/handlers/admin.go:1062.2,1062.30 1 1
psychic-homily-backend/internal/api/handlers/admin.go:1062.30,1064.3 1 1
psychic-homily-backend/internal/api/handlers/admin.go:1066.2,1078.48 4 0
psychic-homily-backend/internal/api/handlers/admin.go:1078.48,1080.17 2 0
psychic-homily-backend/internal/api/handlers/admin.go:1080.17,1087.4 2 0
psychic-homily-backend/internal/api/handlers/admin.go:1089.3,1090.17 2 0
psychic-homily-backend/internal/api/handlers/admin.go:1090.17,1099.4 2 0
psychic-homily-backend/internal/api/handlers/admin.go:1101.3,1104.40 2 0
psychic-homily-backend/internal/api/handlers/admin.go:1104.40,1105.24 1 0
psychic-homily-backend/internal/api/handlers/admin.go:1105.24,1107.5 1 0
psychic-homily-backend/internal/api/handlers/admin.go:1107.10,1109.5 1 0
psychic-homily-backend/internal/api/handlers/admin.go:1111.3,1111.42 1 0
psychic-homily-backend/internal/api/handlers/admin.go:1111.42,1112.25 1 0
psychic-homily-backend/internal/api/handlers/admin.go:1112.25,1114.5 1 0
psychic-homily-backend/internal/api/handlers/admin.go:1114.10,1116.5 1 0
psychic-homily-backend/internal/api/handlers/admin.go:1118.3,1119.25 2 0
psychic-homily-backend/internal/api/handlers/admin.go:1119.25,1121.4 1 0
psychic-homily-backend/internal/api/handlers/admin.go:1124.2,1139.8 2 0
psychic-homily-backend/internal/api/handlers/admin.go:1167.137,1172.34 3 1
psychic-homily-backend/internal/api/handlers/admin.go:1172.34,1178.3 2 1
psychic-homily-backend/internal/api/handlers/admin.go:1180.2,1180.30 1 1
psychic-homily-backend/internal/api/handlers/admin.go:1180.30,1182.3 1 1
psychic-homily-backend/internal/api/handlers/admin.go:1184.2,1184.30 1 1
psychic-homily-backend/internal/api/handlers/admin.go:1184.30,1186.3 1 1
psychic-homily-backend/internal/api/handlers/admin.go:1188.2,1198.48 5 0
psychic-homily-backend/internal/api/handlers/admin.go:1198.48,1200.17 2 0
psychic-homily-backend/internal/api/handlers/admin.go:1200.17,1206.12 3 0
psychic-homily-backend/internal/api/handlers/admin.go:1209.3,1210.17 2 0
psychic-homily-backend/internal/api/handlers/admin.go:1210.17,1220.12 4 0
psychic-homily-backend/internal/api/handlers/admin.go:1223.3,1233.39 4 0
psychic-homily-backend/internal/api/handlers/admin.go:1233.39,1234.56 1 0
psychic-homily-backend/internal/api/handlers/admin.go:1234.56,1236.5 1 0
psychic-homily-backend/internal/api/handlers/admin.go:1240.2,1257.8 2 0
psychic-homily-backend/internal/api/handlers/admin.go:1293.131,1298.34 3 1
psychic-homily-backend/internal/api/handlers/admin.go:1298.34,1304.3 2 1
psychic-homily-backend/internal/api/handlers/admin.go:1306.2,1306.31 1 1
psychic-homily-backend/internal/api/handlers/admin.go:1306.31,1308.3 1 1
psychic-homily-backend/internal/api/handlers/admin.go:1310.2,1310.32 1 1
psychic-homily-backend/internal/api/handlers/admin.go:1310.32,1312.3 1 1
psychic-homily-backend/internal/api/handlers/admin.go:1314.2,1322.36 3 0
psychic-homily-backend/internal/api/handlers/admin.go:1322.36,1336.3 1 0
psychic-homily-backend/internal/api/handlers/admin.go:1339.2,1340.16 2 0
psychic-homily-backend/internal/api/handlers/admin.go:1340.16,1348.3 2 0
psychic-homily-backend/internal/api/handlers/admin.go:1350.2,1351.21 2 0
psychic-homily-backend/internal/api/handlers/admin.go:1351.21,1353.3 1 0
psychic-homily-backend/internal/api/handlers/admin.go:1355.2,1367.53 2 0
psychic-homily-backend/internal/api/handlers/admin.go:1393.128,1398.34 3 1
psychic-homily-backend/internal/api/handlers/admin.go:1398.34,1404.3 2 1
psychic-homily-backend/internal/api/handlers/admin.go:1406.2,1406.31 1 1
psychic-homily-backend/internal/api/handlers/admin.go:1406.31,1408.3 1 1
psychic-homily-backend/internal/api/handlers/admin.go:1410.2,1410.32 1 1
psychic-homily-backend/internal/api/handlers/admin.go:1410.32,1412.3 1 1
psychic-homily-backend/internal/api/handlers/admin.go:1414.2,1421.36 3 0
psychic-homily-backend/internal/api/handlers/admin.go:1421.36,1426.3 1 0
psychic-homily-backend/internal/api/handlers/admin.go:1428.2,1429.16 2 0
psychic-homily-backend/internal/api/handlers/admin.go:1429.16,1437.3 2 0
psychic-homily-backend/internal/api/handlers/admin.go:1439.2,1445.52 2 0
psychic-homily-backend/internal/api/handlers/admin.go:1466.128,1471.34 3 1
psychic-homily-backend/internal/api/handlers/admin.go:1471.34,1477.3 2 1
psychic-homily-backend/internal/api/handlers/admin.go:1480.2,1481.25 2 1
psychic-homily-backend/internal/api/handlers/admin.go:1481.25,1483.3 1 0
psychic-homily-backend/internal/api/handlers/admin.go:1484.2,1484.26 1 1
psychic-homily-backend/internal/api/handlers/admin.go:1484.26,1486.3 1 1
psychic-homily-backend/internal/api/handlers/admin.go:1488.2,1495.32 3 0
psychic-homily-backend/internal/api/handlers/admin.go:1495.32,1497.3 1 0
psychic-homily-backend/internal/api/handlers/admin.go:1500.2,1501.16 2 0
psychic-homily-backend/internal/api/handlers/admin.go:1501.16,1509.3 2 0
psychic-homily-backend/internal/api/handlers/admin.go:1511.2,1518.59 2 0
psychic-homily-backend/internal/api/handlers/admin.go:1532.125,1537.34 3 1
psychic-homily-backend/internal/api/handlers/admin.go:1537.34,1543.3 2 1
psychic-homily-backend/internal/api/handlers/admin.go:1545.2,1550.16 3 0
psychic-homily-backend/internal/api/handlers/admin.go:1550.16,1558.3 2 0
psychic-homily-backend/internal/api/handlers/admin.go:1560.2,1571.8 2 0
psychic-homily-backend/internal/api/handlers/admin.go:1587.128,1592.34 3 1
psychic-homily-backend/internal/api/handlers/admin.go:1592.34,1598.3 2 1
psychic-homily-backend/internal/api/handlers/admin.go:1601.2,1602.16 2 1
psychic-homily-backend/internal/api/handlers/admin.go:1602.16,1604.3 1 1
psychic-homily-backend/internal/api/handlers/admin.go:1606.2,1612.16 3 0
psychic-homily-backend/internal/api/handlers/admin.go:1612.16,1619.3 2 0
psychic-homily-backend/internal/api/handlers/admin.go:1621.2,1633.8 2 0
psychic-homily-backend/internal/api/handlers/admin.go:1656.119,1661.34 3 1
psychic-homily-backend/internal/api/handlers/admin.go:1661.34,1667.3 2 1
psychic-homily-backend/internal/api/handlers/admin.go:1669.2,1670.16 2 1
psychic-homily-backend/internal/api/handlers/admin.go:1670.16,1672.3 1 0
psychic-homily-backend/internal/api/handlers/admin.go:1675.2,1684.24 2 1
psychic-homily-backend/internal/api/handlers/admin.go:1684.24,1686.17 2 1
psychic-homily-backend/internal/api/handlers/admin.go:1686.17,1688.4 1 1
psychic-homily-backend/internal/api/handlers/admin.go:1689.3,1689.30 1 0
psychic-homily-backend/internal/api/handlers/admin.go:1692.2,1699.16 3 0
psychic-homily-backend/internal/api/handlers/admin.go:1699.16,1707.3 2 0
psychic-homily-backend/internal/api/handlers/admin.go:1709.2,1714.49 2 0
psychic-homily-backend/internal/api/handlers/admin.go:1730.125,1735.34 3 1
psychic-homily-backend/internal/api/handlers/admin.go:1735.34,1741.3 2 1
psychic-homily-backend/internal/api/handlers/admin.go:1743.2,1744.16 2 0
psychic-homily-backend/internal/api/handlers/admin.go:1744.16,1746.3 1 0
psychic-homily-backend/internal/api/handlers/admin.go:1748.2,1761.16 4 0
psychic-homily-backend/internal/api/handlers/admin.go:1761.16,1769.3 2 0
psychic-homily-backend/internal/api/handlers/admin.go:1771.2,1776.51 2 0
psychic-homily-backend/internal/api/handlers/admin.go:1795.122,1800.34 3 1
psychic-homily-backend/internal/api/handlers/admin.go:1800.34,1806.3 2 1
psychic-homily-backend/internal/api/handlers/admin.go:1808.2,1809.16 2 0
psychic-homily-backend/internal/api/handlers/admin.go:1809.16,1811.3 1 0
psychic-homily-backend/internal/api/handlers/admin.go:1813.2,1822.28 2 0
psychic-homily-backend/internal/api/handlers/admin.go:1822.28,1825.3 2 0
psychic-homily-backend/internal/api/handlers/admin.go:1825.8,1825.36 1 0
psychic-homily-backend/internal/api/handlers/admin.go:1825.36,1828.3 2 0
psychic-homily-backend/internal/api/handlers/admin.go:1830.2,1837.16 3 0
psychic-homily-backend/internal/api/handlers/admin.go:1837.16,1845.3 2 0
psychic-homily-backend/internal/api/handlers/admin.go:1847.2,1852.50 2 0
psychic-homily-backend/internal/api/handlers/admin.go:1866.116,1871.34 3 1
psychic-homily-backend/internal/api/handlers/admin.go:1871.34,1877.3 2 1
psychic-homily-backend/internal/api/handlers/admin.go:1880.2,1881.21 2 1
psychic-homily-backend/internal/api/handlers/admin.go:1881.21,1883.3 1 1
psychic-homily-backend/internal/api/handlers/admin.go:1884.2,1884.22 1 1
psychic-homily-backend/internal/api/handlers/admin.go:1884.22,1886.3 1 1
psychic-homily-backend/internal/api/handlers/admin.go:1888.2,1897.16 3 0
psychic-homily-backend/internal/api/handlers/admin.go:1897.16,1905.3 2 0
psychic-homily-backend/internal/api/handlers/admin.go:1907.2,1908.21 2 0
psychic-homily-backend/internal/api/handlers/admin.go:1908.21,1910.3 1 0
psychic-homily-backend/internal/api/handlers/admin.go:1912.2,1921.48 2 0
psychic-homily-backend/internal/api/handlers/admin.go:1944.125,1949.34 3 1
psychic-homily-backend/internal/api/handlers/admin.go:1949.34,1955.3 2 1
psychic-homily-backend/internal/api/handlers/admin.go:1958.2,1959.15 2 0
psychic-homily-backend/internal/api/handlers/admin.go:1959.15,1961.3 1 0
psychic-homily-backend/internal/api/handlers/admin.go:1962.2,1962.17 1 0
psychic-homily-backend/internal/api/handlers/admin.go:1962.17,1964.3 1 0
psychic-homily-backend/internal/api/handlers/admin.go:1966.2,1967.16 2 0
psychic-homily-backend/internal/api/handlers/admin.go:1967.16,1969.3 1 0
psychic-homily-backend/internal/api/handlers/admin.go:1971.2,1984.16 4 0
psychic-homily-backend/internal/api/handlers/admin.go:1984.16,1992.3 2 0
psychic-homily-backend/internal/api/handlers/admin.go:1994.2,2007.8 2 0
psychic-homily-backend/internal/api/handlers/admin.go:2023.125,2028.34 3 1
psychic-homily-backend/internal/api/handlers/admin.go:2028.34,2034.3 2 1
psychic-homily-backend/internal/api/handlers/admin.go:2036.2,2041.16 3 0
psychic-homily-backend/internal/api/handlers/admin.go:2041.16,2049.3 2 0
psychic-homily-backend/internal/api/handlers/admin.go:2051.2,2055.50 2 0
psychic-homily-backend/internal/api/handlers/admin.go:2059.51,2061.2 1 1
psychic-homily-backend/internal/api/handlers/apple_auth.go:23.150,29.2 1 1
psychic-homily-backend/internal/api/handlers/apple_auth.go:54.131,62.36 5 1
psychic-homily-backend/internal/api/handlers/apple_auth.go:62.36,68.3 5 1
psychic-homily-backend/internal/api/handlers/apple_auth.go:71.2,72.16 2 0
psychic-homily-backend/internal/api/handlers/apple_auth.go:72.16,80.3 5 0
psychic-homily-backend/internal/api/handlers/apple_auth.go:82.2,90.33 4 0
psychic-homily-backend/internal/api/handlers/apple_auth.go:90.33,92.3 1 0
psychic-homily-backend/internal/api/handlers/apple_auth.go:93.2,93.32 1 0
psychic-homily-backend/internal/api/handlers/apple_auth.go:93.32,95.3 1 0
psychic-homily-backend/internal/api/handlers/apple_auth.go:98.2,99.16 2 0
psychic-homily-backend/internal/api/handlers/apple_auth.go:99.16,105.3 5 0
psychic-homily-backend/internal/api/handlers/apple_auth.go:108.2,109.16 2 0
psychic-homily-backend/internal/api/handlers/apple_auth.go:109.16,117.3 5 0
psychic-homily-backend/internal/api/handlers/apple_auth.go:120.2,127.49 3 0
psychic-homily-backend/internal/api/handlers/apple_auth.go:127.49,129.3 1 0
psychic-homily-backend/internal/api/handlers/apple_auth.go:131.2,136.18 5 0
psychic-homily-backend/internal/api/handlers/artist.go:20.54,22.26 2 0
psychic-homily-backend/internal/api/handlers/artist.go:22.26,24.3 1 0
psychic-homily-backend/internal/api/handlers/artist.go:25.2,26.40 2 0
psychic-homily-backend/internal/api/handlers/artist.go:33.77,37.2 1 0
psychic-homily-backend/internal/api/handlers/artist.go:53.126,55.16 2 0
psychic-homily-backend/internal/api/handlers/artist.go:55.16,57.3 1 0
psychic-homily-backend/internal/api/handlers/artist.go:59.2,63.18 4 0
psychic-homily-backend/internal/api/handlers/artist.go:81.120,83.21 2 0
psychic-homily-backend/internal/api/handlers/artist.go:83.21,85.3 1 0
psychic-homily-backend/internal/api/handlers/artist.go:86.2,86.20 1 0
psychic-homily-backend/internal/api/handlers/artist.go:86.20,88.3 1 0
psychic-homily-backend/internal/api/handlers/artist.go:90.2,91.16 2 0
psychic-homily-backend/internal/api/handlers/artist.go:91.16,93.3 1 0
psychic-homily-backend/internal/api/handlers/artist.go:95.2,99.18 4 0
psychic-homily-backend/internal/api/handlers/artist.go:113.114,118.78 3 0
psychic-homily-backend/internal/api/handlers/artist.go:118.78,120.3 1 0
psychic-homily-backend/internal/api/handlers/artist.go:120.8,123.3 1 0
psychic-homily-backend/internal/api/handlers/artist.go:125.2,125.16 1 0
psychic-homily-backend/internal/api/handlers/artist.go:125.16,127.83 2 0
psychic-homily-backend/internal/api/handlers/artist.go:127.83,129.4 1 0
psychic-homily-backend/internal/api/handlers/artist.go:130.3,130.78 1 0
psychic-homily-backend/internal/api/handlers/artist.go:133.2,133.46 1 0
psychic-homily-backend/internal/api/handlers/artist.go:154.129,156.16 2 0
psychic-homily-backend/internal/api/handlers/artist.go:156.16,158.3 1 0
psychic-homily-backend/internal/api/handlers/artist.go:160.2,161.20 2 0
psychic-homily-backend/internal/api/handlers/artist.go:161.20,163.3 1 0
psychic-homily-backend/internal/api/handlers/artist.go:165.2,166.22 2 0
psychic-homily-backend/internal/api/handlers/artist.go:166.22,168.3 1 0
psychic-homily-backend/internal/api/handlers/artist.go:171.2,172.78 2 0
psychic-homily-backend/internal/api/handlers/artist.go:172.78,174.3 1 0
psychic-homily-backend/internal/api/handlers/artist.go:174.8,177.17 2 0
psychic-homily-backend/internal/api/handlers/artist.go:177.17,179.84 2 0
psychic-homily-backend/internal/api/handlers/artist.go:179.84,181.5 1 0
psychic-homily-backend/internal/api/handlers/artist.go:182.4,182.79 1 0
psychic-homily-backend/internal/api/handlers/artist.go:184.3,184.23 1 0
psychic-homily-backend/internal/api/handlers/artist.go:187.2,188.16 2 0
psychic-homily-backend/internal/api/handlers/artist.go:188.16,190.83 2 0
psychic-homily-backend/internal/api/handlers/artist.go:190.83,192.4 1 0
psychic-homily-backend/internal/api/handlers/artist.go:193.3,193.77 1 0
psychic-homily-backend/internal/api/handlers/artist.go:196.2,201.18 5 0
psychic-homily-backend/internal/api/handlers/artist.go:225.147,231.66 4 0
psychic-homily-backend/internal/api/handlers/artist.go:231.66,237.3 2 0
psychic-homily-backend/internal/api/handlers/artist.go:240.2,243.24 2 0
psychic-homily-backend/internal/api/handlers/artist.go:243.24,244.35 1 0
psychic-homily-backend/internal/api/handlers/artist.go:244.35,246.19 2 0
psychic-homily-backend/internal/api/handlers/artist.go:246.19,248.5 1 0
psychic-homily-backend/internal/api/handlers/artist.go:249.4,253.63 2 0
psychic-homily-backend/internal/api/handlers/artist.go:258.2,259.16 2 0
psychic-homily-backend/internal/api/handlers/artist.go:259.16,261.3 1 0
psychic-homily-backend/internal/api/handlers/artist.go:264.2,264.74 1 0
psychic-homily-backend/internal/api/handlers/artist.go:264.74,265.54 1 0
psychic-homily-backend/internal/api/handlers/artist.go:265.54,267.4 1 0
psychic-homily-backend/internal/api/handlers/artist.go:270.2,271.17 2 0
psychic-homily-backend/internal/api/handlers/artist.go:271.17,273.3 1 0
psychic-homily-backend/internal/api/handlers/artist.go:274.2,282.74 3 0
psychic-homily-backend/internal/api/handlers/artist.go:282.74,284.3 1 0
psychic-homily-backend/internal/api/handlers/artist.go:286.2,291.16 3 0
psychic-homily-backend/internal/api/handlers/artist.go:291.16,293.83 2 0
psychic-homily-backend/internal/api/handlers/artist.go:293.83,295.4 1 0
psychic-homily-backend/internal/api/handlers/artist.go:296.3,303.4 2 0
psychic-homily-backend/internal/api/handlers/artist.go:306.2,313.57 2 0
psychic-homily-backend/internal/api/handlers/artist.go:317.42,319.44 1 0
psychic-homily-backend/internal/api/handlers/artist.go:319.44,321.3 1 0
psychic-homily-backend/internal/api/handlers/artist.go:323.2,323.76 1 0
psychic-homily-backend/internal/api/handlers/artist.go:323.76,325.3 1 0
psychic-homily-backend/internal/api/handlers/artist.go:326.2,326.13 1 0
psychic-homily-backend/internal/api/handlers/artist.go:350.144,356.66 4 0
psychic-homily-backend/internal/api/handlers/artist.go:356.66,362.3 2 0
psychic-homily-backend/internal/api/handlers/artist.go:365.2,368.24 2 0
psychic-homily-backend/internal/api/handlers/artist.go:368.24,369.35 1 0
psychic-homily-backend/internal/api/handlers/artist.go:369.35,371.19 2 0
psychic-homily-backend/internal/api/handlers/artist.go:371.19,373.5 1 0
psychic-homily-backend/internal/api/handlers/artist.go:374.4,378.63 2 0
psychic-homily-backend/internal/api/handlers/artist.go:383.2,384.16 2 0
psychic-homily-backend/internal/api/handlers/artist.go:384.16,386.3 1 0
psychic-homily-backend/internal/api/handlers/artist.go:389.2,389.62 1 0
psychic-homily-backend/internal/api/handlers/artist.go:389.62,390.47 1 0
psychic-homily-backend/internal/api/handlers/artist.go:390.47,392.4 1 0
psychic-homily-backend/internal/api/handlers/artist.go:395.2,396.17 2 0
psychic-homily-backend/internal/api/handlers/artist.go:396.17,398.3 1 0
psychic-homily-backend/internal/api/handlers/artist.go:399.2,407.62 3 0
psychic-homily-backend/internal/api/handlers/artist.go:407.62,409.3 1 0
psychic-homily-backend/internal/api/handlers/artist.go:411.2,416.16 3 0
psychic-homily-backend/internal/api/handlers/artist.go:416.16,418.83 2 0
psychic-homily-backend/internal/api/handlers/artist.go:418.83,420.4 1 0
psychic-homily-backend/internal/api/handlers/artist.go:421.3,428.4 2 0
psychic-homily-backend/internal/api/handlers/artist.go:431.2,438.56 2 0
psychic-homily-backend/internal/api/handlers/artist.go:442.41,444.56 1 0
psychic-homily-backend/internal/api/handlers/artist.go:444.56,446.3 1 0
psychic-homily-backend/internal/api/handlers/artist.go:447.2,447.13 1 0
psychic-homily-backend/internal/api/handlers/artist.go:461.111,466.17 3 0
psychic-homily-backend/internal/api/handlers/artist.go:466.17,468.3 1 0
psychic-homily-backend/internal/api/handlers/artist.go:471.2,472.16 2 0
psychic-homily-backend/internal/api/handlers/artist.go:472.16,474.3 1 0
psychic-homily-backend/internal/api/handlers/artist.go:476.2,483.16 3 0
psychic-homily-backend/internal/api/handlers/artist.go:483.16,485.33 2 0
psychic-homily-backend/internal/api/handlers/artist.go:485.33,486.26 1 0
psychic-homily-backend/internal/api/handlers/artist.go:487.38,488.58 1 0
psychic-homily-backend/internal/api/handlers/artist.go:489.38,490.57 1 0
psychic-homily-backend/internal/api/handlers/artist.go:493.3,500.4 2 0
psychic-homily-backend/internal/api/handlers/artist.go:503.2,509.17 2 0
psychic-homily-backend/internal/api/handlers/audit_log.go:20.85,24.2 1 0
psychic-homily-backend/internal/api/handlers/audit_log.go:43.125,48.34 3 0
psychic-homily-backend/internal/api/handlers/audit_log.go:48.34,54.3 2 0
psychic-homily-backend/internal/api/handlers/audit_log.go:57.2,58.15 2 0
psychic-homily-backend/internal/api/handlers/audit_log.go:58.15,60.3 1 0
psychic-homily-backend/internal/api/handlers/audit_log.go:61.2,61.17 1 0
psychic-homily-backend/internal/api/handlers/audit_log.go:61.17,63.3 1 0
psychic-homily-backend/internal/api/handlers/audit_log.go:65.2,80.16 4 0
psychic-homily-backend/internal/api/handlers/audit_log.go:80.16,88.3 2 0
psychic-homily-backend/internal/api/handlers/audit_log.go:90.2,103.8 2 0
psychic-homily-backend/internal/api/handlers/auth.go:38.16,48.2 1 1
psychic-homily-backend/internal/api/handlers/auth.go:72.102,82.57 5 1
psychic-homily-backend/internal/api/handlers/auth.go:82.57,91.3 6 1
psychic-homily-backend/internal/api/handlers/auth.go:93.2,94.16 2 0
psychic-homily-backend/internal/api/handlers/auth.go:94.16,96.31 2 0
psychic-homily-backend/internal/api/handlers/auth.go:96.31,97.24 1 0
psychic-homily-backend/internal/api/handlers/auth.go:98.38,106.21 5 0
psychic-homily-backend/internal/api/handlers/auth.go:107.43,115.21 5 0
psychic-homily-backend/internal/api/handlers/auth.go:120.3,127.19 5 0
psychic-homily-backend/internal/api/handlers/auth.go:131.2,132.16 2 0
psychic-homily-backend/internal/api/handlers/auth.go:132.16,141.3 6 0
psychic-homily-backend/internal/api/handlers/auth.go:144.2,156.18 7 0
psychic-homily-backend/internal/api/handlers/auth.go:173.117,177.62 2 1
psychic-homily-backend/internal/api/handlers/auth.go:177.62,181.3 3 1
psychic-homily-backend/internal/api/handlers/auth.go:184.2,184.24 1 1
psychic-homily-backend/internal/api/handlers/auth.go:185.16,186.27 1 1
psychic-homily-backend/internal/api/handlers/auth.go:186.27,190.4 3 1
psychic-homily-backend/internal/api/handlers/auth.go:191.16,192.27 1 0
psychic-homily-backend/internal/api/handlers/auth.go:192.27,196.4 3 0
psychic-homily-backend/internal/api/handlers/auth.go:199.2,201.18 3 0
psychic-homily-backend/internal/api/handlers/auth.go:223.100,228.24 3 1
psychic-homily-backend/internal/api/handlers/auth.go:228.24,232.3 1 1
psychic-homily-backend/internal/api/handlers/auth.go:232.8,234.3 1 1
psychic-homily-backend/internal/api/handlers/auth.go:236.2,240.18 4 1
psychic-homily-backend/internal/api/handlers/auth.go:266.112,271.26 4 1
psychic-homily-backend/internal/api/handlers/auth.go:271.26,277.3 5 1
psychic-homily-backend/internal/api/handlers/auth.go:280.2,281.24 2 1
psychic-homily-backend/internal/api/handlers/auth.go:281.24,287.3 5 1
psychic-homily-backend/internal/api/handlers/auth.go:289.2,295.16 3 0
psychic-homily-backend/internal/api/handlers/auth.go:295.16,303.3 5 0
psychic-homily-backend/internal/api/handlers/auth.go:306.2,307.16 2 0
psychic-homily-backend/internal/api/handlers/auth.go:307.16,315.3 5 0
psychic-homily-backend/internal/api/handlers/auth.go:317.2,324.18 5 0
psychic-homily-backend/internal/api/handlers/auth.go:328.109,333.26 4 1
psychic-homily-backend/internal/api/handlers/auth.go:333.26,339.3 5 1
psychic-homily-backend/internal/api/handlers/auth.go:342.2,343.24 2 1
psychic-homily-backend/internal/api/handlers/auth.go:343.24,349.3 5 1
psychic-homily-backend/internal/api/handlers/auth.go:351.2,357.16 3 0
psychic-homily-backend/internal/api/handlers/auth.go:357.16,365.3 5 0
psychic-homily-backend/internal/api/handlers/auth.go:367.2,374.18 5 0
psychic-homily-backend/internal/api/handlers/auth.go:399.111,409.57 5 1
psychic-homily-backend/internal/api/handlers/auth.go:409.57,418.3 6 1
psychic-homily-backend/internal/api/handlers/auth.go:421.2,421.32 1 1
psychic-homily-backend/internal/api/handlers/auth.go:421.32,423.17 2 1
psychic-homily-backend/internal/api/handlers/auth.go:423.17,428.4 1 0
psychic-homily-backend/internal/api/handlers/auth.go:428.9,428.37 1 1
psychic-homily-backend/internal/api/handlers/auth.go:428.37,431.40 2 1
psychic-homily-backend/internal/api/handlers/auth.go:431.40,433.5 1 1
psychic-homily-backend/internal/api/handlers/auth.go:434.4,442.20 6 1
psychic-homily-backend/internal/api/handlers/auth.go:446.2,446.26 1 1
psychic-homily-backend/internal/api/handlers/auth.go:446.26,452.3 5 1
psychic-homily-backend/internal/api/handlers/auth.go:455.2,456.33 2 0
psychic-homily-backend/internal/api/handlers/auth.go:456.33,458.3 1 0
psychic-homily-backend/internal/api/handlers/auth.go:459.2,459.32 1 0
psychic-homily-backend/internal/api/handlers/auth.go:459.32,461.3 1 0
psychic-homily-backend/internal/api/handlers/auth.go:463.2,464.16 2 0
psychic-homily-backend/internal/api/handlers/auth.go:464.16,469.76 4 0
psychic-homily-backend/internal/api/handlers/auth.go:469.76,472.4 2 0
psychic-homily-backend/internal/api/handlers/auth.go:474.3,482.19 5 0
psychic-homily-backend/internal/api/handlers/auth.go:486.2,487.16 2 0
psychic-homily-backend/internal/api/handlers/auth.go:487.16,495.3 5 0
psychic-homily-backend/internal/api/handlers/auth.go:498.2,512.18 8 0
psychic-homily-backend/internal/api/handlers/auth.go:526.130,533.24 5 1
psychic-homily-backend/internal/api/handlers/auth.go:533.24,539.3 5 1
psychic-homily-backend/internal/api/handlers/auth.go:542.2,542.31 1 1
psychic-homily-backend/internal/api/handlers/auth.go:542.31,550.3 5 1
psychic-homily-backend/internal/api/handlers/auth.go:553.2,553.36 1 0
psychic-homily-backend/internal/api/handlers/auth.go:553.36,561.3 5 0
psychic-homily-backend/internal/api/handlers/auth.go:564.2,564.58 1 0
psychic-homily-backend/internal/api/handlers/auth.go:564.58,572.3 5 0
psychic-homily-backend/internal/api/handlers/auth.go:574.2,578.16 3 0
psychic-homily-backend/internal/api/handlers/auth.go:578.16,586.3 5 0
psychic-homily-backend/internal/api/handlers/auth.go:589.2,589.75 1 0
psychic-homily-backend/internal/api/handlers/auth.go:589.75,597.3 5 0
psychic-homily-backend/internal/api/handlers/auth.go:599.2,606.18 4 0
psychic-homily-backend/internal/api/handlers/auth.go:627.144,633.28 4 1
psychic-homily-backend/internal/api/handlers/auth.go:633.28,639.3 5 1
psychic-homily-backend/internal/api/handlers/auth.go:642.2,643.16 2 1
psychic-homily-backend/internal/api/handlers/auth.go:643.16,651.3 5 1
psychic-homily-backend/internal/api/handlers/auth.go:654.2,655.16 2 0
psychic-homily-backend/internal/api/handlers/auth.go:655.16,663.3 5 0
psychic-homily-backend/internal/api/handlers/auth.go:666.2,666.24 1 0
psychic-homily-backend/internal/api/handlers/auth.go:666.24,673.3 4 0
psychic-homily-backend/internal/api/handlers/auth.go:676.2,676.54 1 0
psychic-homily-backend/internal/api/handlers/auth.go:676.54,685.3 5 0
psychic-homily-backend/internal/api/handlers/auth.go:688.2,688.70 1 0
psychic-homily-backend/internal/api/handlers/auth.go:688.70,696.3 5 0
psychic-homily-backend/internal/api/handlers/auth.go:698.2,705.18 4 0
psychic-homily-backend/internal/api/handlers/auth.go:726.126,736.28 5 1
psychic-homily-backend/internal/api/handlers/auth.go:736.28,741.3 4 1
psychic-homily-backend/internal/api/handlers/auth.go:744.2,744.36 1 0
psychic-homily-backend/internal/api/handlers/auth.go:744.36,750.3 5 0
psychic-homily-backend/internal/api/handlers/auth.go:753.2,754.16 2 0
psychic-homily-backend/internal/api/handlers/auth.go:754.16,762.3 4 0
psychic-homily-backend/internal/api/handlers/auth.go:764.2,764.17 1 0
psychic-homily-backend/internal/api/handlers/auth.go:764.17,772.3 4 0
psychic-homily-backend/internal/api/handlers/auth.go:775.2,775.25 1 0
psychic-homily-backend/internal/api/handlers/auth.go:775.25,783.3 5 0
psychic-homily-backend/internal/api/handlers/auth.go:786.2,787.16 2 0
psychic-homily-backend/internal/api/handlers/auth.go:787.16,795.3 5 0
psychic-homily-backend/internal/api/handlers/auth.go:798.2,798.78 1 0
psychic-homily-backend/internal/api/handlers/auth.go:798.78,806.3 5 0
psychic-homily-backend/internal/api/handlers/auth.go:808.2,815.18 4 0
psychic-homily-backend/internal/api/handlers/auth.go:839.132,845.28 4 1
psychic-homily-backend/internal/api/handlers/auth.go:845.28,851.3 5 1
psychic-homily-backend/internal/api/handlers/auth.go:854.2,855.16 2 1
psychic-homily-backend/internal/api/handlers/auth.go:855.16,863.3 5 1
psychic-homily-backend/internal/api/handlers/auth.go:866.2,867.16 2 0
psychic-homily-backend/internal/api/handlers/auth.go:867.16,875.3 5 0
psychic-homily-backend/internal/api/handlers/auth.go:878.2,878.54 1 0
psychic-homily-backend/internal/api/handlers/auth.go:878.54,887.3 5 0
psychic-homily-backend/internal/api/handlers/auth.go:890.2,890.20 1 0
psychic-homily-backend/internal/api/handlers/auth.go:890.20,898.3 5 0
psychic-homily-backend/internal/api/handlers/auth.go:901.2,902.16 2 0
psychic-homily-backend/internal/api/handlers/auth.go:902.16,910.3 5 0
psychic-homily-backend/internal/api/handlers/auth.go:913.2,924.18 7 0
psychic-homily-backend/internal/api/handlers/auth.go:946.129,953.24 5 1
psychic-homily-backend/internal/api/handlers/auth.go:953.24,959.3 5 1
psychic-homily-backend/internal/api/handlers/auth.go:961.2,966.70 2 1
psychic-homily-backend/internal/api/handlers/auth.go:966.70,976.3 6 1
psychic-homily-backend/internal/api/handlers/auth.go:979.2,979.58 1 1
psychic-homily-backend/internal/api/handlers/auth.go:979.58,987.3 5 1
psychic-homily-backend/internal/api/handlers/auth.go:990.2,990.32 1 0
psychic-homily-backend/internal/api/handlers/auth.go:990.32,992.17 2 0
psychic-homily-backend/internal/api/handlers/auth.go:992.17,998.4 1 0
psychic-homily-backend/internal/api/handlers/auth.go:998.9,998.37 1 0
psychic-homily-backend/internal/api/handlers/auth.go:998.37,1000.40 2 0
psychic-homily-backend/internal/api/handlers/auth.go:1000.40,1002.5 1 0
psychic-homily-backend/internal/api/handlers/auth.go:1003.4,1012.20 6 0
psychic-homily-backend/internal/api/handlers/auth.go:1017.2,1017.121 1 0
psychic-homily-backend/internal/api/handlers/auth.go:1017.121,1022.31 4 0
psychic-homily-backend/internal/api/handlers/auth.go:1022.31,1023.24 1 0
psychic-homily-backend/internal/api/handlers/auth.go:1024.43,1026.50 2 0
psychic-homily-backend/internal/api/handlers/auth.go:1027.38,1029.45 2 0
psychic-homily-backend/internal/api/handlers/auth.go:1033.3,1040.19 5 0
psychic-homily-backend/internal/api/handlers/auth.go:1043.2,1049.18 4 0
psychic-homily-backend/internal/api/handlers/auth.go:1067.121,1074.24 5 1
psychic-homily-backend/internal/api/handlers/auth.go:1074.24,1080.3 5 1
psychic-homily-backend/internal/api/handlers/auth.go:1082.2,1088.16 3 0
psychic-homily-backend/internal/api/handlers/auth.go:1088.16,1096.3 5 0
psychic-homily-backend/internal/api/handlers/auth.go:1098.2,1112.18 8 0
psychic-homily-backend/internal/api/handlers/auth.go:1137.126,1144.24 5 1
psychic-homily-backend/internal/api/handlers/auth.go:1144.24,1150.3 5 1
psychic-homily-backend/internal/api/handlers/auth.go:1152.2,1157.37 2 1
psychic-homily-backend/internal/api/handlers/auth.go:1157.37,1167.3 5 1
psychic-homily-backend/internal/api/handlers/auth.go:1170.2,1170.31 1 1
psychic-homily-backend/internal/api/handlers/auth.go:1170.31,1179.3 6 1
psychic-homily-backend/internal/api/handlers/auth.go:1182.2,1182.101 1 0
psychic-homily-backend/internal/api/handlers/auth.go:1182.101,1190.3 5 0
psychic-homily-backend/internal/api/handlers/auth.go:1193.2,1193.91 1 0
psychic-homily-backend/internal/api/handlers/auth.go:1193.91,1201.3 5 0
psychic-homily-backend/internal/api/handlers/auth.go:1204.2,1220.18 9 0
psychic-homily-backend/internal/api/handlers/auth.go:1290.108,1295.24 3 1
psychic-homily-backend/internal/api/handlers/auth.go:1295.24,1301.3 4 1
psychic-homily-backend/internal/api/handlers/auth.go:1303.2,1309.16 3 0
psychic-homily-backend/internal/api/handlers/auth.go:1309.16,1316.3 4 0
psychic-homily-backend/internal/api/handlers/auth.go:1318.2,1328.18 5 0
psychic-homily-backend/internal/api/handlers/auth.go:1333.129,1343.57 5 1
psychic-homily-backend/internal/api/handlers/auth.go:1343.57,1352.3 6 1
psychic-homily-backend/internal/api/handlers/auth.go:1355.2,1356.16 2 0
psychic-homily-backend/internal/api/handlers/auth.go:1356.16,1364.3 5 0
psychic-homily-backend/internal/api/handlers/auth.go:1366.2,1366.17 1 0
psychic-homily-backend/internal/api/handlers/auth.go:1366.17,1375.3 5 0
psychic-homily-backend/internal/api/handlers/auth.go:1378.2,1378.19 1 0
psychic-homily-backend/internal/api/handlers/auth.go:1378.19,1386.3 5 0
psychic-homily-backend/internal/api/handlers/auth.go:1388.2,1388.47 1 0
psychic-homily-backend/internal/api/handlers/auth.go:1388.47,1396.3 5 0
psychic-homily-backend/internal/api/handlers/auth.go:1399.2,1399.30 1 0
psychic-homily-backend/internal/api/handlers/auth.go:1399.30,1407.3 5 0
psychic-homily-backend/internal/api/handlers/auth.go:1409.2,1409.94 1 0
psychic-homily-backend/internal/api/handlers/auth.go:1409.94,1417.3 5 0
psychic-homily-backend/internal/api/handlers/auth.go:1420.2,1420.62 1 0
psychic-homily-backend/internal/api/handlers/auth.go:1420.62,1428.3 5 0
psychic-homily-backend/internal/api/handlers/auth.go:1431.2,1432.16 2 0
psychic-homily-backend/internal/api/handlers/auth.go:1432.16,1440.3 5 0
psychic-homily-backend/internal/api/handlers/auth.go:1443.2,1444.16 2 0
psychic-homily-backend/internal/api/handlers/auth.go:1444.16,1452.3 5 0
psychic-homily-backend/internal/api/handlers/auth.go:1454.2,1465.18 6 0
psychic-homily-backend/internal/api/handlers/auth.go:1470.153,1480.28 5 1
psychic-homily-backend/internal/api/handlers/auth.go:1480.28,1489.3 6 1
psychic-homily-backend/internal/api/handlers/auth.go:1492.2,1493.16 2 0
psychic-homily-backend/internal/api/handlers/auth.go:1493.16,1501.3 4 0
psychic-homily-backend/internal/api/handlers/auth.go:1503.2,1503.17 1 0
psychic-homily-backend/internal/api/handlers/auth.go:1503.17,1511.3 4 0
psychic-homily-backend/internal/api/handlers/auth.go:1514.2,1514.19 1 0
psychic-homily-backend/internal/api/handlers/auth.go:1514.19,1524.3 6 0
psychic-homily-backend/internal/api/handlers/auth.go:1527.2,1527.47 1 0
psychic-homily-backend/internal/api/handlers/auth.go:1527.47,1535.3 5 0
psychic-homily-backend/internal/api/handlers/auth.go:1538.2,1538.36 1 0
psychic-homily-backend/internal/api/handlers/auth.go:1538.36,1546.3 5 0
psychic-homily-backend/internal/api/handlers/auth.go:1549.2,1553.16 3 0
psychic-homily-backend/internal/api/handlers/auth.go:1553.16,1561.3 5 0
psychic-homily-backend/internal/api/handlers/auth.go:1564.2,1564.99 1 0
psychic-homily-backend/internal/api/handlers/auth.go:1564.99,1572.3 5 0
psychic-homily-backend/internal/api/handlers/auth.go:1574.2,1585.18 6 0
psychic-homily-backend/internal/api/handlers/auth.go:1589.153,1595.28 4 1
psychic-homily-backend/internal/api/handlers/auth.go:1595.28,1601.3 5 1
psychic-homily-backend/internal/api/handlers/auth.go:1604.2,1605.16 2 1
psychic-homily-backend/internal/api/handlers/auth.go:1605.16,1613.3 5 1
psychic-homily-backend/internal/api/handlers/auth.go:1616.2,1617.31 2 0
psychic-homily-backend/internal/api/handlers/auth.go:1617.31,1625.3 5 0
psychic-homily-backend/internal/api/handlers/auth.go:1628.2,1628.30 1 0
psychic-homily-backend/internal/api/handlers/auth.go:1628.30,1637.3 5 0
psychic-homily-backend/internal/api/handlers/auth.go:1640.2,1640.19 1 0
psychic-homily-backend/internal/api/handlers/auth.go:1640.19,1648.3 5 0
psychic-homily-backend/internal/api/handlers/auth.go:1650.2,1650.47 1 0
psychic-homily-backend/internal/api/handlers/auth.go:1650.47,1658.3 5 0
psychic-homily-backend/internal/api/handlers/auth.go:1661.2,1661.62 1 0
psychic-homily-backend/internal/api/handlers/auth.go:1661.62,1669.3 5 0
psychic-homily-backend/internal/api/handlers/auth.go:1672.2,1673.16 2 0
psychic-homily-backend/internal/api/handlers/auth.go:1673.16,1681.3 5 0
psychic-homily-backend/internal/api/handlers/auth.go:1684.2,1685.16 2 0
psychic-homily-backend/internal/api/handlers/auth.go:1685.16,1693.3 5 0
psychic-homily-backend/internal/api/handlers/auth.go:1695.2,1706.18 6 0
psychic-homily-backend/internal/api/handlers/auth.go:1723.120,1730.24 5 1
psychic-homily-backend/internal/api/handlers/auth.go:1730.24,1736.3 5 1
psychic-homily-backend/internal/api/handlers/auth.go:1739.2,1739.26 1 1
psychic-homily-backend/internal/api/handlers/auth.go:1739.26,1747.3 5 1
psychic-homily-backend/internal/api/handlers/auth.go:1749.2,1755.16 3 0
psychic-homily-backend/internal/api/handlers/auth.go:1755.16,1763.3 5 0
psychic-homily-backend/internal/api/handlers/auth.go:1765.2,1774.18 6 0
psychic-homily-backend/internal/api/handlers/favorite_venue.go:21.105,25.2 1 1
psychic-homily-backend/internal/api/handlers/favorite_venue.go:100.133,105.17 3 1
psychic-homily-backend/internal/api/handlers/favorite_venue.go:105.17,107.3 1 1
psychic-homily-backend/internal/api/handlers/favorite_venue.go:110.2,111.16 2 1
psychic-homily-backend/internal/api/handlers/favorite_venue.go:111.16,117.3 2 1
psychic-homily-backend/internal/api/handlers/favorite_venue.go:119.2,126.16 3 0
psychic-homily-backend/internal/api/handlers/favorite_venue.go:126.16,136.3 2 0
psychic-homily-backend/internal/api/handlers/favorite_venue.go:138.2,152.8 2 0
psychic-homily-backend/internal/api/handlers/favorite_venue.go:156.139,161.17 3 1
psychic-homily-backend/internal/api/handlers/favorite_venue.go:161.17,163.3 1 1
psychic-homily-backend/internal/api/handlers/favorite_venue.go:166.2,167.16 2 1
psychic-homily-backend/internal/api/handlers/favorite_venue.go:167.16,173.3 2 1
psychic-homily-backend/internal/api/handlers/favorite_venue.go:175.2,182.16 3 0
psychic-homily-backend/internal/api/handlers/favorite_venue.go:182.16,192.3 2 0
psychic-homily-backend/internal/api/handlers/favorite_venue.go:194.2,208.8 2 0
psychic-homily-backend/internal/api/handlers/favorite_venue.go:212.145,217.17 3 1
psychic-homily-backend/internal/api/handlers/favorite_venue.go:217.17,219.3 1 1
psychic-homily-backend/internal/api/handlers/favorite_venue.go:222.2,223.15 2 0
psychic-homily-backend/internal/api/handlers/favorite_venue.go:223.15,225.3 1 0
psychic-homily-backend/internal/api/handlers/favorite_venue.go:226.2,226.17 1 0
psychic-homily-backend/internal/api/handlers/favorite_venue.go:226.17,228.3 1 0
psychic-homily-backend/internal/api/handlers/favorite_venue.go:230.2,231.16 2 0
psychic-homily-backend/internal/api/handlers/favorite_venue.go:231.16,233.3 1 0
psychic-homily-backend/internal/api/handlers/favorite_venue.go:235.2,243.16 3 0
psychic-homily-backend/internal/api/handlers/favorite_venue.go:243.16,252.3 2 0
psychic-homily-backend/internal/api/handlers/favorite_venue.go:254.2,272.8 2 0
psychic-homily-backend/internal/api/handlers/favorite_venue.go:276.136,281.17 3 1
psychic-homily-backend/internal/api/handlers/favorite_venue.go:281.17,283.3 1 1
psychic-homily-backend/internal/api/handlers/favorite_venue.go:286.2,287.16 2 1
psychic-homily-backend/internal/api/handlers/favorite_venue.go:287.16,293.3 2 1
psychic-homily-backend/internal/api/handlers/favorite_venue.go:296.2,297.16 2 0
psychic-homily-backend/internal/api/handlers/favorite_venue.go:297.16,307.3 2 0
psychic-homily-backend/internal/api/handlers/favorite_venue.go:309.2,315.8 1 0
psychic-homily-backend/internal/api/handlers/favorite_venue.go:319.157,324.17 3 1
psychic-homily-backend/internal/api/handlers/favorite_venue.go:324.17,326.3 1 1
psychic-homily-backend/internal/api/handlers/favorite_venue.go:329.2,330.15 2 0
psychic-homily-backend/internal/api/handlers/favorite_venue.go:330.15,332.3 1 0
psychic-homily-backend/internal/api/handlers/favorite_venue.go:333.2,333.17 1 0
psychic-homily-backend/internal/api/handlers/favorite_venue.go:333.17,335.3 1 0
psychic-homily-backend/internal/api/handlers/favorite_venue.go:337.2,338.16 2 0
psychic-homily-backend/internal/api/handlers/favorite_venue.go:338.16,340.3 1 0
psychic-homily-backend/internal/api/handlers/favorite_venue.go:342.2,343.20 2 0
psychic-homily-backend/internal/api/handlers/favorite_venue.go:343.20,345.3 1 0
psychic-homily-backend/internal/api/handlers/favorite_venue.go:347.2,356.16 3 0
psychic-homily-backend/internal/api/handlers/favorite_venue.go:356.16,365.3 2 0
psychic-homily-backend/internal/api/handlers/favorite_venue.go:367.2,387.8 2 0
psychic-homily-backend/internal/api/handlers/health.go:28.83,41.36 6 0
psychic-homily-backend/internal/api/handlers/health.go:41.36,43.3 1 0
psychic-homily-backend/internal/api/handlers/health.go:43.8,45.3 1 0
psychic-homily-backend/internal/api/handlers/health.go:47.2,47.18 1 0
psychic-homily-backend/internal/api/handlers/health.go:51.63,56.19 3 0
psychic-homily-backend/internal/api/handlers/health.go:56.19,62.3 1 0
psychic-homily-backend/internal/api/handlers/health.go:64.2,65.16 2 0
psychic-homily-backend/internal/api/handlers/health.go:65.16,71.3 1 0
psychic-homily-backend/internal/api/handlers/health.go:74.2,74.47 1 0
psychic-homily-backend/internal/api/handlers/health.go:74.47,80.3 1 0
psychic-homily-backend/internal/api/handlers/health.go:82.2,85.3 1 0
psychic-homily-backend/internal/api/handlers/oauth_account.go:19.85,23.2 1 1
psychic-homily-backend/internal/api/handlers/oauth_account.go:46.141,51.17 3 1
psychic-homily-backend/internal/api/handlers/oauth_account.go:51.17,53.3 1 1
psychic-homily-backend/internal/api/handlers/oauth_account.go:55.2,62.16 3 0
psychic-homily-backend/internal/api/handlers/oauth_account.go:62.16,69.3 2 0
psychic-homily-backend/internal/api/handlers/oauth_account.go:72.2,73.31 2 0
psychic-homily-backend/internal/api/handlers/oauth_account.go:73.31,81.3 1 0
psychic-homily-backend/internal/api/handlers/oauth_account.go:83.2,97.8 2 0
psychic-homily-backend/internal/api/handlers/oauth_account.go:114.147,119.17 3 1
psychic-homily-backend/internal/api/handlers/oauth_account.go:119.17,121.3 1 1
psychic-homily-backend/internal/api/handlers/oauth_account.go:123.2,130.58 2 1
psychic-homily-backend/internal/api/handlers/oauth_account.go:130.58,132.3 1 1
psychic-homily-backend/internal/api/handlers/oauth_account.go:135.2,136.16 2 0
psychic-homily-backend/internal/api/handlers/oauth_account.go:136.16,144.3 2 0
psychic-homily-backend/internal/api/handlers/oauth_account.go:146.2,146.16 1 0
psychic-homily-backend/internal/api/handlers/oauth_account.go:146.16,154.3 2 0
psychic-homily-backend/internal/api/handlers/oauth_account.go:157.2,158.16 2 0
psychic-homily-backend/internal/api/handlers/oauth_account.go:158.16,166.3 2 0
psychic-homily-backend/internal/api/handlers/oauth_account.go:168.2,182.8 2 0
psychic-homily-backend/internal/api/handlers/oauth_handlers.go:19.32,23.2 3 0
psychic-homily-backend/internal/api/handlers/oauth_handlers.go:39.47,45.47 4 0
psychic-homily-backend/internal/api/handlers/oauth_handlers.go:45.47,46.29 1 0
psychic-homily-backend/internal/api/handlers/oauth_handlers.go:46.29,48.4 1 0
psychic-homily-backend/internal/api/handlers/oauth_handlers.go:51.2,54.3 1 0
psychic-homily-backend/internal/api/handlers/oauth_handlers.go:57.47,62.46 4 0
psychic-homily-backend/internal/api/handlers/oauth_handlers.go:62.46,64.3 1 0
psychic-homily-backend/internal/api/handlers/oauth_handlers.go:65.2,65.32 1 0
psychic-homily-backend/internal/api/handlers/oauth_handlers.go:68.35,72.2 3 0
psychic-homily-backend/internal/api/handlers/oauth_handlers.go:81.99,86.2 1 0
psychic-homily-backend/internal/api/handlers/oauth_handlers.go:89.90,92.20 2 0
psychic-homily-backend/internal/api/handlers/oauth_handlers.go:92.20,95.3 2 0
psychic-homily-backend/internal/api/handlers/oauth_handlers.go:98.2,98.50 1 0
psychic-homily-backend/internal/api/handlers/oauth_handlers.go:98.50,101.3 2 0
psychic-homily-backend/internal/api/handlers/oauth_handlers.go:104.2,105.23 2 0
psychic-homily-backend/internal/api/handlers/oauth_handlers.go:105.23,120.3 4 0
psychic-homily-backend/internal/api/handlers/oauth_handlers.go:123.2,134.58 7 0
psychic-homily-backend/internal/api/handlers/oauth_handlers.go:138.93,141.20 2 0
psychic-homily-backend/internal/api/handlers/oauth_handlers.go:141.20,143.3 1 0
psychic-homily-backend/internal/api/handlers/oauth_handlers.go:145.2,149.60 3 0
psychic-homily-backend/internal/api/handlers/oauth_handlers.go:149.60,151.53 2 0
psychic-homily-backend/internal/api/handlers/oauth_handlers.go:151.53,155.4 3 0
psychic-homily-backend/internal/api/handlers/oauth_handlers.go:157.3,163.5 1 0
psychic-homily-backend/internal/api/handlers/oauth_handlers.go:167.2,173.23 5 0
psychic-homily-backend/internal/api/handlers/oauth_handlers.go:173.23,175.3 1 0
psychic-homily-backend/internal/api/handlers/oauth_handlers.go:178.2,179.16 2 0
psychic-homily-backend/internal/api/handlers/oauth_handlers.go:179.16,183.24 2 0
psychic-homily-backend/internal/api/handlers/oauth_handlers.go:183.24,187.4 3 0
psychic-homily-backend/internal/api/handlers/oauth_handlers.go:190.3,192.9 3 0
psychic-homily-backend/internal/api/handlers/oauth_handlers.go:195.2,198.23 2 0
psychic-homily-backend/internal/api/handlers/oauth_handlers.go:198.23,204.3 4 0
psychic-homily-backend/internal/api/handlers/oauth_handlers.go:207.2,211.64 3 0
psychic-homily-backend/internal/api/handlers/passkey.go:31.171,38.2 1 1
psychic-homily-backend/internal/api/handlers/passkey.go:62.129,69.24 5 1
psychic-homily-backend/internal/api/handlers/passkey.go:69.24,74.3 4 1
psychic-homily-backend/internal/api/handlers/passkey.go:76.2,82.16 3 0
psychic-homily-backend/internal/api/handlers/passkey.go:82.16,90.3 5 0
psychic-homily-backend/internal/api/handlers/passkey.go:93.2,94.16 2 0
psychic-homily-backend/internal/api/handlers/passkey.go:94.16,102.3 5 0
psychic-homily-backend/internal/api/handlers/passkey.go:104.2,108.18 5 0
psychic-homily-backend/internal/api/handlers/passkey.go:148.132,155.24 5 1
psychic-homily-backend/internal/api/handlers/passkey.go:155.24,160.3 4 1
psychic-homily-backend/internal/api/handlers/passkey.go:162.2,168.16 3 0
psychic-homily-backend/internal/api/handlers/passkey.go:168.16,177.3 5 0
psychic-homily-backend/internal/api/handlers/passkey.go:180.2,180.30 1 0
psychic-homily-backend/internal/api/handlers/passkey.go:180.30,185.3 4 0
psychic-homily-backend/internal/api/handlers/passkey.go:190.2,193.16 2 0
psychic-homily-backend/internal/api/handlers/passkey.go:193.16,202.3 5 0
psychic-homily-backend/internal/api/handlers/passkey.go:205.2,206.23 2 0
psychic-homily-backend/internal/api/handlers/passkey.go:206.23,208.3 1 0
psychic-homily-backend/internal/api/handlers/passkey.go:211.2,212.16 2 0
psychic-homily-backend/internal/api/handlers/passkey.go:212.16,220.3 5 0
psychic-homily-backend/internal/api/handlers/passkey.go:223.2,233.18 6 0
psychic-homily-backend/internal/api/handlers/passkey.go:258.120,267.28 7 0
psychic-homily-backend/internal/api/handlers/passkey.go:267.28,270.17 2 0
psychic-homily-backend/internal/api/handlers/passkey.go:270.17,276.4 4 0
psychic-homily-backend/internal/api/handlers/passkey.go:278.3,279.17 2 0
psychic-homily-backend/internal/api/handlers/passkey.go:279.17,287.4 5 0
psychic-homily-backend/internal/api/handlers/passkey.go:289.3,291.19 3 0
psychic-homily-backend/internal/api/handlers/passkey.go:292.8,295.17 2 0
psychic-homily-backend/internal/api/handlers/passkey.go:295.17,301.4 5 0
psychic-homily-backend/internal/api/handlers/passkey.go:303.3,305.13 3 0
psychic-homily-backend/internal/api/handlers/passkey.go:309.2,310.16 2 0
psychic-homily-backend/internal/api/handlers/passkey.go:310.16,316.3 5 0
psychic-homily-backend/internal/api/handlers/passkey.go:318.2,322.18 5 0
psychic-homily-backend/internal/api/handlers/passkey.go:362.123,371.16 6 0
psychic-homily-backend/internal/api/handlers/passkey.go:371.16,379.3 5 0
psychic-homily-backend/internal/api/handlers/passkey.go:382.2,385.16 2 0
psychic-homily-backend/internal/api/handlers/passkey.go:385.16,393.3 5 0
psychic-homily-backend/internal/api/handlers/passkey.go:395.2,397.17 2 0
psychic-homily-backend/internal/api/handlers/passkey.go:397.17,400.17 2 0
psychic-homily-backend/internal/api/handlers/passkey.go:400.17,405.4 4 0
psychic-homily-backend/internal/api/handlers/passkey.go:407.3,407.72 1 0
psychic-homily-backend/internal/api/handlers/passkey.go:408.8,411.3 1 0
psychic-homily-backend/internal/api/handlers/passkey.go:413.2,413.16 1 0
psychic-homily-backend/internal/api/handlers/passkey.go:413.16,421.3 5 0
psychic-homily-backend/internal/api/handlers/passkey.go:424.2,428.16 3 0
psychic-homily-backend/internal/api/handlers/passkey.go:428.16,436.3 5 0
psychic-homily-backend/internal/api/handlers/passkey.go:439.2,448.18 6 0
psychic-homily-backend/internal/api/handlers/passkey.go:465.121,472.24 5 1
psychic-homily-backend/internal/api/handlers/passkey.go:472.24,477.3 4 1
psychic-homily-backend/internal/api/handlers/passkey.go:479.2,480.16 2 0
psychic-homily-backend/internal/api/handlers/passkey.go:480.16,488.3 5 0
psychic-homily-backend/internal/api/handlers/passkey.go:490.2,493.18 4 0
psychic-homily-backend/internal/api/handlers/passkey.go:512.138,519.24 5 1
psychic-homily-backend/internal/api/handlers/passkey.go:519.24,524.3 4 1
psychic-homily-backend/internal/api/handlers/passkey.go:526.2,527.16 2 0
psychic-homily-backend/internal/api/handlers/passkey.go:527.16,537.3 5 0
psychic-homily-backend/internal/api/handlers/passkey.go:539.2,546.18 4 0
psychic-homily-backend/internal/api/handlers/passkey.go:551.77,563.55 2 0
psychic-homily-backend/internal/api/handlers/passkey.go:563.55,565.3 1 0
psychic-homily-backend/internal/api/handlers/passkey.go:566.2,567.30 2 0
psychic-homily-backend/internal/api/handlers/passkey.go:570.73,584.2 3 0
psychic-homily-backend/internal/api/handlers/passkey.go:608.123,614.17 5 1
psychic-homily-backend/internal/api/handlers/passkey.go:614.17,619.3 4 1
psychic-homily-backend/internal/api/handlers/passkey.go:621.2,627.16 3 0
psychic-homily-backend/internal/api/handlers/passkey.go:627.16,635.3 5 0
psychic-homily-backend/internal/api/handlers/passkey.go:637.2,637.25 1 0
psychic-homily-backend/internal/api/handlers/passkey.go:637.25,642.3 4 0
psychic-homily-backend/internal/api/handlers/passkey.go:646.2,654.16 4 0
psychic-homily-backend/internal/api/handlers/passkey.go:654.16,662.3 5 0
psychic-homily-backend/internal/api/handlers/passkey.go:665.2,666.16 2 0
psychic-homily-backend/internal/api/handlers/passkey.go:666.16,674.3 5 0
psychic-homily-backend/internal/api/handlers/passkey.go:676.2,680.18 5 0
psychic-homily-backend/internal/api/handlers/passkey.go:705.126,714.16 6 0
psychic-homily-backend/internal/api/handlers/passkey.go:714.16,722.3 5 0
psychic-homily-backend/internal/api/handlers/passkey.go:725.2,726.16 2 0
psychic-homily-backend/internal/api/handlers/passkey.go:726.16,731.3 4 0
psychic-homily-backend/internal/api/handlers/passkey.go:732.2,732.25 1 0
psychic-homily-backend/internal/api/handlers/passkey.go:732.25,737.3 4 0
psychic-homily-backend/internal/api/handlers/passkey.go:740.2,743.16 2 0
psychic-homily-backend/internal/api/handlers/passkey.go:743.16,752.3 5 0
psychic-homily-backend/internal/api/handlers/passkey.go:755.2,756.23 2 0
psychic-homily-backend/internal/api/handlers/passkey.go:756.23,758.3 1 0
psychic-homily-backend/internal/api/handlers/passkey.go:761.2,762.16 2 0
psychic-homily-backend/internal/api/handlers/passkey.go:762.16,770.3 5 0
psychic-homily-backend/internal/api/handlers/passkey.go:773.2,777.16 3 0
psychic-homily-backend/internal/api/handlers/passkey.go:777.16,785.3 5 0
psychic-homily-backend/internal/api/handlers/passkey.go:788.2,798.18 6 0
psychic-homily-backend/internal/api/handlers/passkey.go:801.85,812.55 2 0
psychic-homily-backend/internal/api/handlers/passkey.go:812.55,814.3 1 0
psychic-homily-backend/internal/api/handlers/passkey.go:815.2,816.30 2 0
psychic-homily-backend/internal/api/handlers/saved_show.go:21.89,25.2 1 1
psychic-homily-backend/internal/api/handlers/saved_show.go:82.114,87.17 3 1
psychic-homily-backend/internal/api/handlers/saved_show.go:87.17,89.3 1 1
psychic-homily-backend/internal/api/handlers/saved_show.go:92.2,93.16 2 1
psychic-homily-backend/internal/api/handlers/saved_show.go:93.16,99.3 2 1
psychic-homily-backend/internal/api/handlers/saved_show.go:101.2,108.16 3 0
psychic-homily-backend/internal/api/handlers/saved_show.go:108.16,118.3 2 0
psychic-homily-backend/internal/api/handlers/saved_show.go:120.2,134.8 2 0
psychic-homily-backend/internal/api/handlers/saved_show.go:138.120,143.17 3 1
psychic-homily-backend/internal/api/handlers/saved_show.go:143.17,145.3 1 1
psychic-homily-backend/internal/api/handlers/saved_show.go:148.2,149.16 2 1
psychic-homily-backend/internal/api/handlers/saved_show.go:149.16,155.3 2 1
psychic-homily-backend/internal/api/handlers/saved_show.go:157.2,164.16 3 0
psychic-homily-backend/internal/api/handlers/saved_show.go:164.16,174.3 2 0
psychic-homily-backend/internal/api/handlers/saved_show.go:176.2,190.8 2 0
psychic-homily-backend/internal/api/handlers/saved_show.go:194.129,199.17 3 1
psychic-homily-backend/internal/api/handlers/saved_show.go:199.17,201.3 1 1
psychic-homily-backend/internal/api/handlers/saved_show.go:204.2,205.15 2 0
psychic-homily-backend/internal/api/handlers/saved_show.go:205.15,207.3 1 0
psychic-homily-backend/internal/api/handlers/saved_show.go:208.2,208.17 1 0
psychic-homily-backend/internal/api/handlers/saved_show.go:208.17,210.3 1 0
psychic-homily-backend/internal/api/handlers/saved_show.go:212.2,213.16 2 0
psychic-homily-backend/internal/api/handlers/saved_show.go:213.16,215.3 1 0
psychic-homily-backend/internal/api/handlers/saved_show.go:217.2,225.16 3 0
psychic-homily-backend/internal/api/handlers/saved_show.go:225.16,234.3 2 0
psychic-homily-backend/internal/api/handlers/saved_show.go:236.2,254.8 2 0
psychic-homily-backend/internal/api/handlers/saved_show.go:258.120,263.17 3 1
psychic-homily-backend/internal/api/handlers/saved_show.go:263.17,265.3 1 1
psychic-homily-backend/internal/api/handlers/saved_show.go:268.2,269.16 2 1
psychic-homily-backend/internal/api/handlers/saved_show.go:269.16,275.3 2 1
psychic-homily-backend/internal/api/handlers/saved_show.go:278.2,279.16 2 0
psychic-homily-backend/internal/api/handlers/saved_show.go:279.16,289.3 2 0
psychic-homily-backend/internal/api/handlers/saved_show.go:291.2,297.8 1 0
psychic-homily-backend/internal/api/handlers/show.go:35.16,43.2 1 1
psychic-homily-backend/internal/api/handlers/show.go:62.34,64.26 1 0
psychic-homily-backend/internal/api/handlers/show.go:64.26,68.3 2 0
psychic-homily-backend/internal/api/handlers/show.go:89.67,93.43 2 0
psychic-homily-backend/internal/api/handlers/show.go:93.43,99.3 1 0
psychic-homily-backend/internal/api/handlers/show.go:100.2,100.56 1 0
psychic-homily-backend/internal/api/handlers/show.go:100.56,106.3 1 0
psychic-homily-backend/internal/api/handlers/show.go:107.2,107.60 1 0
psychic-homily-backend/internal/api/handlers/show.go:107.60,113.3 1 0
psychic-homily-backend/internal/api/handlers/show.go:116.2,116.58 1 0
psychic-homily-backend/internal/api/handlers/show.go:116.58,122.3 1 0
psychic-homily-backend/internal/api/handlers/show.go:125.2,125.26 1 0
psychic-homily-backend/internal/api/handlers/show.go:125.26,127.86 2 0
psychic-homily-backend/internal/api/handlers/show.go:127.86,133.4 1 0
psychic-homily-backend/internal/api/handlers/show.go:134.3,134.50 1 0
psychic-homily-backend/internal/api/handlers/show.go:134.50,140.4 1 0
psychic-homily-backend/internal/api/handlers/show.go:144.2,144.27 1 0
psychic-homily-backend/internal/api/handlers/show.go:144.27,148.90 3 0
psychic-homily-backend/internal/api/handlers/show.go:148.90,154.4 1 0
psychic-homily-backend/internal/api/handlers/show.go:155.3,155.52 1 0
psychic-homily-backend/internal/api/handlers/show.go:155.52,161.4 1 0
psychic-homily-backend/internal/api/handlers/show.go:164.2,164.15 1 0
psychic-homily-backend/internal/api/handlers/show.go:281.115,288.17 5 1
psychic-homily-backend/internal/api/handlers/show.go:288.17,291.3 2 1
psychic-homily-backend/internal/api/handlers/show.go:294.2,294.57 1 1
psychic-homily-backend/internal/api/handlers/show.go:294.57,300.3 2 1
psychic-homily-backend/internal/api/handlers/show.go:302.2,316.40 3 0
psychic-homily-backend/internal/api/handlers/show.go:316.40,318.24 2 0
psychic-homily-backend/internal/api/handlers/show.go:318.24,320.4 1 0
psychic-homily-backend/internal/api/handlers/show.go:321.3,321.24 1 0
psychic-homily-backend/internal/api/handlers/show.go:321.24,323.4 1 0
psychic-homily-backend/internal/api/handlers/show.go:324.3,324.25 1 0
psychic-homily-backend/internal/api/handlers/show.go:324.25,326.4 1 0
psychic-homily-backend/internal/api/handlers/show.go:327.3,327.27 1 0
psychic-homily-backend/internal/api/handlers/show.go:327.27,329.4 1 0
psychic-homily-backend/internal/api/handlers/show.go:330.3,336.4 1 0
psychic-homily-backend/internal/api/handlers/show.go:340.2,341.42 2 0
psychic-homily-backend/internal/api/handlers/show.go:341.42,343.25 2 0
psychic-homily-backend/internal/api/handlers/show.go:343.25,345.4 1 0
psychic-homily-backend/internal/api/handlers/show.go:346.3,350.4 1 0
psychic-homily-backend/internal/api/handlers/show.go:353.2,354.27 2 0
psychic-homily-backend/internal/api/handlers/show.go:354.27,356.3 1 0
psychic-homily-backend/internal/api/handlers/show.go:358.2,359.33 2 0
psychic-homily-backend/internal/api/handlers/show.go:359.33,361.3 1 0
psychic-homily-backend/internal/api/handlers/show.go:363.2,364.36 2 0
psychic-homily-backend/internal/api/handlers/show.go:364.36,366.3 1 0
psychic-homily-backend/internal/api/handlers/show.go:369.2,370.54 2 0
psychic-homily-backend/internal/api/handlers/show.go:370.54,372.3 1 0
psychic-homily-backend/internal/api/handlers/show.go:375.2,392.16 3 0
psychic-homily-backend/internal/api/handlers/show.go:392.16,402.3 3 0
psychic-homily-backend/internal/api/handlers/show.go:404.2,413.38 3 0
psychic-homily-backend/internal/api/handlers/show.go:413.38,415.3 1 0
psychic-homily-backend/internal/api/handlers/show.go:416.2,419.38 2 0
psychic-homily-backend/internal/api/handlers/show.go:419.38,420.55 1 0
psychic-homily-backend/internal/api/handlers/show.go:420.55,422.4 1 0
psychic-homily-backend/internal/api/handlers/show.go:426.2,426.36 1 0
psychic-homily-backend/internal/api/handlers/show.go:426.36,427.70 1 0
psychic-homily-backend/internal/api/handlers/show.go:427.70,429.4 1 0
psychic-homily-backend/internal/api/handlers/show.go:433.2,433.30 1 0
psychic-homily-backend/internal/api/handlers/show.go:433.30,434.82 1 0
psychic-homily-backend/internal/api/handlers/show.go:434.82,442.4 1 0
psychic-homily-backend/internal/api/handlers/show.go:442.9,447.4 1 0
psychic-homily-backend/internal/api/handlers/show.go:450.2,450.46 1 0
psychic-homily-backend/internal/api/handlers/show.go:454.106,462.21 5 0
psychic-homily-backend/internal/api/handlers/show.go:462.21,467.3 2 0
psychic-homily-backend/internal/api/handlers/show.go:467.8,473.3 2 0
psychic-homily-backend/internal/api/handlers/show.go:475.2,475.16 1 0
psychic-homily-backend/internal/api/handlers/show.go:475.16,486.3 3 0
psychic-homily-backend/internal/api/handlers/show.go:489.2,489.31 1 0
psychic-homily-backend/internal/api/handlers/show.go:489.31,494.31 4 0
psychic-homily-backend/internal/api/handlers/show.go:494.31,501.4 2 0
psychic-homily-backend/internal/api/handlers/show.go:504.2,509.43 2 0
psychic-homily-backend/internal/api/handlers/show.go:513.109,518.20 3 0
psychic-homily-backend/internal/api/handlers/show.go:518.20,520.3 1 0
psychic-homily-backend/internal/api/handlers/show.go:521.2,521.21 1 0
psychic-homily-backend/internal/api/handlers/show.go:521.21,523.3 1 0
psychic-homily-backend/internal/api/handlers/show.go:524.2,524.28 1 0
psychic-homily-backend/internal/api/handlers/show.go:524.28,526.3 1 0
psychic-homily-backend/internal/api/handlers/show.go:527.2,527.26 1 0
psychic-homily-backend/internal/api/handlers/show.go:527.26,529.3 1 0
psychic-homily-backend/internal/api/handlers/show.go:531.2,537.16 3 0
psychic-homily-backend/internal/api/handlers/show.go:537.16,545.3 2 0
psychic-homily-backend/internal/api/handlers/show.go:547.2,551.44 2 0
psychic-homily-backend/internal/api/handlers/show.go:555.124,560.20 3 0
psychic-homily-backend/internal/api/handlers/show.go:560.20,562.3 1 0
psychic-homily-backend/internal/api/handlers/show.go:564.2,569.16 3 0
psychic-homily-backend/internal/api/handlers/show.go:569.16,578.3 2 0
psychic-homily-backend/internal/api/handlers/show.go:580.2,590.8 2 0
psychic-homily-backend/internal/api/handlers/show.go:594.133,603.20 5 0
psychic-homily-backend/internal/api/handlers/show.go:603.20,605.3 1 0
psychic-homily-backend/internal/api/handlers/show.go:608.2,609.15 2 0
psychic-homily-backend/internal/api/handlers/show.go:609.15,611.3 1 0
psychic-homily-backend/internal/api/handlers/show.go:612.2,612.17 1 0
psychic-homily-backend/internal/api/handlers/show.go:612.17,614.3 1 0
psychic-homily-backend/internal/api/handlers/show.go:617.2,618.39 2 0
psychic-homily-backend/internal/api/handlers/show.go:618.39,623.3 1 0
psychic-homily-backend/internal/api/handlers/show.go:625.2,636.16 3 0
psychic-homily-backend/internal/api/handlers/show.go:636.16,645.3 2 0
psychic-homily-backend/internal/api/handlers/show.go:647.2,666.8 2 0
psychic-homily-backend/internal/api/handlers/show.go:670.115,675.17 3 1
psychic-homily-backend/internal/api/handlers/show.go:675.17,677.3 1 1
psychic-homily-backend/internal/api/handlers/show.go:678.2,693.16 4 1
psychic-homily-backend/internal/api/handlers/show.go:693.16,703.3 3 1
psychic-homily-backend/internal/api/handlers/show.go:706.2,707.16 2 0
psychic-homily-backend/internal/api/handlers/show.go:707.16,718.3 3 0
psychic-homily-backend/internal/api/handlers/show.go:721.2,722.26 2 0
psychic-homily-backend/internal/api/handlers/show.go:722.26,734.3 3 0
psychic-homily-backend/internal/api/handlers/show.go:737.2,737.57 1 0
psychic-homily-backend/internal/api/handlers/show.go:737.57,739.3 1 0
psychic-homily-backend/internal/api/handlers/show.go:740.2,740.70 1 0
psychic-homily-backend/internal/api/handlers/show.go:740.70,742.3 1 0
psychic-homily-backend/internal/api/handlers/show.go:743.2,743.74 1 0
psychic-homily-backend/internal/api/handlers/show.go:743.74,745.3 1 0
psychic-homily-backend/internal/api/handlers/show.go:746.2,746.79 1 0
psychic-homily-backend/internal/api/handlers/show.go:746.79,748.3 1 0
psychic-homily-backend/internal/api/handlers/show.go:751.2,752.27 2 0
psychic-homily-backend/internal/api/handlers/show.go:752.27,754.3 1 0
psychic-homily-backend/internal/api/handlers/show.go:755.2,755.31 1 0
psychic-homily-backend/internal/api/handlers/show.go:755.31,757.3 1 0
psychic-homily-backend/internal/api/handlers/show.go:758.2,758.26 1 0
psychic-homily-backend/internal/api/handlers/show.go:758.26,760.3 1 0
psychic-homily-backend/internal/api/handlers/show.go:761.2,761.27 1 0
psychic-homily-backend/internal/api/handlers/show.go:761.27,763.3 1 0
psychic-homily-backend/internal/api/handlers/show.go:764.2,764.27 1 0
psychic-homily-backend/internal/api/handlers/show.go:764.27,766.3 1 0
psychic-homily-backend/internal/api/handlers/show.go:767.2,767.36 1 0
psychic-homily-backend/internal/api/handlers/show.go:767.36,769.3 1 0
psychic-homily-backend/internal/api/handlers/show.go:770.2,770.33 1 0
psychic-homily-backend/internal/api/handlers/show.go:770.33,772.3 1 0
psychic-homily-backend/internal/api/handlers/show.go:775.2,776.30 2 0
psychic-homily-backend/internal/api/handlers/show.go:776.30,778.41 2 0
psychic-homily-backend/internal/api/handlers/show.go:778.41,780.25 2 0
psychic-homily-backend/internal/api/handlers/show.go:780.25,782.5 1 0
psychic-homily-backend/internal/api/handlers/show.go:783.4,783.25 1 0
psychic-homily-backend/internal/api/handlers/show.go:783.25,785.5 1 0
psychic-homily-backend/internal/api/handlers/show.go:786.4,786.26 1 0
psychic-homily-backend/internal/api/handlers/show.go:786.26,788.5 1 0
psychic-homily-backend/internal/api/handlers/show.go:789.4,789.28 1 0
psychic-homily-backend/internal/api/handlers/show.go:789.28,791.5 1 0
psychic-homily-backend/internal/api/handlers/show.go:792.4,798.5 1 0
psychic-homily-backend/internal/api/handlers/show.go:803.2,804.31 2 0
psychic-homily-backend/internal/api/handlers/show.go:804.31,806.43 2 0
psychic-homily-backend/internal/api/handlers/show.go:806.43,808.26 2 0
psychic-homily-backend/internal/api/handlers/show.go:808.26,810.5 1 0
psychic-homily-backend/internal/api/handlers/show.go:811.4,815.5 1 0
psychic-homily-backend/internal/api/handlers/show.go:819.2,828.16 3 0
psychic-homily-backend/internal/api/handlers/show.go:828.16,839.3 3 0
psychic-homily-backend/internal/api/handlers/show.go:841.2,853.9 2 0
psychic-homily-backend/internal/api/handlers/show.go:857.110,862.17 3 1
psychic-homily-backend/internal/api/handlers/show.go:862.17,864.3 1 1
psychic-homily-backend/internal/api/handlers/show.go:867.2,868.16 2 1
psychic-homily-backend/internal/api/handlers/show.go:868.16,878.3 3 1
psychic-homily-backend/internal/api/handlers/show.go:880.2,888.16 3 0
psychic-homily-backend/internal/api/handlers/show.go:888.16,899.3 3 0
psychic-homily-backend/internal/api/handlers/show.go:902.2,903.31 2 0
psychic-homily-backend/internal/api/handlers/show.go:903.31,915.3 3 0
psychic-homily-backend/internal/api/handlers/show.go:918.2,919.16 2 0
psychic-homily-backend/internal/api/handlers/show.go:919.16,930.3 3 0
psychic-homily-backend/internal/api/handlers/show.go:932.2,939.30 2 0
psychic-homily-backend/internal/api/handlers/show.go:955.124,960.17 3 1
psychic-homily-backend/internal/api/handlers/show.go:960.17,962.3 1 1
psychic-homily-backend/internal/api/handlers/show.go:965.2,966.16 2 1
psychic-homily-backend/internal/api/handlers/show.go:966.16,976.3 3 1
psychic-homily-backend/internal/api/handlers/show.go:978.2,986.16 3 0
psychic-homily-backend/internal/api/handlers/show.go:986.16,994.31 3 0
psychic-homily-backend/internal/api/handlers/show.go:994.31,995.24 1 0
psychic-homily-backend/internal/api/handlers/show.go:996.36,999.6 1 0
psychic-homily-backend/internal/api/handlers/show.go:1000.49,1003.6 1 0
psychic-homily-backend/internal/api/handlers/show.go:1006.3,1008.4 1 0
psychic-homily-backend/internal/api/handlers/show.go:1011.2,1019.23 3 0
psychic-homily-backend/internal/api/handlers/show.go:1019.23,1021.3 1 0
psychic-homily-backend/internal/api/handlers/show.go:1022.2,1024.49 2 0
psychic-homily-backend/internal/api/handlers/show.go:1040.130,1045.17 3 1
psychic-homily-backend/internal/api/handlers/show.go:1045.17,1047.3 1 1
psychic-homily-backend/internal/api/handlers/show.go:1050.2,1051.16 2 1
psychic-homily-backend/internal/api/handlers/show.go:1051.16,1061.3 3 1
psychic-homily-backend/internal/api/handlers/show.go:1063.2,1071.16 3 0
psychic-homily-backend/internal/api/handlers/show.go:1071.16,1079.31 3 0
psychic-homily-backend/internal/api/handlers/show.go:1079.31,1080.24 1 0
psychic-homily-backend/internal/api/handlers/show.go:1081.36,1084.6 1 0
psychic-homily-backend/internal/api/handlers/show.go:1085.51,1088.6 1 0
psychic-homily-backend/internal/api/handlers/show.go:1091.3,1093.4 1 0
psychic-homily-backend/internal/api/handlers/show.go:1096.2,1104.23 3 0
psychic-homily-backend/internal/api/handlers/show.go:1104.23,1106.3 1 0
psychic-homily-backend/internal/api/handlers/show.go:1107.2,1109.51 2 0
psychic-homily-backend/internal/api/handlers/show.go:1127.118,1132.17 3 1
psychic-homily-backend/internal/api/handlers/show.go:1132.17,1134.3 1 1
psychic-homily-backend/internal/api/handlers/show.go:1137.2,1138.16 2 1
psychic-homily-backend/internal/api/handlers/show.go:1138.16,1148.3 3 1
psychic-homily-backend/internal/api/handlers/show.go:1150.2,1158.16 3 0
psychic-homily-backend/internal/api/handlers/show.go:1158.16,1166.31 3 0
psychic-homily-backend/internal/api/handlers/show.go:1166.31,1167.24 1 0
psychic-homily-backend/internal/api/handlers/show.go:1168.36,1171.6 1 0
psychic-homily-backend/internal/api/handlers/show.go:1172.47,1175.6 1 0
psychic-homily-backend/internal/api/handlers/show.go:1178.3,1180.4 1 0
psychic-homily-backend/internal/api/handlers/show.go:1183.2,1192.23 3 0
psychic-homily-backend/internal/api/handlers/show.go:1192.23,1194.3 1 0
psychic-homily-backend/internal/api/handlers/show.go:1195.2,1197.47 2 0
psychic-homily-backend/internal/api/handlers/show.go:1203.124,1214.16 4 0
psychic-homily-backend/internal/api/handlers/show.go:1214.16,1225.3 2 0
psychic-homily-backend/internal/api/handlers/show.go:1227.2,1227.20 1 0
psychic-homily-backend/internal/api/handlers/show.go:1227.20,1229.25 2 0
psychic-homily-backend/internal/api/handlers/show.go:1229.25,1231.4 1 0
psychic-homily-backend/internal/api/handlers/show.go:1232.3,1236.4 1 0
psychic-homily-backend/internal/api/handlers/show.go:1237.8,1242.3 1 0
psychic-homily-backend/internal/api/handlers/show.go:1244.2,1244.51 1 0
psychic-homily-backend/internal/api/handlers/show.go:1261.61,1264.2 2 0
psychic-homily-backend/internal/api/handlers/show.go:1268.116,1272.47 2 1
psychic-homily-backend/internal/api/handlers/show.go:1272.47,1278.3 2 1
psychic-homily-backend/internal/api/handlers/show.go:1281.2,1282.16 2 0
psychic-homily-backend/internal/api/handlers/show.go:1282.16,1292.3 3 0
psychic-homily-backend/internal/api/handlers/show.go:1294.2,1300.16 3 0
psychic-homily-backend/internal/api/handlers/show.go:1300.16,1307.77 3 0
psychic-homily-backend/internal/api/handlers/show.go:1307.77,1309.4 1 0
psychic-homily-backend/internal/api/handlers/show.go:1310.3,1312.4 1 0
psychic-homily-backend/internal/api/handlers/show.go:1315.2,1323.32 2 0
psychic-homily-backend/internal/api/handlers/show.go:1323.32,1327.4 3 0
psychic-homily-backend/internal/api/handlers/show.go:1364.127,1369.17 3 1
psychic-homily-backend/internal/api/handlers/show.go:1369.17,1371.3 1 1
psychic-homily-backend/internal/api/handlers/show.go:1374.2,1375.16 2 1
psychic-homily-backend/internal/api/handlers/show.go:1375.16,1377.3 1 1
psychic-homily-backend/internal/api/handlers/show.go:1380.2,1381.16 2 0
psychic-homily-backend/internal/api/handlers/show.go:1381.16,1383.77 2 0
psychic-homily-backend/internal/api/handlers/show.go:1383.77,1385.4 1 0
psychic-homily-backend/internal/api/handlers/show.go:1386.3,1388.4 1 0
psychic-homily-backend/internal/api/handlers/show.go:1392.2,1393.31 2 0
psychic-homily-backend/internal/api/handlers/show.go:1393.31,1400.3 2 0
psychic-homily-backend/internal/api/handlers/show.go:1402.2,1411.16 3 0
psychic-homily-backend/internal/api/handlers/show.go:1411.16,1420.3 2 0
psychic-homily-backend/internal/api/handlers/show.go:1422.2,1429.57 2 0
psychic-homily-backend/internal/api/handlers/show.go:1447.133,1452.17 3 1
psychic-homily-backend/internal/api/handlers/show.go:1452.17,1454.3 1 1
psychic-homily-backend/internal/api/handlers/show.go:1457.2,1458.16 2 1
psychic-homily-backend/internal/api/handlers/show.go:1458.16,1460.3 1 1
psychic-homily-backend/internal/api/handlers/show.go:1463.2,1464.16 2 0
psychic-homily-backend/internal/api/handlers/show.go:1464.16,1466.77 2 0
psychic-homily-backend/internal/api/handlers/show.go:1466.77,1468.4 1 0
psychic-homily-backend/internal/api/handlers/show.go:1469.3,1471.4 1 0
psychic-homily-backend/internal/api/handlers/show.go:1475.2,1476.31 2 0
psychic-homily-backend/internal/api/handlers/show.go:1476.31,1483.3 2 0
psychic-homily-backend/internal/api/handlers/show.go:1485.2,1494.16 3 0
psychic-homily-backend/internal/api/handlers/show.go:1494.16,1503.3 2 0
psychic-homily-backend/internal/api/handlers/show.go:1505.2,1512.59 2 0
psychic-homily-backend/internal/api/handlers/show.go:1517.133,1522.17 3 1
psychic-homily-backend/internal/api/handlers/show.go:1522.17,1524.3 1 1
psychic-homily-backend/internal/api/handlers/show.go:1527.2,1528.15 2 0
psychic-homily-backend/internal/api/handlers/show.go:1528.15,1530.3 1 0
psychic-homily-backend/internal/api/handlers/show.go:1531.2,1531.17 1 0
psychic-homily-backend/internal/api/handlers/show.go:1531.17,1533.3 1 0
psychic-homily-backend/internal/api/handlers/show.go:1535.2,1536.16 2 0
psychic-homily-backend/internal/api/handlers/show.go:1536.16,1538.3 1 0
psychic-homily-backend/internal/api/handlers/show.go:1540.2,1548.16 3 0
psychic-homily-backend/internal/api/handlers/show.go:1548.16,1557.3 2 0
psychic-homily-backend/internal/api/handlers/show.go:1559.2,1573.8 2 0
psychic-homily-backend/internal/api/handlers/show_report.go:29.22,36.2 1 1
psychic-homily-backend/internal/api/handlers/show_report.go:57.121,62.17 3 1
psychic-homily-backend/internal/api/handlers/show_report.go:62.17,64.3 1 1
[...]
psychic-homily-backend/internal/services/venue.go:648.25,650.3 1 1
psychic-homily-backend/internal/services/venue.go:651.2,651.114 1 1
psychic-homily-backend/internal/services/venue.go:651.114,653.3 1 0
psychic-homily-backend/internal/services/venue.go:656.2,657.22 2 1
psychic-homily-backend/internal/services/venue.go:657.22,658.97 1 1
psychic-homily-backend/internal/services/venue.go:658.97,660.4 1 0
psychic-homily-backend/internal/services/venue.go:664.2,666.20 3 1
psychic-homily-backend/internal/services/venue.go:666.20,669.30 3 1
psychic-homily-backend/internal/services/venue.go:669.30,671.4 1 1
psychic-homily-backend/internal/services/venue.go:672.3,673.40 2 1
psychic-homily-backend/internal/services/venue.go:673.40,676.4 2 0
psychic-homily-backend/internal/services/venue.go:680.2,681.27 2 1
psychic-homily-backend/internal/services/venue.go:681.27,684.29 3 0
psychic-homily-backend/internal/services/venue.go:684.29,686.4 1 0
psychic-homily-backend/internal/services/venue.go:690.2,691.29 2 1
psychic-homily-backend/internal/services/venue.go:691.29,693.46 2 1
psychic-homily-backend/internal/services/venue.go:693.46,695.11 2 0
psychic-homily-backend/internal/services/venue.go:695.11,696.13 1 0
psychic-homily-backend/internal/services/venue.go:698.4,711.26 5 0
psychic-homily-backend/internal/services/venue.go:711.26,713.5 1 0
psychic-homily-backend/internal/services/venue.go:714.4,723.6 1 0
psychic-homily-backend/internal/services/venue.go:726.3,735.4 1 1
psychic-homily-backend/internal/services/venue.go:738.2,738.30 1 1
psychic-homily-backend/internal/services/venue.go:750.71,751.17 1 1
psychic-homily-backend/internal/services/venue.go:751.17,753.3 1 1
psychic-homily-backend/internal/services/venue.go:755.2,768.16 4 1
psychic-homily-backend/internal/services/venue.go:768.16,770.3 1 0
psychic-homily-backend/internal/services/venue.go:772.2,773.28 2 1
psychic-homily-backend/internal/services/venue.go:773.28,779.3 1 1
psychic-homily-backend/internal/services/venue.go:781.2,781.23 1 1
psychic-homily-backend/internal/services/venue.go:842.130,868.40 2 1
psychic-homily-backend/internal/services/venue.go:868.40,870.3 1 1
psychic-homily-backend/internal/services/venue.go:872.2,872.34 1 1
psychic-homily-backend/internal/services/venue.go:872.34,875.3 2 1
psychic-homily-backend/internal/services/venue.go:877.2,877.63 1 1
psychic-homily-backend/internal/services/venue.go:877.63,880.3 2 1
psychic-homily-backend/internal/services/venue.go:882.2,882.13 1 1
psychic-homily-backend/internal/services/venue.go:886.53,887.51 1 1
psychic-homily-backend/internal/services/venue.go:887.51,889.3 1 1
psychic-homily-backend/internal/services/venue.go:890.2,890.27 1 0
psychic-homily-backend/internal/services/venue.go:890.27,892.3 1 0
psychic-homily-backend/internal/services/venue.go:893.2,893.26 1 0
psychic-homily-backend/internal/services/venue.go:893.26,895.3 1 0
psychic-homily-backend/internal/services/venue.go:896.2,896.23 1 0
psychic-homily-backend/internal/services/venue.go:896.23,898.3 1 0
psychic-homily-backend/internal/services/venue.go:899.2,899.23 1 0
psychic-homily-backend/internal/services/venue.go:903.132,904.17 1 1
psychic-homily-backend/internal/services/venue.go:904.17,906.3 1 1
psychic-homily-backend/internal/services/venue.go:909.2,910.58 2 1
psychic-homily-backend/internal/services/venue.go:910.58,911.36 1 1
psychic-homily-backend/internal/services/venue.go:911.36,913.4 1 1
psychic-homily-backend/internal/services/venue.go:914.3,914.57 1 0
psychic-homily-backend/internal/services/venue.go:918.2,920.16 3 1
psychic-homily-backend/internal/services/venue.go:920.16,922.3 1 1
psychic-homily-backend/internal/services/venue.go:922.8,922.42 1 1
psychic-homily-backend/internal/services/venue.go:922.42,924.3 1 0
psychic-homily-backend/internal/services/venue.go:927.2,946.55 2 1
psychic-homily-backend/internal/services/venue.go:946.55,948.3 1 0
psychic-homily-backend/internal/services/venue.go:951.2,951.114 1 1
psychic-homily-backend/internal/services/venue.go:951.114,953.3 1 0
psychic-homily-backend/internal/services/venue.go:955.2,955.64 1 1
psychic-homily-backend/internal/services/venue.go:959.109,960.17 1 1
psychic-homily-backend/internal/services/venue.go:960.17,962.3 1 1
psychic-homily-backend/internal/services/venue.go:964.2,968.16 3 1
psychic-homily-backend/internal/services/venue.go:968.16,969.36 1 1
psychic-homily-backend/internal/services/venue.go:969.36,971.4 1 1
psychic-homily-backend/internal/services/venue.go:972.3,972.64 1 0
psychic-homily-backend/internal/services/venue.go:975.2,975.58 1 1
psychic-homily-backend/internal/services/venue.go:979.108,980.17 1 1
psychic-homily-backend/internal/services/venue.go:980.17,982.3 1 1
psychic-homily-backend/internal/services/venue.go:984.2,985.134 2 1
psychic-homily-backend/internal/services/venue.go:985.134,987.3 1 0
psychic-homily-backend/internal/services/venue.go:989.2,995.16 3 1
psychic-homily-backend/internal/services/venue.go:995.16,997.3 1 0
psychic-homily-backend/internal/services/venue.go:999.2,1000.29 2 1
psychic-homily-backend/internal/services/venue.go:1000.29,1002.3 1 1
psychic-homily-backend/internal/services/venue.go:1004.2,1004.30 1 1
psychic-homily-backend/internal/services/venue.go:1008.92,1009.17 1 1
psychic-homily-backend/internal/services/venue.go:1009.17,1011.3 1 1
psychic-homily-backend/internal/services/venue.go:1013.2,1016.16 3 1
psychic-homily-backend/internal/services/venue.go:1016.16,1017.36 1 0
psychic-homily-backend/internal/services/venue.go:1017.36,1019.4 1 0
psychic-homily-backend/internal/services/venue.go:1020.3,1020.64 1 0
psychic-homily-backend/internal/services/venue.go:1023.2,1023.58 1 1
psychic-homily-backend/internal/services/venue.go:1027.101,1028.17 1 1
psychic-homily-backend/internal/services/venue.go:1028.17,1030.3 1 1
psychic-homily-backend/internal/services/venue.go:1033.2,1034.56 2 1
psychic-homily-backend/internal/services/venue.go:1034.56,1035.36 1 0
psychic-homily-backend/internal/services/venue.go:1035.36,1037.4 1 0
psychic-homily-backend/internal/services/venue.go:1038.3,1038.64 1 0
psychic-homily-backend/internal/services/venue.go:1041.2,1041.50 1 1
psychic-homily-backend/internal/services/venue.go:1041.50,1043.3 1 1
psychic-homily-backend/internal/services/venue.go:1046.2,1047.63 2 1
psychic-homily-backend/internal/services/venue.go:1047.63,1049.3 1 0
psychic-homily-backend/internal/services/venue.go:1052.2,1053.15 2 1
psychic-homily-backend/internal/services/venue.go:1053.15,1054.31 1 1
psychic-homily-backend/internal/services/venue.go:1054.31,1056.4 1 0
psychic-homily-backend/internal/services/venue.go:1060.2,1061.22 2 1
psychic-homily-backend/internal/services/venue.go:1061.22,1063.3 1 1
psychic-homily-backend/internal/services/venue.go:1064.2,1064.25 1 1
psychic-homily-backend/internal/services/venue.go:1064.25,1066.3 1 1
psychic-homily-backend/internal/services/venue.go:1067.2,1067.22 1 1
psychic-homily-backend/internal/services/venue.go:1067.22,1069.3 1 0
psychic-homily-backend/internal/services/venue.go:1070.2,1070.23 1 1
psychic-homily-backend/internal/services/venue.go:1070.23,1072.3 1 0
psychic-homily-backend/internal/services/venue.go:1073.2,1073.25 1 1
psychic-homily-backend/internal/services/venue.go:1073.25,1075.3 1 0
psychic-homily-backend/internal/services/venue.go:1076.2,1076.27 1 1
psychic-homily-backend/internal/services/venue.go:1076.27,1078.3 1 0
psychic-homily-backend/internal/services/venue.go:1079.2,1079.26 1 1
psychic-homily-backend/internal/services/venue.go:1079.26,1081.3 1 0
psychic-homily-backend/internal/services/venue.go:1082.2,1082.25 1 1
psychic-homily-backend/internal/services/venue.go:1082.25,1084.3 1 0
psychic-homily-backend/internal/services/venue.go:1085.2,1085.25 1 1
psychic-homily-backend/internal/services/venue.go:1085.25,1087.3 1 0
psychic-homily-backend/internal/services/venue.go:1088.2,1088.25 1 1
psychic-homily-backend/internal/services/venue.go:1088.25,1090.3 1 0
psychic-homily-backend/internal/services/venue.go:1091.2,1091.28 1 1
psychic-homily-backend/internal/services/venue.go:1091.28,1093.3 1 0
psychic-homily-backend/internal/services/venue.go:1094.2,1094.26 1 1
psychic-homily-backend/internal/services/venue.go:1094.26,1096.3 1 0
psychic-homily-backend/internal/services/venue.go:1097.2,1097.25 1 1
psychic-homily-backend/internal/services/venue.go:1097.25,1099.3 1 0
psychic-homily-backend/internal/services/venue.go:1101.2,1101.22 1 1
psychic-homily-backend/internal/services/venue.go:1101.22,1102.65 1 1
psychic-homily-backend/internal/services/venue.go:1102.65,1105.4 2 0
psychic-homily-backend/internal/services/venue.go:1109.2,1114.23 2 1
psychic-homily-backend/internal/services/venue.go:1114.23,1117.3 2 0
psychic-homily-backend/internal/services/venue.go:1119.2,1119.42 1 1
psychic-homily-backend/internal/services/venue.go:1119.42,1121.3 1 0
psychic-homily-backend/internal/services/venue.go:1124.2,1124.63 1 1
psychic-homily-backend/internal/services/venue.go:1124.63,1126.3 1 0
psychic-homily-backend/internal/services/venue.go:1128.2,1128.42 1 1
psychic-homily-backend/internal/services/venue.go:1132.120,1133.17 1 1
psychic-homily-backend/internal/services/venue.go:1133.17,1135.3 1 1
psychic-homily-backend/internal/services/venue.go:1138.2,1139.56 2 1
psychic-homily-backend/internal/services/venue.go:1139.56,1140.36 1 0
psychic-homily-backend/internal/services/venue.go:1140.36,1142.4 1 0
psychic-homily-backend/internal/services/venue.go:1143.3,1143.64 1 0
psychic-homily-backend/internal/services/venue.go:1146.2,1146.50 1 1
psychic-homily-backend/internal/services/venue.go:1146.50,1148.3 1 1
psychic-homily-backend/internal/services/venue.go:1151.2,1157.23 2 1
psychic-homily-backend/internal/services/venue.go:1157.23,1159.3 1 0
psychic-homily-backend/internal/services/venue.go:1162.2,1162.126 1 1
psychic-homily-backend/internal/services/venue.go:1162.126,1164.3 1 0
psychic-homily-backend/internal/services/venue.go:1166.2,1166.58 1 1
psychic-homily-backend/internal/services/venue.go:1170.79,1171.17 1 1
psychic-homily-backend/internal/services/venue.go:1171.17,1173.3 1 1
psychic-homily-backend/internal/services/venue.go:1176.2,1177.56 2 1
psychic-homily-backend/internal/services/venue.go:1177.56,1178.36 1 0
psychic-homily-backend/internal/services/venue.go:1178.36,1180.4 1 0
psychic-homily-backend/internal/services/venue.go:1181.3,1181.59 1 0
psychic-homily-backend/internal/services/venue.go:1185.2,1185.32 1 1
psychic-homily-backend/internal/services/venue.go:1185.32,1187.3 1 1
psychic-homily-backend/internal/services/venue.go:1189.2,1189.50 1 1
psychic-homily-backend/internal/services/venue.go:1189.50,1191.3 1 0
psychic-homily-backend/internal/services/venue.go:1194.2,1194.49 1 1
psychic-homily-backend/internal/services/venue.go:1194.49,1196.3 1 0
psychic-homily-backend/internal/services/venue.go:1198.2,1198.12 1 1
psychic-homily-backend/internal/services/venue.go:1202.75,1203.17 1 1
psychic-homily-backend/internal/services/venue.go:1203.17,1205.3 1 1
psychic-homily-backend/internal/services/venue.go:1207.2,1208.58 2 1
psychic-homily-backend/internal/services/venue.go:1208.58,1209.36 1 1
psychic-homily-backend/internal/services/venue.go:1209.36,1211.4 1 1
psychic-homily-backend/internal/services/venue.go:1212.3,1212.57 1 0
psychic-homily-backend/internal/services/venue.go:1215.2,1215.20 1 1
psychic-homily-backend/internal/services/venue.go:1234.106,1235.17 1 1
psychic-homily-backend/internal/services/venue.go:1235.17,1237.3 1 1
psychic-homily-backend/internal/services/venue.go:1240.2,1241.101 2 1
psychic-homily-backend/internal/services/venue.go:1241.101,1243.3 1 0
psychic-homily-backend/internal/services/venue.go:1246.2,1264.16 4 1
psychic-homily-backend/internal/services/venue.go:1264.16,1266.3 1 0
psychic-homily-backend/internal/services/venue.go:1269.2,1270.28 2 1
psychic-homily-backend/internal/services/venue.go:1270.28,1272.20 2 1
psychic-homily-backend/internal/services/venue.go:1272.20,1274.4 1 0
psychic-homily-backend/internal/services/venue.go:1275.3,1286.4 1 1
psychic-homily-backend/internal/services/venue.go:1289.2,1289.30 1 1
psychic-homily-backend/internal/services/webauthn.go:26.90,27.21 1 1
psychic-homily-backend/internal/services/webauthn.go:27.21,29.3 1 0
psychic-homily-backend/internal/services/webauthn.go:32.2,33.16 2 1
psychic-homily-backend/internal/services/webauthn.go:33.16,35.3 1 1
psychic-homily-backend/internal/services/webauthn.go:37.2,38.25 2 1
psychic-homily-backend/internal/services/webauthn.go:38.25,40.3 1 1
psychic-homily-backend/internal/services/webauthn.go:42.2,57.16 3 1
psychic-homily-backend/internal/services/webauthn.go:57.16,59.3 1 0
psychic-homily-backend/internal/services/webauthn.go:61.2,65.8 1 1
psychic-homily-backend/internal/services/webauthn.go:69.125,72.86 2 1
psychic-homily-backend/internal/services/webauthn.go:72.86,74.3 1 0
psychic-homily-backend/internal/services/webauthn.go:77.2,78.37 2 1
psychic-homily-backend/internal/services/webauthn.go:78.37,84.3 1 1
psychic-homily-backend/internal/services/webauthn.go:87.2,92.16 2 1
psychic-homily-backend/internal/services/webauthn.go:92.16,94.3 1 0
psychic-homily-backend/internal/services/webauthn.go:96.2,96.30 1 1
psychic-homily-backend/internal/services/webauthn.go:100.201,103.16 2 0
psychic-homily-backend/internal/services/webauthn.go:103.16,105.3 1 0
psychic-homily-backend/internal/services/webauthn.go:108.2,111.56 2 0
psychic-homily-backend/internal/services/webauthn.go:111.56,113.3 1 0
psychic-homily-backend/internal/services/webauthn.go:115.2,115.26 1 0
psychic-homily-backend/internal/services/webauthn.go:119.119,121.86 1 1
psychic-homily-backend/internal/services/webauthn.go:121.86,123.3 1 0
psychic-homily-backend/internal/services/webauthn.go:125.2,125.39 1 1
psychic-homily-backend/internal/services/webauthn.go:125.39,127.3 1 1
psychic-homily-backend/internal/services/webauthn.go:130.2,131.16 2 1
psychic-homily-backend/internal/services/webauthn.go:131.16,133.3 1 0
psychic-homily-backend/internal/services/webauthn.go:135.2,135.30 1 1
psychic-homily-backend/internal/services/webauthn.go:139.114,141.16 2 1
psychic-homily-backend/internal/services/webauthn.go:141.16,143.3 1 0
psychic-homily-backend/internal/services/webauthn.go:145.2,145.30 1 1
psychic-homily-backend/internal/services/webauthn.go:149.175,152.16 2 0
psychic-homily-backend/internal/services/webauthn.go:152.16,154.3 1 0
psychic-homily-backend/internal/services/webauthn.go:157.2,158.123 2 0
psychic-homily-backend/internal/services/webauthn.go:158.123,160.3 1 0
psychic-homily-backend/internal/services/webauthn.go:163.2,168.55 5 0
psychic-homily-backend/internal/services/webauthn.go:168.55,170.3 1 0
psychic-homily-backend/internal/services/webauthn.go:172.2,172.27 1 0
psychic-homily-backend/internal/services/webauthn.go:176.182,179.115 2 0
psychic-homily-backend/internal/services/webauthn.go:179.115,181.3 1 0
psychic-homily-backend/internal/services/webauthn.go:184.2,185.99 2 0
psychic-homily-backend/internal/services/webauthn.go:185.99,187.3 1 0
psychic-homily-backend/internal/services/webauthn.go:190.2,191.57 1 0
psychic-homily-backend/internal/services/webauthn.go:191.57,193.4 1 0
psychic-homily-backend/internal/services/webauthn.go:197.2,197.16 1 0
psychic-homily-backend/internal/services/webauthn.go:197.16,199.3 1 0
psychic-homily-backend/internal/services/webauthn.go:202.2,207.55 5 0
psychic-homily-backend/internal/services/webauthn.go:207.55,209.3 1 0
psychic-homily-backend/internal/services/webauthn.go:211.2,211.34 1 0
psychic-homily-backend/internal/services/webauthn.go:215.96,217.108 2 1
psychic-homily-backend/internal/services/webauthn.go:217.108,219.3 1 0
psychic-homily-backend/internal/services/webauthn.go:220.2,220.25 1 1
psychic-homily-backend/internal/services/webauthn.go:224.82,226.25 2 1
psychic-homily-backend/internal/services/webauthn.go:226.25,228.3 1 0
psychic-homily-backend/internal/services/webauthn.go:229.2,229.30 1 1
psychic-homily-backend/internal/services/webauthn.go:229.30,231.3 1 1
psychic-homily-backend/internal/services/webauthn.go:232.2,232.12 1 1
psychic-homily-backend/internal/services/webauthn.go:236.106,240.25 2 1
psychic-homily-backend/internal/services/webauthn.go:240.25,242.3 1 0
psychic-homily-backend/internal/services/webauthn.go:243.2,243.30 1 1
psychic-homily-backend/internal/services/webauthn.go:243.30,245.3 1 1
psychic-homily-backend/internal/services/webauthn.go:246.2,246.12 1 1
psychic-homily-backend/internal/services/webauthn.go:252.120,254.16 2 1
psychic-homily-backend/internal/services/webauthn.go:254.16,256.3 1 0
psychic-homily-backend/internal/services/webauthn.go:258.2,267.54 2 1
psychic-homily-backend/internal/services/webauthn.go:267.54,269.3 1 0
psychic-homily-backend/internal/services/webauthn.go:271.2,271.26 1 1
psychic-homily-backend/internal/services/webauthn.go:275.115,277.111 2 1
psychic-homily-backend/internal/services/webauthn.go:277.111,279.3 1 1
psychic-homily-backend/internal/services/webauthn.go:282.2,282.27 1 1
psychic-homily-backend/internal/services/webauthn.go:282.27,285.3 2 1
psychic-homily-backend/internal/services/webauthn.go:288.2,289.72 2 1
psychic-homily-backend/internal/services/webauthn.go:289.72,291.3 1 0
psychic-homily-backend/internal/services/webauthn.go:293.2,293.40 1 1
psychic-homily-backend/internal/services/webauthn.go:297.69,299.2 1 1
psychic-homily-backend/internal/services/webauthn.go:302.60,304.2 1 1
psychic-homily-backend/internal/services/webauthn.go:313.42,316.2 1 1
psychic-homily-backend/internal/services/webauthn.go:318.44,320.2 1 1
psychic-homily-backend/internal/services/webauthn.go:322.51,324.2 1 1
psychic-homily-backend/internal/services/webauthn.go:326.66,328.2 1 0
psychic-homily-backend/internal/services/webauthn.go:330.44,332.2 1 0
psychic-homily-backend/internal/services/webauthn.go:341.128,349.16 3 1
psychic-homily-backend/internal/services/webauthn.go:349.16,351.3 1 0
psychic-homily-backend/internal/services/webauthn.go:353.2,353.30 1 1
psychic-homily-backend/internal/services/webauthn.go:357.130,365.16 3 1
psychic-homily-backend/internal/services/webauthn.go:365.16,367.3 1 0
psychic-homily-backend/internal/services/webauthn.go:369.2,378.54 2 1
psychic-homily-backend/internal/services/webauthn.go:378.54,380.3 1 0
psychic-homily-backend/internal/services/webauthn.go:382.2,382.26 1 1
psychic-homily-backend/internal/services/webauthn.go:386.126,388.111 2 1
psychic-homily-backend/internal/services/webauthn.go:388.111,390.3 1 1
psychic-homily-backend/internal/services/webauthn.go:393.2,393.27 1 1
psychic-homily-backend/internal/services/webauthn.go:393.27,396.3 2 1
psychic-homily-backend/internal/services/webauthn.go:399.2,400.72 2 1
psychic-homily-backend/internal/services/webauthn.go:400.72,402.3 1 0
psychic-homily-backend/internal/services/webauthn.go:404.2,404.44 1 1
psychic-homily-backend/internal/services/webauthn.go:408.188,414.16 3 0
psychic-homily-backend/internal/services/webauthn.go:414.16,416.3 1 0
psychic-homily-backend/internal/services/webauthn.go:419.2,420.15 2 0
psychic-homily-backend/internal/services/webauthn.go:420.15,421.31 1 0
psychic-homily-backend/internal/services/webauthn.go:421.31,423.4 1 0
psychic-homily-backend/internal/services/webauthn.go:427.2,433.46 2 0
psychic-homily-backend/internal/services/webauthn.go:433.46,436.3 2 0
psychic-homily-backend/internal/services/webauthn.go:439.2,443.53 2 0
psychic-homily-backend/internal/services/webauthn.go:443.53,446.3 2 0
psychic-homily-backend/internal/services/webauthn.go:449.2,451.54 2 0
psychic-homily-backend/internal/services/webauthn.go:451.54,454.3 2 0
psychic-homily-backend/internal/services/webauthn.go:456.2,456.42 1 0
psychic-homily-backend/internal/services/webauthn.go:456.42,458.3 1 0
psychic-homily-backend/internal/services/webauthn.go:461.2,461.79 1 0
psychic-homily-backend/internal/services/webauthn.go:461.79,463.3 1 0
psychic-homily-backend/internal/services/webauthn.go:465.2,465.18 1 0
