mode: set
psychic-homily-backend/internal/services/auth.go:25.108,27.2 1 1
psychic-homily-backend/internal/services/auth.go:38.54,45.2 1 1
psychic-homily-backend/internal/services/auth.go:48.97,50.14 1 1
psychic-homily-backend/internal/services/auth.go:50.14,52.3 1 1
psychic-homily-backend/internal/services/auth.go:55.2,61.12 5 1
psychic-homily-backend/internal/services/auth.go:65.124,67.17 1 1
psychic-homily-backend/internal/services/auth.go:67.17,69.6 1 1
psychic-homily-backend/internal/services/auth.go:71.5,77.19 5 1
psychic-homily-backend/internal/services/auth.go:77.19,79.6 1 1
psychic-homily-backend/internal/services/auth.go:81.5,85.19 3 1
psychic-homily-backend/internal/services/auth.go:85.19,87.6 1 1
psychic-homily-backend/internal/services/auth.go:90.5,91.19 2 0
psychic-homily-backend/internal/services/auth.go:91.19,93.6 1 0
psychic-homily-backend/internal/services/auth.go:95.5,95.28 1 0
psychic-homily-backend/internal/services/auth.go:100.73,102.2 1 1
psychic-homily-backend/internal/services/auth.go:105.75,107.2 1 1
psychic-homily-backend/internal/services/auth.go:110.76,114.2 1 1
psychic-homily-backend/internal/services/auth.go:117.67,119.2 1 1
psychic-homily-backend/internal/services/jwt.go:17.52,19.2 1 1
psychic-homily-backend/internal/services/jwt.go:22.69,34.2 3 1
psychic-homily-backend/internal/services/jwt.go:37.78,38.83 1 1
psychic-homily-backend/internal/services/jwt.go:38.83,39.58 1 1
psychic-homily-backend/internal/services/jwt.go:39.58,41.4 1 0
psychic-homily-backend/internal/services/jwt.go:42.3,42.45 1 1
psychic-homily-backend/internal/services/jwt.go:45.2,45.16 1 1
psychic-homily-backend/internal/services/jwt.go:45.16,47.3 1 1
psychic-homily-backend/internal/services/jwt.go:49.2,49.67 1 1
psychic-homily-backend/internal/services/jwt.go:49.67,54.29 3 1
psychic-homily-backend/internal/services/jwt.go:54.29,57.4 2 1
psychic-homily-backend/internal/services/jwt.go:59.3,62.9 1 1
psychic-homily-backend/internal/services/jwt.go:65.2,65.48 1 0
psychic-homily-backend/internal/services/jwt.go:69.71,71.16 2 1
psychic-homily-backend/internal/services/jwt.go:71.16,73.3 1 1
psychic-homily-backend/internal/services/jwt.go:75.2,75.28 1 1
psychic-homily-backend/internal/services/user.go:19.36,23.2 1 1
psychic-homily-backend/internal/services/user.go:26.99,27.17 1 1
psychic-homily-backend/internal/services/user.go:27.17,29.3 1 1
psychic-homily-backend/internal/services/user.go:32.2,38.25 3 1
psychic-homily-backend/internal/services/user.go:38.25,41.118 2 1
psychic-homily-backend/internal/services/user.go:41.118,43.4 1 0
psychic-homily-backend/internal/services/user.go:44.3,44.20 1 1
psychic-homily-backend/internal/services/user.go:47.2,47.44 1 1
psychic-homily-backend/internal/services/user.go:47.44,49.3 1 0
psychic-homily-backend/internal/services/user.go:52.2,53.26 2 1
psychic-homily-backend/internal/services/user.go:53.26,55.26 2 1
psychic-homily-backend/internal/services/user.go:55.26,58.4 1 0
psychic-homily-backend/internal/services/user.go:59.3,59.45 1 1
psychic-homily-backend/internal/services/user.go:59.45,61.4 1 0
psychic-homily-backend/internal/services/user.go:65.2,65.44 1 1
psychic-homily-backend/internal/services/user.go:69.96,70.17 1 1
psychic-homily-backend/internal/services/user.go:70.17,72.3 1 1
psychic-homily-backend/internal/services/user.go:75.2,76.15 2 1
psychic-homily-backend/internal/services/user.go:76.15,77.31 1 1
psychic-homily-backend/internal/services/user.go:77.31,79.4 1 0
psychic-homily-backend/internal/services/user.go:83.2,92.46 2 1
psychic-homily-backend/internal/services/user.go:92.46,95.3 2 0
psychic-homily-backend/internal/services/user.go:98.2,110.34 2 1
psychic-homily-backend/internal/services/user.go:110.34,112.3 1 1
psychic-homily-backend/internal/services/user.go:114.2,114.54 1 1
psychic-homily-backend/internal/services/user.go:114.54,117.3 2 0
psychic-homily-backend/internal/services/user.go:120.2,124.53 2 1
psychic-homily-backend/internal/services/user.go:124.53,127.3 2 0
psychic-homily-backend/internal/services/user.go:130.2,130.42 1 1
psychic-homily-backend/internal/services/user.go:130.42,132.3 1 0
psychic-homily-backend/internal/services/user.go:135.2,135.104 1 1
psychic-homily-backend/internal/services/user.go:135.104,137.3 1 0
psychic-homily-backend/internal/services/user.go:139.2,139.18 1 1
psychic-homily-backend/internal/services/user.go:143.118,144.17 1 1
psychic-homily-backend/internal/services/user.go:144.17,146.3 1 1
psychic-homily-backend/internal/services/user.go:149.2,152.16 3 1
psychic-homily-backend/internal/services/user.go:152.16,160.35 6 1
psychic-homily-backend/internal/services/user.go:160.35,162.4 1 1
psychic-homily-backend/internal/services/user.go:164.3,164.57 1 1
psychic-homily-backend/internal/services/user.go:164.57,166.4 1 0
psychic-homily-backend/internal/services/user.go:167.8,167.42 1 1
psychic-homily-backend/internal/services/user.go:167.42,181.35 2 1
psychic-homily-backend/internal/services/user.go:181.35,183.4 1 1
psychic-homily-backend/internal/services/user.go:185.3,185.57 1 1
psychic-homily-backend/internal/services/user.go:185.57,187.4 1 0
psychic-homily-backend/internal/services/user.go:188.8,190.3 1 0
psychic-homily-backend/internal/services/user.go:193.2,193.104 1 1
psychic-homily-backend/internal/services/user.go:193.104,195.3 1 0
psychic-homily-backend/internal/services/user.go:197.2,197.18 1 1
psychic-homily-backend/internal/services/user.go:201.70,202.17 1 1
psychic-homily-backend/internal/services/user.go:202.17,204.3 1 1
psychic-homily-backend/internal/services/user.go:206.2,212.25 3 1
psychic-homily-backend/internal/services/user.go:212.25,214.3 1 0
psychic-homily-backend/internal/services/user.go:216.2,216.19 1 1
psychic-homily-backend/internal/services/user.go:220.74,221.17 1 1
psychic-homily-backend/internal/services/user.go:221.17,223.3 1 1
psychic-homily-backend/internal/services/user.go:225.2,232.25 3 1
psychic-homily-backend/internal/services/user.go:232.25,233.45 1 1
psychic-homily-backend/internal/services/user.go:233.45,235.4 1 1
psychic-homily-backend/internal/services/user.go:236.3,236.65 1 0
psychic-homily-backend/internal/services/user.go:239.2,239.19 1 1
psychic-homily-backend/internal/services/user.go:242.80,243.17 1 1
psychic-homily-backend/internal/services/user.go:243.17,245.3 1 1
psychic-homily-backend/internal/services/user.go:247.2,254.25 3 1
psychic-homily-backend/internal/services/user.go:254.25,255.45 1 1
psychic-homily-backend/internal/services/user.go:255.45,257.4 1 1
psychic-homily-backend/internal/services/user.go:258.3,258.65 1 0
psychic-homily-backend/internal/services/user.go:261.2,261.19 1 1
psychic-homily-backend/internal/services/user.go:265.93,266.17 1 1
psychic-homily-backend/internal/services/user.go:266.17,268.3 1 1
psychic-homily-backend/internal/services/user.go:270.2,276.25 3 1
psychic-homily-backend/internal/services/user.go:276.25,278.3 1 0
psychic-homily-backend/internal/services/user.go:280.2,280.30 1 1
