mode: set
psychic-homily-backend/internal/utils/slug.go:18.43,37.2 7 1
psychic-homily-backend/internal/utils/slug.go:41.45,43.2 1 1
psychic-homily-backend/internal/utils/slug.go:47.57,49.2 1 1
psychic-homily-backend/internal/utils/slug.go:53.84,56.2 2 1
psychic-homily-backend/internal/utils/slug.go:60.85,61.28 1 1
psychic-homily-backend/internal/utils/slug.go:61.28,63.3 1 1
psychic-homily-backend/internal/utils/slug.go:66.2,66.28 1 1
psychic-homily-backend/internal/utils/slug.go:66.28,68.30 2 1
psychic-homily-backend/internal/utils/slug.go:68.30,70.4 1 1
psychic-homily-backend/internal/utils/slug.go:74.2,74.62 1 1
